20:33:27.701 [main] INFO  o.s.web.context.ContextLoader - Root WebApplicationContext: initialization started
20:33:28.340 [main] INFO  o.s.w.c.s.XmlWebApplicationContext - Refreshing Root WebApplicationContext: startup date [Sun Jul 31 20:33:28 CST 2016]; root of context hierarchy
20:33:28.720 [main] INFO  o.s.b.f.xml.XmlBeanDefinitionReader - Loading XML bean definitions from file [D:\projects\kkmy\lab\lab-web\target\classes\config\spring-mybatis.xml]
20:33:29.199 [main] INFO  o.s.b.f.xml.XmlBeanDefinitionReader - Loading XML bean definitions from file [D:\projects\kkmy\lab\lab-web\target\classes\config\spring-service.xml]
20:33:31.155 [main] INFO  o.s.b.f.c.PropertyPlaceholderConfigurer - Loading properties file from class path resource [config/config_test.properties]
20:33:31.375 [main] INFO  o.s.b.f.s.DefaultListableBeanFactory - Pre-instantiating singletons in org.springframework.beans.factory.support.DefaultListableBeanFactory@43ebf4ff: defining beans [org.springframework.beans.factory.config.PropertyPlaceholderConfigurer#0,dataSource,sqlSessionFactory,org.mybatis.spring.mapper.MapperScannerConfigurer#0,mvcContentNegotiationManager,org.springframework.web.servlet.mvc.method.annotation.RequestMappingHandlerMapping#0,org.springframework.format.support.FormattingConversionServiceFactoryBean#0,org.springframework.web.servlet.mvc.method.annotation.RequestMappingHandlerAdapter#0,org.springframework.web.servlet.handler.MappedInterceptor#0,org.springframework.web.servlet.mvc.method.annotation.ExceptionHandlerExceptionResolver#0,org.springframework.web.servlet.mvc.annotation.ResponseStatusExceptionResolver#0,org.springframework.web.servlet.mvc.support.DefaultHandlerExceptionResolver#0,org.springframework.web.servlet.handler.BeanNameUrlHandlerMapping,org.springframework.web.servlet.mvc.HttpRequestHandlerAdapter,org.springframework.web.servlet.mvc.SimpleControllerHandlerAdapter,alibaichuanService,buyNewService,imageService,org.springframework.context.annotation.internalConfigurationAnnotationProcessor,org.springframework.context.annotation.internalAutowiredAnnotationProcessor,org.springframework.context.annotation.internalRequiredAnnotationProcessor,org.springframework.context.annotation.internalCommonAnnotationProcessor,redisCacheManager,transactionManager,org.springframework.aop.config.internalAutoProxyCreator,org.springframework.transaction.annotation.AnnotationTransactionAttributeSource#0,org.springframework.transaction.interceptor.TransactionInterceptor#0,org.springframework.transaction.config.internalTransactionAdvisor,jedisPoolConfig,jedisConnectionFactory,redisTemplate,org.springframework.context.annotation.ConfigurationClassPostProcessor.importAwareProcessor,activityDetailMapper,brandFashionMapper,brandMapper,buynewActivityMapper,buyPoolsMapper,fashionClassifyMapper,fashionMapper,hotLableMapper,poolFashionMapper,searchMapper,venueMapper]; root of factory hierarchy
20:33:35.934 [main] INFO  o.s.web.context.ContextLoader - Root WebApplicationContext: initialization completed in 8204 ms
20:33:36.095 [main] INFO  o.s.web.servlet.DispatcherServlet - FrameworkServlet 'lab-web': initialization started
20:33:36.105 [main] INFO  o.s.w.c.s.XmlWebApplicationContext - Refreshing WebApplicationContext for namespace 'lab-web-servlet': startup date [Sun Jul 31 20:33:36 CST 2016]; parent: Root WebApplicationContext
20:33:36.106 [main] INFO  o.s.b.f.xml.XmlBeanDefinitionReader - Loading XML bean definitions from class path resource [config/springmvc.xml]
20:33:36.370 [main] INFO  o.s.b.f.s.DefaultListableBeanFactory - Pre-instantiating singletons in org.springframework.beans.factory.support.DefaultListableBeanFactory@20d75cf7: defining beans [mvcContentNegotiationManager,org.springframework.web.servlet.mvc.method.annotation.RequestMappingHandlerMapping#0,org.springframework.format.support.FormattingConversionServiceFactoryBean#0,org.springframework.web.servlet.mvc.method.annotation.RequestMappingHandlerAdapter#0,org.springframework.web.servlet.handler.MappedInterceptor#0,org.springframework.web.servlet.mvc.method.annotation.ExceptionHandlerExceptionResolver#0,org.springframework.web.servlet.mvc.annotation.ResponseStatusExceptionResolver#0,org.springframework.web.servlet.mvc.support.DefaultHandlerExceptionResolver#0,org.springframework.web.servlet.handler.BeanNameUrlHandlerMapping,org.springframework.web.servlet.mvc.HttpRequestHandlerAdapter,org.springframework.web.servlet.mvc.SimpleControllerHandlerAdapter,buyNewController,exceptionController,org.springframework.context.annotation.internalConfigurationAnnotationProcessor,org.springframework.context.annotation.internalAutowiredAnnotationProcessor,org.springframework.context.annotation.internalRequiredAnnotationProcessor,org.springframework.context.annotation.internalCommonAnnotationProcessor,viewResolver,org.springframework.context.annotation.ConfigurationClassPostProcessor.importAwareProcessor]; parent: org.springframework.beans.factory.support.DefaultListableBeanFactory@43ebf4ff
20:33:36.559 [main] INFO  o.s.w.s.m.m.a.RequestMappingHandlerMapping - Mapped "{[/buynew/V1/search],methods=[],params=[],headers=[],consumes=[],produces=[],custom=[]}" onto public void com.group.lab.controller.BuyNewController.search(javax.servlet.http.HttpServletRequest,javax.servlet.http.HttpServletResponse)
20:33:36.560 [main] INFO  o.s.w.s.m.m.a.RequestMappingHandlerMapping - Mapped "{[/buynew/V1/receiveMsg],methods=[],params=[],headers=[],consumes=[],produces=[],custom=[]}" onto public void com.group.lab.controller.BuyNewController.receiveMsg(javax.servlet.http.HttpServletRequest,javax.servlet.http.HttpServletResponse) throws com.taobao.api.internal.toplink.LinkException
20:33:36.560 [main] INFO  o.s.w.s.m.m.a.RequestMappingHandlerMapping - Mapped "{[/buynew/V1/getActivitys],methods=[],params=[],headers=[],consumes=[],produces=[],custom=[]}" onto public void com.group.lab.controller.BuyNewController.getActivitys(javax.servlet.http.HttpServletRequest,javax.servlet.http.HttpServletResponse)
20:33:36.561 [main] INFO  o.s.w.s.m.m.a.RequestMappingHandlerMapping - Mapped "{[/buynew/V1/getSYFashionPoolData],methods=[],params=[],headers=[],consumes=[],produces=[],custom=[]}" onto public void com.group.lab.controller.BuyNewController.getSYFashionPoolData(javax.servlet.http.HttpServletRequest,javax.servlet.http.HttpServletResponse)
20:33:36.593 [main] INFO  o.s.w.s.m.m.a.RequestMappingHandlerMapping - Mapped "{[/buynew/V1/getPoolFashions],methods=[],params=[],headers=[],consumes=[],produces=[],custom=[]}" onto public void com.group.lab.controller.BuyNewController.getPoolFashions(javax.servlet.http.HttpServletRequest,javax.servlet.http.HttpServletResponse)
20:33:36.594 [main] INFO  o.s.w.s.m.m.a.RequestMappingHandlerMapping - Mapped "{[/buynew/V1/getSaleFashions],methods=[],params=[],headers=[],consumes=[],produces=[],custom=[]}" onto public void com.group.lab.controller.BuyNewController.getSaleFashions(javax.servlet.http.HttpServletRequest,javax.servlet.http.HttpServletResponse)
20:33:36.594 [main] INFO  o.s.w.s.m.m.a.RequestMappingHandlerMapping - Mapped "{[/buynew/V1/getMainBrandData],methods=[],params=[],headers=[],consumes=[],produces=[],custom=[]}" onto public void com.group.lab.controller.BuyNewController.getMainBrandData(javax.servlet.http.HttpServletRequest,javax.servlet.http.HttpServletResponse)
20:33:36.595 [main] INFO  o.s.w.s.m.m.a.RequestMappingHandlerMapping - Mapped "{[/buynew/V1/getBrandData],methods=[],params=[],headers=[],consumes=[],produces=[],custom=[]}" onto public void com.group.lab.controller.BuyNewController.getBrandData(javax.servlet.http.HttpServletRequest,javax.servlet.http.HttpServletResponse)
20:33:36.595 [main] INFO  o.s.w.s.m.m.a.RequestMappingHandlerMapping - Mapped "{[/buynew/V1/getVenueData],methods=[],params=[],headers=[],consumes=[],produces=[],custom=[]}" onto public void com.group.lab.controller.BuyNewController.getVenueData(javax.servlet.http.HttpServletRequest,javax.servlet.http.HttpServletResponse)
20:33:36.595 [main] INFO  o.s.w.s.m.m.a.RequestMappingHandlerMapping - Mapped "{[/buynew/V1/getVenues],methods=[],params=[],headers=[],consumes=[],produces=[],custom=[]}" onto public void com.group.lab.controller.BuyNewController.getVenues(javax.servlet.http.HttpServletRequest,javax.servlet.http.HttpServletResponse)
20:33:36.596 [main] INFO  o.s.w.s.m.m.a.RequestMappingHandlerMapping - Mapped "{[/buynew/V1/getVenueBrands],methods=[],params=[],headers=[],consumes=[],produces=[],custom=[]}" onto public void com.group.lab.controller.BuyNewController.getVenueBrands(javax.servlet.http.HttpServletRequest,javax.servlet.http.HttpServletResponse)
20:33:36.596 [main] INFO  o.s.w.s.m.m.a.RequestMappingHandlerMapping - Mapped "{[/buynew/V1/getVenueFashions],methods=[],params=[],headers=[],consumes=[],produces=[],custom=[]}" onto public void com.group.lab.controller.BuyNewController.getVenueFashions(javax.servlet.http.HttpServletRequest,javax.servlet.http.HttpServletResponse)
20:33:36.597 [main] INFO  o.s.w.s.m.m.a.RequestMappingHandlerMapping - Mapped "{[/buynew/V1/getBrands],methods=[],params=[],headers=[],consumes=[],produces=[],custom=[]}" onto public void com.group.lab.controller.BuyNewController.getBrands(javax.servlet.http.HttpServletRequest,javax.servlet.http.HttpServletResponse)
20:33:36.598 [main] INFO  o.s.w.s.m.m.a.RequestMappingHandlerMapping - Mapped "{[/buynew/V1/getBrandFashions],methods=[],params=[],headers=[],consumes=[],produces=[],custom=[]}" onto public void com.group.lab.controller.BuyNewController.getBrandFashions(javax.servlet.http.HttpServletRequest,javax.servlet.http.HttpServletResponse)
20:33:36.599 [main] INFO  o.s.w.s.m.m.a.RequestMappingHandlerMapping - Mapped "{[/buynew/V1/getFashionClassify],methods=[],params=[],headers=[],consumes=[],produces=[],custom=[]}" onto public void com.group.lab.controller.BuyNewController.getFashionClassify(javax.servlet.http.HttpServletRequest,javax.servlet.http.HttpServletResponse)
20:33:36.599 [main] INFO  o.s.w.s.m.m.a.RequestMappingHandlerMapping - Mapped "{[/buynew/V1/getLeafClassify],methods=[],params=[],headers=[],consumes=[],produces=[],custom=[]}" onto public void com.group.lab.controller.BuyNewController.getLeafClassify(javax.servlet.http.HttpServletRequest,javax.servlet.http.HttpServletResponse)
20:33:36.600 [main] INFO  o.s.w.s.m.m.a.RequestMappingHandlerMapping - Mapped "{[/buynew/V1/getHotLabels],methods=[],params=[],headers=[],consumes=[],produces=[],custom=[]}" onto public void com.group.lab.controller.BuyNewController.getHotLabels(javax.servlet.http.HttpServletRequest,javax.servlet.http.HttpServletResponse)
20:33:36.600 [main] INFO  o.s.w.s.m.m.a.RequestMappingHandlerMapping - Mapped "{[/buynew/V1/getHotSearch],methods=[],params=[],headers=[],consumes=[],produces=[],custom=[]}" onto public void com.group.lab.controller.BuyNewController.getHotSearch(javax.servlet.http.HttpServletRequest,javax.servlet.http.HttpServletResponse)
20:33:36.600 [main] INFO  o.s.w.s.m.m.a.RequestMappingHandlerMapping - Mapped "{[/buynew/V1/getFashionDetail],methods=[],params=[],headers=[],consumes=[],produces=[],custom=[]}" onto public void com.group.lab.controller.BuyNewController.getFashionDetail(javax.servlet.http.HttpServletRequest,javax.servlet.http.HttpServletResponse)
20:33:36.601 [main] INFO  o.s.w.s.m.m.a.RequestMappingHandlerMapping - Mapped "{[/buynew/V1/getActivityDetail],methods=[],params=[],headers=[],consumes=[],produces=[],custom=[]}" onto public void com.group.lab.controller.BuyNewController.getActivityDetail(javax.servlet.http.HttpServletRequest,javax.servlet.http.HttpServletResponse)
20:33:36.812 [main] INFO  o.s.w.s.m.m.a.ExceptionHandlerExceptionResolver - Detected @ExceptionHandler methods in exceptionController
20:33:36.965 [main] INFO  o.s.web.servlet.DispatcherServlet - FrameworkServlet 'lab-web': initialization completed in 864 ms
20:34:40.285 [main] INFO  o.s.web.context.ContextLoader - Root WebApplicationContext: initialization started
20:34:40.410 [main] INFO  o.s.w.c.s.XmlWebApplicationContext - Refreshing Root WebApplicationContext: startup date [Sun Jul 31 20:34:40 CST 2016]; root of context hierarchy
20:34:40.614 [main] INFO  o.s.b.f.xml.XmlBeanDefinitionReader - Loading XML bean definitions from file [D:\projects\kkmy\lab\lab-alibaba\target\classes\config\spring-mybatis.xml]
20:34:40.811 [main] INFO  o.s.b.f.xml.XmlBeanDefinitionReader - Loading XML bean definitions from file [D:\projects\kkmy\lab\lab-alibaba\target\classes\config\spring-service.xml]
20:34:41.367 [main] INFO  o.s.b.f.c.PropertyPlaceholderConfigurer - Loading properties file from class path resource [config/config_test.properties]
20:34:41.521 [main] INFO  o.s.b.f.s.DefaultListableBeanFactory - Pre-instantiating singletons in org.springframework.beans.factory.support.DefaultListableBeanFactory@55291cd: defining beans [org.springframework.beans.factory.config.PropertyPlaceholderConfigurer#0,mvcContentNegotiationManager,org.springframework.web.servlet.mvc.method.annotation.RequestMappingHandlerMapping#0,org.springframework.format.support.FormattingConversionServiceFactoryBean#0,org.springframework.web.servlet.mvc.method.annotation.RequestMappingHandlerAdapter#0,org.springframework.web.servlet.handler.MappedInterceptor#0,org.springframework.web.servlet.mvc.method.annotation.ExceptionHandlerExceptionResolver#0,org.springframework.web.servlet.mvc.annotation.ResponseStatusExceptionResolver#0,org.springframework.web.servlet.mvc.support.DefaultHandlerExceptionResolver#0,org.springframework.web.servlet.handler.BeanNameUrlHandlerMapping,org.springframework.web.servlet.mvc.HttpRequestHandlerAdapter,org.springframework.web.servlet.mvc.SimpleControllerHandlerAdapter,aliBaichuanService,imageService,org.springframework.context.annotation.internalConfigurationAnnotationProcessor,org.springframework.context.annotation.internalAutowiredAnnotationProcessor,org.springframework.context.annotation.internalRequiredAnnotationProcessor,org.springframework.context.annotation.internalCommonAnnotationProcessor,redisCacheManager,jedisPoolConfig,jedisConnectionFactory,redisTemplate,org.springframework.context.annotation.ConfigurationClassPostProcessor.importAwareProcessor]; root of factory hierarchy
20:34:42.075 [main] INFO  o.s.web.context.ContextLoader - Root WebApplicationContext: initialization completed in 1786 ms
20:34:42.136 [main] INFO  o.s.web.servlet.DispatcherServlet - FrameworkServlet 'lab-alibaba': initialization started
20:34:42.140 [main] INFO  o.s.w.c.s.XmlWebApplicationContext - Refreshing WebApplicationContext for namespace 'lab-alibaba-servlet': startup date [Sun Jul 31 20:34:42 CST 2016]; parent: Root WebApplicationContext
20:34:42.141 [main] INFO  o.s.b.f.xml.XmlBeanDefinitionReader - Loading XML bean definitions from class path resource [config/springmvc.xml]
20:34:42.341 [main] INFO  o.s.b.f.s.DefaultListableBeanFactory - Pre-instantiating singletons in org.springframework.beans.factory.support.DefaultListableBeanFactory@5a81b83c: defining beans [mvcContentNegotiationManager,org.springframework.web.servlet.mvc.method.annotation.RequestMappingHandlerMapping#0,org.springframework.format.support.FormattingConversionServiceFactoryBean#0,org.springframework.web.servlet.mvc.method.annotation.RequestMappingHandlerAdapter#0,org.springframework.web.servlet.handler.MappedInterceptor#0,org.springframework.web.servlet.mvc.method.annotation.ExceptionHandlerExceptionResolver#0,org.springframework.web.servlet.mvc.annotation.ResponseStatusExceptionResolver#0,org.springframework.web.servlet.mvc.support.DefaultHandlerExceptionResolver#0,org.springframework.web.servlet.handler.BeanNameUrlHandlerMapping,org.springframework.web.servlet.mvc.HttpRequestHandlerAdapter,org.springframework.web.servlet.mvc.SimpleControllerHandlerAdapter,aliBaichuanController,exceptionController,org.springframework.context.annotation.internalConfigurationAnnotationProcessor,org.springframework.context.annotation.internalAutowiredAnnotationProcessor,org.springframework.context.annotation.internalRequiredAnnotationProcessor,org.springframework.context.annotation.internalCommonAnnotationProcessor,viewResolver,org.springframework.context.annotation.ConfigurationClassPostProcessor.importAwareProcessor]; parent: org.springframework.beans.factory.support.DefaultListableBeanFactory@55291cd
20:34:42.612 [main] INFO  o.s.w.s.m.m.a.RequestMappingHandlerMapping - Mapped "{[/baichuan/taobaoTaeItemsList],methods=[],params=[],headers=[],consumes=[],produces=[],custom=[]}" onto public void com.group.alibaba.controller.AliBaichuanController.taobaoTaeItemsList(javax.servlet.http.HttpServletRequest,javax.servlet.http.HttpServletResponse) throws com.taobao.api.ApiException
20:34:42.613 [main] INFO  o.s.w.s.m.m.a.RequestMappingHandlerMapping - Mapped "{[/baichuan/taobaoTaeItemDetailGet],methods=[],params=[],headers=[],consumes=[],produces=[],custom=[]}" onto public void com.group.alibaba.controller.AliBaichuanController.taobaoTaeItemDetailGet(javax.servlet.http.HttpServletRequest,javax.servlet.http.HttpServletResponse) throws com.taobao.api.ApiException
20:34:42.824 [main] INFO  o.s.w.s.m.m.a.ExceptionHandlerExceptionResolver - Detected @ExceptionHandler methods in exceptionController
20:34:42.916 [main] INFO  o.s.web.servlet.DispatcherServlet - FrameworkServlet 'lab-alibaba': initialization completed in 780 ms
20:35:00.363 [2067178556@qtp-1566695349-0] INFO  c.g.core.controller.BaseController - 请求接口：getSYFashionPoolData
20:35:07.631 [2067178556@qtp-1566695349-0] INFO  o.s.b.f.xml.XmlBeanDefinitionReader - Loading XML bean definitions from class path resource [org/springframework/jdbc/support/sql-error-codes.xml]
20:35:07.678 [2067178556@qtp-1566695349-0] INFO  o.s.j.support.SQLErrorCodesFactory - SQLErrorCodes loaded: [DB2, Derby, H2, HSQL, Informix, MS-SQL, MySQL, Oracle, PostgreSQL, Sybase]
20:35:08.780 [2067178556@qtp-1566695349-0] ERROR o.s.w.s.HandlerExceptionResolver - 操作错误-
### Error querying database.  Cause: com.mysql.jdbc.exceptions.jdbc4.MySQLSyntaxErrorException: Table 'lab_test.lan_pool_fashion' doesn't exist
### The error may exist in file [D:\projects\kkmy\lab\lab-web\target\classes\mappers\PoolFashionMapper.xml]
### The error may involve com.group.lab.dao.PoolFashionMapper.selectByExample-Inline
### The error occurred while setting parameters
### SQL: select                 id, buy_pools_id, num_iid, stick_time         from lan_pool_fashion                    WHERE (  buy_pools_id = ? )                        order by stick_time DESC            limit ?,?
### Cause: com.mysql.jdbc.exceptions.jdbc4.MySQLSyntaxErrorException: Table 'lab_test.lan_pool_fashion' doesn't exist
; bad SQL grammar []; nested exception is com.mysql.jdbc.exceptions.jdbc4.MySQLSyntaxErrorException: Table 'lab_test.lan_pool_fashion' doesn't exist
org.springframework.jdbc.BadSqlGrammarException: 
### Error querying database.  Cause: com.mysql.jdbc.exceptions.jdbc4.MySQLSyntaxErrorException: Table 'lab_test.lan_pool_fashion' doesn't exist
### The error may exist in file [D:\projects\kkmy\lab\lab-web\target\classes\mappers\PoolFashionMapper.xml]
### The error may involve com.group.lab.dao.PoolFashionMapper.selectByExample-Inline
### The error occurred while setting parameters
### SQL: select                 id, buy_pools_id, num_iid, stick_time         from lan_pool_fashion                    WHERE (  buy_pools_id = ? )                        order by stick_time DESC            limit ?,?
### Cause: com.mysql.jdbc.exceptions.jdbc4.MySQLSyntaxErrorException: Table 'lab_test.lan_pool_fashion' doesn't exist
; bad SQL grammar []; nested exception is com.mysql.jdbc.exceptions.jdbc4.MySQLSyntaxErrorException: Table 'lab_test.lan_pool_fashion' doesn't exist
	at org.springframework.jdbc.support.SQLErrorCodeSQLExceptionTranslator.doTranslate(SQLErrorCodeSQLExceptionTranslator.java:237) ~[spring-jdbc-3.2.4.RELEASE.jar:3.2.4.RELEASE]
	at org.springframework.jdbc.support.AbstractFallbackSQLExceptionTranslator.translate(AbstractFallbackSQLExceptionTranslator.java:72) ~[spring-jdbc-3.2.4.RELEASE.jar:3.2.4.RELEASE]
	at org.mybatis.spring.MyBatisExceptionTranslator.translateExceptionIfPossible(MyBatisExceptionTranslator.java:73) ~[mybatis-spring-1.2.2.jar:1.2.2]
	at org.mybatis.spring.SqlSessionTemplate$SqlSessionInterceptor.invoke(SqlSessionTemplate.java:371) ~[mybatis-spring-1.2.2.jar:1.2.2]
	at $Proxy5.selectList(Unknown Source) ~[na:na]
	at org.mybatis.spring.SqlSessionTemplate.selectList(SqlSessionTemplate.java:198) ~[mybatis-spring-1.2.2.jar:1.2.2]
	at org.apache.ibatis.binding.MapperMethod.executeForMany(MapperMethod.java:114) ~[mybatis-3.2.4.jar:3.2.4]
	at org.apache.ibatis.binding.MapperMethod.execute(MapperMethod.java:58) ~[mybatis-3.2.4.jar:3.2.4]
	at org.apache.ibatis.binding.MapperProxy.invoke(MapperProxy.java:43) ~[mybatis-3.2.4.jar:3.2.4]
	at $Proxy19.selectByExample(Unknown Source) ~[na:na]
	at com.group.lab.service.BuyNewService.getSYFashionPoolData(BuyNewService.java:196) ~[classes/:na]
	at com.group.lab.controller.BuyNewController.getSYFashionPoolData(BuyNewController.java:123) ~[classes/:na]
	at sun.reflect.NativeMethodAccessorImpl.invoke0(Native Method) ~[na:1.6.0_37]
	at sun.reflect.NativeMethodAccessorImpl.invoke(NativeMethodAccessorImpl.java:39) ~[na:1.6.0_37]
	at sun.reflect.DelegatingMethodAccessorImpl.invoke(DelegatingMethodAccessorImpl.java:25) ~[na:1.6.0_37]
	at java.lang.reflect.Method.invoke(Method.java:597) ~[na:1.6.0_37]
	at org.springframework.web.method.support.InvocableHandlerMethod.invoke(InvocableHandlerMethod.java:219) ~[spring-web-3.2.4.RELEASE.jar:3.2.4.RELEASE]
	at org.springframework.web.method.support.InvocableHandlerMethod.invokeForRequest(InvocableHandlerMethod.java:132) ~[spring-web-3.2.4.RELEASE.jar:3.2.4.RELEASE]
	at org.springframework.web.servlet.mvc.method.annotation.ServletInvocableHandlerMethod.invokeAndHandle(ServletInvocableHandlerMethod.java:104) ~[spring-webmvc-3.2.4.RELEASE.jar:3.2.4.RELEASE]
	at org.springframework.web.servlet.mvc.method.annotation.RequestMappingHandlerAdapter.invokeHandleMethod(RequestMappingHandlerAdapter.java:745) ~[spring-webmvc-3.2.4.RELEASE.jar:3.2.4.RELEASE]
	at org.springframework.web.servlet.mvc.method.annotation.RequestMappingHandlerAdapter.handleInternal(RequestMappingHandlerAdapter.java:686) ~[spring-webmvc-3.2.4.RELEASE.jar:3.2.4.RELEASE]
	at org.springframework.web.servlet.mvc.method.AbstractHandlerMethodAdapter.handle(AbstractHandlerMethodAdapter.java:80) ~[spring-webmvc-3.2.4.RELEASE.jar:3.2.4.RELEASE]
	at org.springframework.web.servlet.DispatcherServlet.doDispatch(DispatcherServlet.java:925) ~[spring-webmvc-3.2.4.RELEASE.jar:3.2.4.RELEASE]
	at org.springframework.web.servlet.DispatcherServlet.doService(DispatcherServlet.java:856) ~[spring-webmvc-3.2.4.RELEASE.jar:3.2.4.RELEASE]
	at org.springframework.web.servlet.FrameworkServlet.processRequest(FrameworkServlet.java:936) [spring-webmvc-3.2.4.RELEASE.jar:3.2.4.RELEASE]
	at org.springframework.web.servlet.FrameworkServlet.doGet(FrameworkServlet.java:827) [spring-webmvc-3.2.4.RELEASE.jar:3.2.4.RELEASE]
	at javax.servlet.http.HttpServlet.service(HttpServlet.java:707) [servlet-api-2.5-20081211.jar:na]
	at org.springframework.web.servlet.FrameworkServlet.service(FrameworkServlet.java:812) [spring-webmvc-3.2.4.RELEASE.jar:3.2.4.RELEASE]
	at javax.servlet.http.HttpServlet.service(HttpServlet.java:820) [servlet-api-2.5-20081211.jar:na]
	at org.mortbay.jetty.servlet.ServletHolder.handle(ServletHolder.java:511) [jetty-6.1.26.jar:6.1.26]
	at org.mortbay.jetty.servlet.ServletHandler$CachedChain.doFilter(ServletHandler.java:1221) [jetty-6.1.26.jar:6.1.26]
	at org.springframework.web.filter.CharacterEncodingFilter.doFilterInternal(CharacterEncodingFilter.java:88) [spring-web-3.2.4.RELEASE.jar:3.2.4.RELEASE]
	at org.springframework.web.filter.OncePerRequestFilter.doFilter(OncePerRequestFilter.java:107) [spring-web-3.2.4.RELEASE.jar:3.2.4.RELEASE]
	at org.mortbay.jetty.servlet.ServletHandler$CachedChain.doFilter(ServletHandler.java:1212) [jetty-6.1.26.jar:6.1.26]
	at org.mortbay.jetty.servlet.ServletHandler.handle(ServletHandler.java:399) [jetty-6.1.26.jar:6.1.26]
	at org.mortbay.jetty.security.SecurityHandler.handle(SecurityHandler.java:216) [jetty-6.1.26.jar:6.1.26]
	at org.mortbay.jetty.servlet.SessionHandler.handle(SessionHandler.java:182) [jetty-6.1.26.jar:6.1.26]
	at org.mortbay.jetty.handler.ContextHandler.handle(ContextHandler.java:766) [jetty-6.1.26.jar:6.1.26]
	at org.mortbay.jetty.webapp.WebAppContext.handle(WebAppContext.java:450) [jetty-6.1.26.jar:6.1.26]
	at org.mortbay.jetty.handler.HandlerWrapper.handle(HandlerWrapper.java:152) [jetty-6.1.26.jar:6.1.26]
	at org.mortbay.jetty.Server.handle(Server.java:326) [jetty-6.1.26.jar:6.1.26]
	at org.mortbay.jetty.HttpConnection.handleRequest(HttpConnection.java:542) [jetty-6.1.26.jar:6.1.26]
	at org.mortbay.jetty.HttpConnection$RequestHandler.headerComplete(HttpConnection.java:928) [jetty-6.1.26.jar:6.1.26]
	at org.mortbay.jetty.HttpParser.parseNext(HttpParser.java:549) [jetty-6.1.26.jar:6.1.26]
	at org.mortbay.jetty.HttpParser.parseAvailable(HttpParser.java:212) [jetty-6.1.26.jar:6.1.26]
	at org.mortbay.jetty.HttpConnection.handle(HttpConnection.java:404) [jetty-6.1.26.jar:6.1.26]
	at org.mortbay.io.nio.SelectChannelEndPoint.run(SelectChannelEndPoint.java:410) [jetty-6.1.26.jar:6.1.26]
	at org.mortbay.thread.QueuedThreadPool$PoolThread.run(QueuedThreadPool.java:582) [jetty-util-6.1.26.jar:6.1.26]
Caused by: com.mysql.jdbc.exceptions.jdbc4.MySQLSyntaxErrorException: Table 'lab_test.lan_pool_fashion' doesn't exist
	at sun.reflect.NativeConstructorAccessorImpl.newInstance0(Native Method) ~[na:1.6.0_37]
	at sun.reflect.NativeConstructorAccessorImpl.newInstance(NativeConstructorAccessorImpl.java:39) ~[na:1.6.0_37]
	at sun.reflect.DelegatingConstructorAccessorImpl.newInstance(DelegatingConstructorAccessorImpl.java:27) ~[na:1.6.0_37]
	at java.lang.reflect.Constructor.newInstance(Constructor.java:513) ~[na:1.6.0_37]
	at com.mysql.jdbc.Util.handleNewInstance(Util.java:411) ~[mysql-connector-java-5.1.29.jar:na]
	at com.mysql.jdbc.Util.getInstance(Util.java:386) ~[mysql-connector-java-5.1.29.jar:na]
	at com.mysql.jdbc.SQLError.createSQLException(SQLError.java:1054) ~[mysql-connector-java-5.1.29.jar:na]
	at com.mysql.jdbc.MysqlIO.checkErrorPacket(MysqlIO.java:4237) ~[mysql-connector-java-5.1.29.jar:na]
	at com.mysql.jdbc.MysqlIO.checkErrorPacket(MysqlIO.java:4169) ~[mysql-connector-java-5.1.29.jar:na]
	at com.mysql.jdbc.MysqlIO.sendCommand(MysqlIO.java:2617) ~[mysql-connector-java-5.1.29.jar:na]
	at com.mysql.jdbc.MysqlIO.sqlQueryDirect(MysqlIO.java:2778) ~[mysql-connector-java-5.1.29.jar:na]
	at com.mysql.jdbc.ConnectionImpl.execSQL(ConnectionImpl.java:2834) ~[mysql-connector-java-5.1.29.jar:na]
	at com.mysql.jdbc.PreparedStatement.executeInternal(PreparedStatement.java:2156) ~[mysql-connector-java-5.1.29.jar:na]
	at com.mysql.jdbc.PreparedStatement.execute(PreparedStatement.java:1379) ~[mysql-connector-java-5.1.29.jar:na]
	at org.apache.commons.dbcp.DelegatingPreparedStatement.execute(DelegatingPreparedStatement.java:172) ~[commons-dbcp-1.4.jar:1.4]
	at org.apache.commons.dbcp.DelegatingPreparedStatement.execute(DelegatingPreparedStatement.java:172) ~[commons-dbcp-1.4.jar:1.4]
	at org.apache.ibatis.executor.statement.PreparedStatementHandler.query(PreparedStatementHandler.java:56) ~[mybatis-3.2.4.jar:3.2.4]
	at org.apache.ibatis.executor.statement.RoutingStatementHandler.query(RoutingStatementHandler.java:70) ~[mybatis-3.2.4.jar:3.2.4]
	at org.apache.ibatis.executor.SimpleExecutor.doQuery(SimpleExecutor.java:57) ~[mybatis-3.2.4.jar:3.2.4]
	at org.apache.ibatis.executor.BaseExecutor.queryFromDatabase(BaseExecutor.java:259) ~[mybatis-3.2.4.jar:3.2.4]
	at org.apache.ibatis.executor.BaseExecutor.query(BaseExecutor.java:132) ~[mybatis-3.2.4.jar:3.2.4]
	at org.apache.ibatis.executor.CachingExecutor.query(CachingExecutor.java:105) ~[mybatis-3.2.4.jar:3.2.4]
	at org.apache.ibatis.executor.CachingExecutor.query(CachingExecutor.java:81) ~[mybatis-3.2.4.jar:3.2.4]
	at org.apache.ibatis.session.defaults.DefaultSqlSession.selectList(DefaultSqlSession.java:104) ~[mybatis-3.2.4.jar:3.2.4]
	at org.apache.ibatis.session.defaults.DefaultSqlSession.selectList(DefaultSqlSession.java:98) ~[mybatis-3.2.4.jar:3.2.4]
	at sun.reflect.NativeMethodAccessorImpl.invoke0(Native Method) ~[na:1.6.0_37]
	at sun.reflect.NativeMethodAccessorImpl.invoke(NativeMethodAccessorImpl.java:39) ~[na:1.6.0_37]
	at sun.reflect.DelegatingMethodAccessorImpl.invoke(DelegatingMethodAccessorImpl.java:25) ~[na:1.6.0_37]
	at java.lang.reflect.Method.invoke(Method.java:597) ~[na:1.6.0_37]
	at org.mybatis.spring.SqlSessionTemplate$SqlSessionInterceptor.invoke(SqlSessionTemplate.java:358) ~[mybatis-spring-1.2.2.jar:1.2.2]
	... 44 common frames omitted
20:35:41.827 [611615767@qtp-1566695349-2] INFO  c.g.core.controller.BaseController - 请求接口：getSYFashionPoolData
20:35:47.315 [611615767@qtp-1566695349-2] ERROR o.s.w.s.HandlerExceptionResolver - 操作错误-
### Error querying database.  Cause: com.mysql.jdbc.exceptions.jdbc4.MySQLSyntaxErrorException: Table 'lab_test.lan_pool_fashion' doesn't exist
### The error may exist in file [D:\projects\kkmy\lab\lab-web\target\classes\mappers\PoolFashionMapper.xml]
### The error may involve com.group.lab.dao.PoolFashionMapper.selectByExample-Inline
### The error occurred while setting parameters
### SQL: select                 id, buy_pools_id, num_iid, stick_time         from lan_pool_fashion                    WHERE (  buy_pools_id = ? )                        order by stick_time DESC            limit ?,?
### Cause: com.mysql.jdbc.exceptions.jdbc4.MySQLSyntaxErrorException: Table 'lab_test.lan_pool_fashion' doesn't exist
; bad SQL grammar []; nested exception is com.mysql.jdbc.exceptions.jdbc4.MySQLSyntaxErrorException: Table 'lab_test.lan_pool_fashion' doesn't exist
org.springframework.jdbc.BadSqlGrammarException: 
### Error querying database.  Cause: com.mysql.jdbc.exceptions.jdbc4.MySQLSyntaxErrorException: Table 'lab_test.lan_pool_fashion' doesn't exist
### The error may exist in file [D:\projects\kkmy\lab\lab-web\target\classes\mappers\PoolFashionMapper.xml]
### The error may involve com.group.lab.dao.PoolFashionMapper.selectByExample-Inline
### The error occurred while setting parameters
### SQL: select                 id, buy_pools_id, num_iid, stick_time         from lan_pool_fashion                    WHERE (  buy_pools_id = ? )                        order by stick_time DESC            limit ?,?
### Cause: com.mysql.jdbc.exceptions.jdbc4.MySQLSyntaxErrorException: Table 'lab_test.lan_pool_fashion' doesn't exist
; bad SQL grammar []; nested exception is com.mysql.jdbc.exceptions.jdbc4.MySQLSyntaxErrorException: Table 'lab_test.lan_pool_fashion' doesn't exist
	at org.springframework.jdbc.support.SQLErrorCodeSQLExceptionTranslator.doTranslate(SQLErrorCodeSQLExceptionTranslator.java:237) ~[spring-jdbc-3.2.4.RELEASE.jar:3.2.4.RELEASE]
	at org.springframework.jdbc.support.AbstractFallbackSQLExceptionTranslator.translate(AbstractFallbackSQLExceptionTranslator.java:72) ~[spring-jdbc-3.2.4.RELEASE.jar:3.2.4.RELEASE]
	at org.mybatis.spring.MyBatisExceptionTranslator.translateExceptionIfPossible(MyBatisExceptionTranslator.java:73) ~[mybatis-spring-1.2.2.jar:1.2.2]
	at org.mybatis.spring.SqlSessionTemplate$SqlSessionInterceptor.invoke(SqlSessionTemplate.java:371) ~[mybatis-spring-1.2.2.jar:1.2.2]
	at $Proxy5.selectList(Unknown Source) ~[na:na]
	at org.mybatis.spring.SqlSessionTemplate.selectList(SqlSessionTemplate.java:198) ~[mybatis-spring-1.2.2.jar:1.2.2]
	at org.apache.ibatis.binding.MapperMethod.executeForMany(MapperMethod.java:114) ~[mybatis-3.2.4.jar:3.2.4]
	at org.apache.ibatis.binding.MapperMethod.execute(MapperMethod.java:58) ~[mybatis-3.2.4.jar:3.2.4]
	at org.apache.ibatis.binding.MapperProxy.invoke(MapperProxy.java:43) ~[mybatis-3.2.4.jar:3.2.4]
	at $Proxy19.selectByExample(Unknown Source) ~[na:na]
	at com.group.lab.service.BuyNewService.getSYFashionPoolData(BuyNewService.java:196) ~[classes/:na]
	at com.group.lab.controller.BuyNewController.getSYFashionPoolData(BuyNewController.java:123) ~[classes/:na]
	at sun.reflect.NativeMethodAccessorImpl.invoke0(Native Method) ~[na:1.6.0_37]
	at sun.reflect.NativeMethodAccessorImpl.invoke(NativeMethodAccessorImpl.java:39) ~[na:1.6.0_37]
	at sun.reflect.DelegatingMethodAccessorImpl.invoke(DelegatingMethodAccessorImpl.java:25) ~[na:1.6.0_37]
	at java.lang.reflect.Method.invoke(Method.java:597) ~[na:1.6.0_37]
	at org.springframework.web.method.support.InvocableHandlerMethod.invoke(InvocableHandlerMethod.java:219) ~[spring-web-3.2.4.RELEASE.jar:3.2.4.RELEASE]
	at org.springframework.web.method.support.InvocableHandlerMethod.invokeForRequest(InvocableHandlerMethod.java:132) ~[spring-web-3.2.4.RELEASE.jar:3.2.4.RELEASE]
	at org.springframework.web.servlet.mvc.method.annotation.ServletInvocableHandlerMethod.invokeAndHandle(ServletInvocableHandlerMethod.java:104) ~[spring-webmvc-3.2.4.RELEASE.jar:3.2.4.RELEASE]
	at org.springframework.web.servlet.mvc.method.annotation.RequestMappingHandlerAdapter.invokeHandleMethod(RequestMappingHandlerAdapter.java:745) ~[spring-webmvc-3.2.4.RELEASE.jar:3.2.4.RELEASE]
	at org.springframework.web.servlet.mvc.method.annotation.RequestMappingHandlerAdapter.handleInternal(RequestMappingHandlerAdapter.java:686) ~[spring-webmvc-3.2.4.RELEASE.jar:3.2.4.RELEASE]
	at org.springframework.web.servlet.mvc.method.AbstractHandlerMethodAdapter.handle(AbstractHandlerMethodAdapter.java:80) ~[spring-webmvc-3.2.4.RELEASE.jar:3.2.4.RELEASE]
	at org.springframework.web.servlet.DispatcherServlet.doDispatch(DispatcherServlet.java:925) ~[spring-webmvc-3.2.4.RELEASE.jar:3.2.4.RELEASE]
	at org.springframework.web.servlet.DispatcherServlet.doService(DispatcherServlet.java:856) ~[spring-webmvc-3.2.4.RELEASE.jar:3.2.4.RELEASE]
	at org.springframework.web.servlet.FrameworkServlet.processRequest(FrameworkServlet.java:936) [spring-webmvc-3.2.4.RELEASE.jar:3.2.4.RELEASE]
	at org.springframework.web.servlet.FrameworkServlet.doGet(FrameworkServlet.java:827) [spring-webmvc-3.2.4.RELEASE.jar:3.2.4.RELEASE]
	at javax.servlet.http.HttpServlet.service(HttpServlet.java:707) [servlet-api-2.5-20081211.jar:na]
	at org.springframework.web.servlet.FrameworkServlet.service(FrameworkServlet.java:812) [spring-webmvc-3.2.4.RELEASE.jar:3.2.4.RELEASE]
	at javax.servlet.http.HttpServlet.service(HttpServlet.java:820) [servlet-api-2.5-20081211.jar:na]
	at org.mortbay.jetty.servlet.ServletHolder.handle(ServletHolder.java:511) [jetty-6.1.26.jar:6.1.26]
	at org.mortbay.jetty.servlet.ServletHandler$CachedChain.doFilter(ServletHandler.java:1221) [jetty-6.1.26.jar:6.1.26]
	at org.springframework.web.filter.CharacterEncodingFilter.doFilterInternal(CharacterEncodingFilter.java:88) [spring-web-3.2.4.RELEASE.jar:3.2.4.RELEASE]
	at org.springframework.web.filter.OncePerRequestFilter.doFilter(OncePerRequestFilter.java:107) [spring-web-3.2.4.RELEASE.jar:3.2.4.RELEASE]
	at org.mortbay.jetty.servlet.ServletHandler$CachedChain.doFilter(ServletHandler.java:1212) [jetty-6.1.26.jar:6.1.26]
	at org.mortbay.jetty.servlet.ServletHandler.handle(ServletHandler.java:399) [jetty-6.1.26.jar:6.1.26]
	at org.mortbay.jetty.security.SecurityHandler.handle(SecurityHandler.java:216) [jetty-6.1.26.jar:6.1.26]
	at org.mortbay.jetty.servlet.SessionHandler.handle(SessionHandler.java:182) [jetty-6.1.26.jar:6.1.26]
	at org.mortbay.jetty.handler.ContextHandler.handle(ContextHandler.java:766) [jetty-6.1.26.jar:6.1.26]
	at org.mortbay.jetty.webapp.WebAppContext.handle(WebAppContext.java:450) [jetty-6.1.26.jar:6.1.26]
	at org.mortbay.jetty.handler.HandlerWrapper.handle(HandlerWrapper.java:152) [jetty-6.1.26.jar:6.1.26]
	at org.mortbay.jetty.Server.handle(Server.java:326) [jetty-6.1.26.jar:6.1.26]
	at org.mortbay.jetty.HttpConnection.handleRequest(HttpConnection.java:542) [jetty-6.1.26.jar:6.1.26]
	at org.mortbay.jetty.HttpConnection$RequestHandler.headerComplete(HttpConnection.java:928) [jetty-6.1.26.jar:6.1.26]
	at org.mortbay.jetty.HttpParser.parseNext(HttpParser.java:549) [jetty-6.1.26.jar:6.1.26]
	at org.mortbay.jetty.HttpParser.parseAvailable(HttpParser.java:212) [jetty-6.1.26.jar:6.1.26]
	at org.mortbay.jetty.HttpConnection.handle(HttpConnection.java:404) [jetty-6.1.26.jar:6.1.26]
	at org.mortbay.io.nio.SelectChannelEndPoint.run(SelectChannelEndPoint.java:410) [jetty-6.1.26.jar:6.1.26]
	at org.mortbay.thread.QueuedThreadPool$PoolThread.run(QueuedThreadPool.java:582) [jetty-util-6.1.26.jar:6.1.26]
Caused by: com.mysql.jdbc.exceptions.jdbc4.MySQLSyntaxErrorException: Table 'lab_test.lan_pool_fashion' doesn't exist
	at sun.reflect.NativeConstructorAccessorImpl.newInstance0(Native Method) ~[na:1.6.0_37]
	at sun.reflect.NativeConstructorAccessorImpl.newInstance(NativeConstructorAccessorImpl.java:39) ~[na:1.6.0_37]
	at sun.reflect.DelegatingConstructorAccessorImpl.newInstance(DelegatingConstructorAccessorImpl.java:27) ~[na:1.6.0_37]
	at java.lang.reflect.Constructor.newInstance(Constructor.java:513) ~[na:1.6.0_37]
	at com.mysql.jdbc.Util.handleNewInstance(Util.java:411) ~[mysql-connector-java-5.1.29.jar:na]
	at com.mysql.jdbc.Util.getInstance(Util.java:386) ~[mysql-connector-java-5.1.29.jar:na]
	at com.mysql.jdbc.SQLError.createSQLException(SQLError.java:1054) ~[mysql-connector-java-5.1.29.jar:na]
	at com.mysql.jdbc.MysqlIO.checkErrorPacket(MysqlIO.java:4237) ~[mysql-connector-java-5.1.29.jar:na]
	at com.mysql.jdbc.MysqlIO.checkErrorPacket(MysqlIO.java:4169) ~[mysql-connector-java-5.1.29.jar:na]
	at com.mysql.jdbc.MysqlIO.sendCommand(MysqlIO.java:2617) ~[mysql-connector-java-5.1.29.jar:na]
	at com.mysql.jdbc.MysqlIO.sqlQueryDirect(MysqlIO.java:2778) ~[mysql-connector-java-5.1.29.jar:na]
	at com.mysql.jdbc.ConnectionImpl.execSQL(ConnectionImpl.java:2834) ~[mysql-connector-java-5.1.29.jar:na]
	at com.mysql.jdbc.PreparedStatement.executeInternal(PreparedStatement.java:2156) ~[mysql-connector-java-5.1.29.jar:na]
	at com.mysql.jdbc.PreparedStatement.execute(PreparedStatement.java:1379) ~[mysql-connector-java-5.1.29.jar:na]
	at org.apache.commons.dbcp.DelegatingPreparedStatement.execute(DelegatingPreparedStatement.java:172) ~[commons-dbcp-1.4.jar:1.4]
	at org.apache.commons.dbcp.DelegatingPreparedStatement.execute(DelegatingPreparedStatement.java:172) ~[commons-dbcp-1.4.jar:1.4]
	at org.apache.ibatis.executor.statement.PreparedStatementHandler.query(PreparedStatementHandler.java:56) ~[mybatis-3.2.4.jar:3.2.4]
	at org.apache.ibatis.executor.statement.RoutingStatementHandler.query(RoutingStatementHandler.java:70) ~[mybatis-3.2.4.jar:3.2.4]
	at org.apache.ibatis.executor.SimpleExecutor.doQuery(SimpleExecutor.java:57) ~[mybatis-3.2.4.jar:3.2.4]
	at org.apache.ibatis.executor.BaseExecutor.queryFromDatabase(BaseExecutor.java:259) ~[mybatis-3.2.4.jar:3.2.4]
	at org.apache.ibatis.executor.BaseExecutor.query(BaseExecutor.java:132) ~[mybatis-3.2.4.jar:3.2.4]
	at org.apache.ibatis.executor.CachingExecutor.query(CachingExecutor.java:105) ~[mybatis-3.2.4.jar:3.2.4]
	at org.apache.ibatis.executor.CachingExecutor.query(CachingExecutor.java:81) ~[mybatis-3.2.4.jar:3.2.4]
	at org.apache.ibatis.session.defaults.DefaultSqlSession.selectList(DefaultSqlSession.java:104) ~[mybatis-3.2.4.jar:3.2.4]
	at org.apache.ibatis.session.defaults.DefaultSqlSession.selectList(DefaultSqlSession.java:98) ~[mybatis-3.2.4.jar:3.2.4]
	at sun.reflect.NativeMethodAccessorImpl.invoke0(Native Method) ~[na:1.6.0_37]
	at sun.reflect.NativeMethodAccessorImpl.invoke(NativeMethodAccessorImpl.java:39) ~[na:1.6.0_37]
	at sun.reflect.DelegatingMethodAccessorImpl.invoke(DelegatingMethodAccessorImpl.java:25) ~[na:1.6.0_37]
	at java.lang.reflect.Method.invoke(Method.java:597) ~[na:1.6.0_37]
	at org.mybatis.spring.SqlSessionTemplate$SqlSessionInterceptor.invoke(SqlSessionTemplate.java:358) ~[mybatis-spring-1.2.2.jar:1.2.2]
	... 44 common frames omitted
20:35:56.364 [611615767@qtp-1566695349-2] INFO  c.g.core.controller.BaseController - 请求接口：getSYFashionPoolData
20:36:17.175 [611615767@qtp-1566695349-2] ERROR o.s.w.s.HandlerExceptionResolver - 操作错误-
### Error querying database.  Cause: com.mysql.jdbc.exceptions.jdbc4.MySQLSyntaxErrorException: Table 'lab_test.lan_pool_fashion' doesn't exist
### The error may exist in file [D:\projects\kkmy\lab\lab-web\target\classes\mappers\PoolFashionMapper.xml]
### The error may involve com.group.lab.dao.PoolFashionMapper.selectByExample-Inline
### The error occurred while setting parameters
### SQL: select                 id, buy_pools_id, num_iid, stick_time         from lan_pool_fashion                    WHERE (  buy_pools_id = ? )                        order by stick_time DESC            limit ?,?
### Cause: com.mysql.jdbc.exceptions.jdbc4.MySQLSyntaxErrorException: Table 'lab_test.lan_pool_fashion' doesn't exist
; bad SQL grammar []; nested exception is com.mysql.jdbc.exceptions.jdbc4.MySQLSyntaxErrorException: Table 'lab_test.lan_pool_fashion' doesn't exist
org.springframework.jdbc.BadSqlGrammarException: 
### Error querying database.  Cause: com.mysql.jdbc.exceptions.jdbc4.MySQLSyntaxErrorException: Table 'lab_test.lan_pool_fashion' doesn't exist
### The error may exist in file [D:\projects\kkmy\lab\lab-web\target\classes\mappers\PoolFashionMapper.xml]
### The error may involve com.group.lab.dao.PoolFashionMapper.selectByExample-Inline
### The error occurred while setting parameters
### SQL: select                 id, buy_pools_id, num_iid, stick_time         from lan_pool_fashion                    WHERE (  buy_pools_id = ? )                        order by stick_time DESC            limit ?,?
### Cause: com.mysql.jdbc.exceptions.jdbc4.MySQLSyntaxErrorException: Table 'lab_test.lan_pool_fashion' doesn't exist
; bad SQL grammar []; nested exception is com.mysql.jdbc.exceptions.jdbc4.MySQLSyntaxErrorException: Table 'lab_test.lan_pool_fashion' doesn't exist
	at org.springframework.jdbc.support.SQLErrorCodeSQLExceptionTranslator.doTranslate(SQLErrorCodeSQLExceptionTranslator.java:237) ~[spring-jdbc-3.2.4.RELEASE.jar:3.2.4.RELEASE]
	at org.springframework.jdbc.support.AbstractFallbackSQLExceptionTranslator.translate(AbstractFallbackSQLExceptionTranslator.java:72) ~[spring-jdbc-3.2.4.RELEASE.jar:3.2.4.RELEASE]
	at org.mybatis.spring.MyBatisExceptionTranslator.translateExceptionIfPossible(MyBatisExceptionTranslator.java:73) ~[mybatis-spring-1.2.2.jar:1.2.2]
	at org.mybatis.spring.SqlSessionTemplate$SqlSessionInterceptor.invoke(SqlSessionTemplate.java:371) ~[mybatis-spring-1.2.2.jar:1.2.2]
	at $Proxy5.selectList(Unknown Source) ~[na:na]
	at org.mybatis.spring.SqlSessionTemplate.selectList(SqlSessionTemplate.java:198) ~[mybatis-spring-1.2.2.jar:1.2.2]
	at org.apache.ibatis.binding.MapperMethod.executeForMany(MapperMethod.java:114) ~[mybatis-3.2.4.jar:3.2.4]
	at org.apache.ibatis.binding.MapperMethod.execute(MapperMethod.java:58) ~[mybatis-3.2.4.jar:3.2.4]
	at org.apache.ibatis.binding.MapperProxy.invoke(MapperProxy.java:43) ~[mybatis-3.2.4.jar:3.2.4]
	at $Proxy19.selectByExample(Unknown Source) ~[na:na]
	at com.group.lab.service.BuyNewService.getSYFashionPoolData(BuyNewService.java:196) ~[classes/:na]
	at com.group.lab.controller.BuyNewController.getSYFashionPoolData(BuyNewController.java:123) ~[classes/:na]
	at sun.reflect.NativeMethodAccessorImpl.invoke0(Native Method) ~[na:1.6.0_37]
	at sun.reflect.NativeMethodAccessorImpl.invoke(NativeMethodAccessorImpl.java:39) ~[na:1.6.0_37]
	at sun.reflect.DelegatingMethodAccessorImpl.invoke(DelegatingMethodAccessorImpl.java:25) ~[na:1.6.0_37]
	at java.lang.reflect.Method.invoke(Method.java:597) ~[na:1.6.0_37]
	at org.springframework.web.method.support.InvocableHandlerMethod.invoke(InvocableHandlerMethod.java:219) ~[spring-web-3.2.4.RELEASE.jar:3.2.4.RELEASE]
	at org.springframework.web.method.support.InvocableHandlerMethod.invokeForRequest(InvocableHandlerMethod.java:132) ~[spring-web-3.2.4.RELEASE.jar:3.2.4.RELEASE]
	at org.springframework.web.servlet.mvc.method.annotation.ServletInvocableHandlerMethod.invokeAndHandle(ServletInvocableHandlerMethod.java:104) ~[spring-webmvc-3.2.4.RELEASE.jar:3.2.4.RELEASE]
	at org.springframework.web.servlet.mvc.method.annotation.RequestMappingHandlerAdapter.invokeHandleMethod(RequestMappingHandlerAdapter.java:745) ~[spring-webmvc-3.2.4.RELEASE.jar:3.2.4.RELEASE]
	at org.springframework.web.servlet.mvc.method.annotation.RequestMappingHandlerAdapter.handleInternal(RequestMappingHandlerAdapter.java:686) ~[spring-webmvc-3.2.4.RELEASE.jar:3.2.4.RELEASE]
	at org.springframework.web.servlet.mvc.method.AbstractHandlerMethodAdapter.handle(AbstractHandlerMethodAdapter.java:80) ~[spring-webmvc-3.2.4.RELEASE.jar:3.2.4.RELEASE]
	at org.springframework.web.servlet.DispatcherServlet.doDispatch(DispatcherServlet.java:925) ~[spring-webmvc-3.2.4.RELEASE.jar:3.2.4.RELEASE]
	at org.springframework.web.servlet.DispatcherServlet.doService(DispatcherServlet.java:856) ~[spring-webmvc-3.2.4.RELEASE.jar:3.2.4.RELEASE]
	at org.springframework.web.servlet.FrameworkServlet.processRequest(FrameworkServlet.java:936) [spring-webmvc-3.2.4.RELEASE.jar:3.2.4.RELEASE]
	at org.springframework.web.servlet.FrameworkServlet.doGet(FrameworkServlet.java:827) [spring-webmvc-3.2.4.RELEASE.jar:3.2.4.RELEASE]
	at javax.servlet.http.HttpServlet.service(HttpServlet.java:707) [servlet-api-2.5-20081211.jar:na]
	at org.springframework.web.servlet.FrameworkServlet.service(FrameworkServlet.java:812) [spring-webmvc-3.2.4.RELEASE.jar:3.2.4.RELEASE]
	at javax.servlet.http.HttpServlet.service(HttpServlet.java:820) [servlet-api-2.5-20081211.jar:na]
	at org.mortbay.jetty.servlet.ServletHolder.handle(ServletHolder.java:511) [jetty-6.1.26.jar:6.1.26]
	at org.mortbay.jetty.servlet.ServletHandler$CachedChain.doFilter(ServletHandler.java:1221) [jetty-6.1.26.jar:6.1.26]
	at org.springframework.web.filter.CharacterEncodingFilter.doFilterInternal(CharacterEncodingFilter.java:88) [spring-web-3.2.4.RELEASE.jar:3.2.4.RELEASE]
	at org.springframework.web.filter.OncePerRequestFilter.doFilter(OncePerRequestFilter.java:107) [spring-web-3.2.4.RELEASE.jar:3.2.4.RELEASE]
	at org.mortbay.jetty.servlet.ServletHandler$CachedChain.doFilter(ServletHandler.java:1212) [jetty-6.1.26.jar:6.1.26]
	at org.mortbay.jetty.servlet.ServletHandler.handle(ServletHandler.java:399) [jetty-6.1.26.jar:6.1.26]
	at org.mortbay.jetty.security.SecurityHandler.handle(SecurityHandler.java:216) [jetty-6.1.26.jar:6.1.26]
	at org.mortbay.jetty.servlet.SessionHandler.handle(SessionHandler.java:182) [jetty-6.1.26.jar:6.1.26]
	at org.mortbay.jetty.handler.ContextHandler.handle(ContextHandler.java:766) [jetty-6.1.26.jar:6.1.26]
	at org.mortbay.jetty.webapp.WebAppContext.handle(WebAppContext.java:450) [jetty-6.1.26.jar:6.1.26]
	at org.mortbay.jetty.handler.HandlerWrapper.handle(HandlerWrapper.java:152) [jetty-6.1.26.jar:6.1.26]
	at org.mortbay.jetty.Server.handle(Server.java:326) [jetty-6.1.26.jar:6.1.26]
	at org.mortbay.jetty.HttpConnection.handleRequest(HttpConnection.java:542) [jetty-6.1.26.jar:6.1.26]
	at org.mortbay.jetty.HttpConnection$RequestHandler.headerComplete(HttpConnection.java:928) [jetty-6.1.26.jar:6.1.26]
	at org.mortbay.jetty.HttpParser.parseNext(HttpParser.java:549) [jetty-6.1.26.jar:6.1.26]
	at org.mortbay.jetty.HttpParser.parseAvailable(HttpParser.java:212) [jetty-6.1.26.jar:6.1.26]
	at org.mortbay.jetty.HttpConnection.handle(HttpConnection.java:404) [jetty-6.1.26.jar:6.1.26]
	at org.mortbay.io.nio.SelectChannelEndPoint.run(SelectChannelEndPoint.java:410) [jetty-6.1.26.jar:6.1.26]
	at org.mortbay.thread.QueuedThreadPool$PoolThread.run(QueuedThreadPool.java:582) [jetty-util-6.1.26.jar:6.1.26]
Caused by: com.mysql.jdbc.exceptions.jdbc4.MySQLSyntaxErrorException: Table 'lab_test.lan_pool_fashion' doesn't exist
	at sun.reflect.NativeConstructorAccessorImpl.newInstance0(Native Method) ~[na:1.6.0_37]
	at sun.reflect.NativeConstructorAccessorImpl.newInstance(NativeConstructorAccessorImpl.java:39) ~[na:1.6.0_37]
	at sun.reflect.DelegatingConstructorAccessorImpl.newInstance(DelegatingConstructorAccessorImpl.java:27) ~[na:1.6.0_37]
	at java.lang.reflect.Constructor.newInstance(Constructor.java:513) ~[na:1.6.0_37]
	at com.mysql.jdbc.Util.handleNewInstance(Util.java:411) ~[mysql-connector-java-5.1.29.jar:na]
	at com.mysql.jdbc.Util.getInstance(Util.java:386) ~[mysql-connector-java-5.1.29.jar:na]
	at com.mysql.jdbc.SQLError.createSQLException(SQLError.java:1054) ~[mysql-connector-java-5.1.29.jar:na]
	at com.mysql.jdbc.MysqlIO.checkErrorPacket(MysqlIO.java:4237) ~[mysql-connector-java-5.1.29.jar:na]
	at com.mysql.jdbc.MysqlIO.checkErrorPacket(MysqlIO.java:4169) ~[mysql-connector-java-5.1.29.jar:na]
	at com.mysql.jdbc.MysqlIO.sendCommand(MysqlIO.java:2617) ~[mysql-connector-java-5.1.29.jar:na]
	at com.mysql.jdbc.MysqlIO.sqlQueryDirect(MysqlIO.java:2778) ~[mysql-connector-java-5.1.29.jar:na]
	at com.mysql.jdbc.ConnectionImpl.execSQL(ConnectionImpl.java:2834) ~[mysql-connector-java-5.1.29.jar:na]
	at com.mysql.jdbc.PreparedStatement.executeInternal(PreparedStatement.java:2156) ~[mysql-connector-java-5.1.29.jar:na]
	at com.mysql.jdbc.PreparedStatement.execute(PreparedStatement.java:1379) ~[mysql-connector-java-5.1.29.jar:na]
	at org.apache.commons.dbcp.DelegatingPreparedStatement.execute(DelegatingPreparedStatement.java:172) ~[commons-dbcp-1.4.jar:1.4]
	at org.apache.commons.dbcp.DelegatingPreparedStatement.execute(DelegatingPreparedStatement.java:172) ~[commons-dbcp-1.4.jar:1.4]
	at org.apache.ibatis.executor.statement.PreparedStatementHandler.query(PreparedStatementHandler.java:56) ~[mybatis-3.2.4.jar:3.2.4]
	at org.apache.ibatis.executor.statement.RoutingStatementHandler.query(RoutingStatementHandler.java:70) ~[mybatis-3.2.4.jar:3.2.4]
	at org.apache.ibatis.executor.SimpleExecutor.doQuery(SimpleExecutor.java:57) ~[mybatis-3.2.4.jar:3.2.4]
	at org.apache.ibatis.executor.BaseExecutor.queryFromDatabase(BaseExecutor.java:259) ~[mybatis-3.2.4.jar:3.2.4]
	at org.apache.ibatis.executor.BaseExecutor.query(BaseExecutor.java:132) ~[mybatis-3.2.4.jar:3.2.4]
	at org.apache.ibatis.executor.CachingExecutor.query(CachingExecutor.java:105) ~[mybatis-3.2.4.jar:3.2.4]
	at org.apache.ibatis.executor.CachingExecutor.query(CachingExecutor.java:81) ~[mybatis-3.2.4.jar:3.2.4]
	at org.apache.ibatis.session.defaults.DefaultSqlSession.selectList(DefaultSqlSession.java:104) ~[mybatis-3.2.4.jar:3.2.4]
	at org.apache.ibatis.session.defaults.DefaultSqlSession.selectList(DefaultSqlSession.java:98) ~[mybatis-3.2.4.jar:3.2.4]
	at sun.reflect.NativeMethodAccessorImpl.invoke0(Native Method) ~[na:1.6.0_37]
	at sun.reflect.NativeMethodAccessorImpl.invoke(NativeMethodAccessorImpl.java:39) ~[na:1.6.0_37]
	at sun.reflect.DelegatingMethodAccessorImpl.invoke(DelegatingMethodAccessorImpl.java:25) ~[na:1.6.0_37]
	at java.lang.reflect.Method.invoke(Method.java:597) ~[na:1.6.0_37]
	at org.mybatis.spring.SqlSessionTemplate$SqlSessionInterceptor.invoke(SqlSessionTemplate.java:358) ~[mybatis-spring-1.2.2.jar:1.2.2]
	... 44 common frames omitted
20:37:56.127 [main] INFO  o.s.web.context.ContextLoader - Root WebApplicationContext: initialization started
20:37:56.242 [main] INFO  o.s.w.c.s.XmlWebApplicationContext - Refreshing Root WebApplicationContext: startup date [Sun Jul 31 20:37:56 CST 2016]; root of context hierarchy
20:37:56.357 [main] INFO  o.s.b.f.xml.XmlBeanDefinitionReader - Loading XML bean definitions from file [D:\projects\kkmy\lab\lab-alibaba\target\classes\config\spring-mybatis.xml]
20:37:56.527 [main] INFO  o.s.b.f.xml.XmlBeanDefinitionReader - Loading XML bean definitions from file [D:\projects\kkmy\lab\lab-alibaba\target\classes\config\spring-service.xml]
20:37:56.944 [main] INFO  o.s.b.f.c.PropertyPlaceholderConfigurer - Loading properties file from class path resource [config/config_test.properties]
20:37:56.978 [main] INFO  o.s.b.f.s.DefaultListableBeanFactory - Pre-instantiating singletons in org.springframework.beans.factory.support.DefaultListableBeanFactory@139ba1d8: defining beans [org.springframework.beans.factory.config.PropertyPlaceholderConfigurer#0,mvcContentNegotiationManager,org.springframework.web.servlet.mvc.method.annotation.RequestMappingHandlerMapping#0,org.springframework.format.support.FormattingConversionServiceFactoryBean#0,org.springframework.web.servlet.mvc.method.annotation.RequestMappingHandlerAdapter#0,org.springframework.web.servlet.handler.MappedInterceptor#0,org.springframework.web.servlet.mvc.method.annotation.ExceptionHandlerExceptionResolver#0,org.springframework.web.servlet.mvc.annotation.ResponseStatusExceptionResolver#0,org.springframework.web.servlet.mvc.support.DefaultHandlerExceptionResolver#0,org.springframework.web.servlet.handler.BeanNameUrlHandlerMapping,org.springframework.web.servlet.mvc.HttpRequestHandlerAdapter,org.springframework.web.servlet.mvc.SimpleControllerHandlerAdapter,aliBaichuanService,imageService,org.springframework.context.annotation.internalConfigurationAnnotationProcessor,org.springframework.context.annotation.internalAutowiredAnnotationProcessor,org.springframework.context.annotation.internalRequiredAnnotationProcessor,org.springframework.context.annotation.internalCommonAnnotationProcessor,redisCacheManager,jedisPoolConfig,jedisConnectionFactory,redisTemplate,org.springframework.context.annotation.ConfigurationClassPostProcessor.importAwareProcessor]; root of factory hierarchy
20:37:57.675 [main] INFO  o.s.web.context.ContextLoader - Root WebApplicationContext: initialization completed in 1543 ms
20:37:57.849 [main] INFO  o.s.web.servlet.DispatcherServlet - FrameworkServlet 'lab-alibaba': initialization started
20:37:57.855 [main] INFO  o.s.w.c.s.XmlWebApplicationContext - Refreshing WebApplicationContext for namespace 'lab-alibaba-servlet': startup date [Sun Jul 31 20:37:57 CST 2016]; parent: Root WebApplicationContext
20:37:57.856 [main] INFO  o.s.b.f.xml.XmlBeanDefinitionReader - Loading XML bean definitions from class path resource [config/springmvc.xml]
20:37:58.190 [main] INFO  o.s.b.f.s.DefaultListableBeanFactory - Pre-instantiating singletons in org.springframework.beans.factory.support.DefaultListableBeanFactory@4e01c1f2: defining beans [mvcContentNegotiationManager,org.springframework.web.servlet.mvc.method.annotation.RequestMappingHandlerMapping#0,org.springframework.format.support.FormattingConversionServiceFactoryBean#0,org.springframework.web.servlet.mvc.method.annotation.RequestMappingHandlerAdapter#0,org.springframework.web.servlet.handler.MappedInterceptor#0,org.springframework.web.servlet.mvc.method.annotation.ExceptionHandlerExceptionResolver#0,org.springframework.web.servlet.mvc.annotation.ResponseStatusExceptionResolver#0,org.springframework.web.servlet.mvc.support.DefaultHandlerExceptionResolver#0,org.springframework.web.servlet.handler.BeanNameUrlHandlerMapping,org.springframework.web.servlet.mvc.HttpRequestHandlerAdapter,org.springframework.web.servlet.mvc.SimpleControllerHandlerAdapter,aliBaichuanController,exceptionController,org.springframework.context.annotation.internalConfigurationAnnotationProcessor,org.springframework.context.annotation.internalAutowiredAnnotationProcessor,org.springframework.context.annotation.internalRequiredAnnotationProcessor,org.springframework.context.annotation.internalCommonAnnotationProcessor,viewResolver,org.springframework.context.annotation.ConfigurationClassPostProcessor.importAwareProcessor]; parent: org.springframework.beans.factory.support.DefaultListableBeanFactory@139ba1d8
20:37:58.230 [main] INFO  o.s.w.s.m.m.a.RequestMappingHandlerMapping - Mapped "{[/baichuan/taobaoTaeItemsList],methods=[],params=[],headers=[],consumes=[],produces=[],custom=[]}" onto public void com.group.alibaba.controller.AliBaichuanController.taobaoTaeItemsList(javax.servlet.http.HttpServletRequest,javax.servlet.http.HttpServletResponse) throws com.taobao.api.ApiException
20:37:58.231 [main] INFO  o.s.w.s.m.m.a.RequestMappingHandlerMapping - Mapped "{[/baichuan/taobaoTaeItemDetailGet],methods=[],params=[],headers=[],consumes=[],produces=[],custom=[]}" onto public void com.group.alibaba.controller.AliBaichuanController.taobaoTaeItemDetailGet(javax.servlet.http.HttpServletRequest,javax.servlet.http.HttpServletResponse) throws com.taobao.api.ApiException
20:37:58.441 [main] INFO  o.s.w.s.m.m.a.ExceptionHandlerExceptionResolver - Detected @ExceptionHandler methods in exceptionController
20:37:58.495 [main] INFO  o.s.web.servlet.DispatcherServlet - FrameworkServlet 'lab-alibaba': initialization completed in 645 ms
20:38:00.788 [main] INFO  o.s.web.context.ContextLoader - Root WebApplicationContext: initialization started
20:38:00.901 [main] INFO  o.s.w.c.s.XmlWebApplicationContext - Refreshing Root WebApplicationContext: startup date [Sun Jul 31 20:38:00 CST 2016]; root of context hierarchy
20:38:01.000 [main] INFO  o.s.b.f.xml.XmlBeanDefinitionReader - Loading XML bean definitions from file [D:\projects\kkmy\lab\lab-web\target\classes\config\spring-mybatis.xml]
20:38:01.192 [main] INFO  o.s.b.f.xml.XmlBeanDefinitionReader - Loading XML bean definitions from file [D:\projects\kkmy\lab\lab-web\target\classes\config\spring-service.xml]
20:38:01.747 [main] INFO  o.s.b.f.c.PropertyPlaceholderConfigurer - Loading properties file from class path resource [config/config_test.properties]
20:38:01.826 [main] INFO  o.s.b.f.s.DefaultListableBeanFactory - Pre-instantiating singletons in org.springframework.beans.factory.support.DefaultListableBeanFactory@78e86614: defining beans [org.springframework.beans.factory.config.PropertyPlaceholderConfigurer#0,dataSource,sqlSessionFactory,org.mybatis.spring.mapper.MapperScannerConfigurer#0,mvcContentNegotiationManager,org.springframework.web.servlet.mvc.method.annotation.RequestMappingHandlerMapping#0,org.springframework.format.support.FormattingConversionServiceFactoryBean#0,org.springframework.web.servlet.mvc.method.annotation.RequestMappingHandlerAdapter#0,org.springframework.web.servlet.handler.MappedInterceptor#0,org.springframework.web.servlet.mvc.method.annotation.ExceptionHandlerExceptionResolver#0,org.springframework.web.servlet.mvc.annotation.ResponseStatusExceptionResolver#0,org.springframework.web.servlet.mvc.support.DefaultHandlerExceptionResolver#0,org.springframework.web.servlet.handler.BeanNameUrlHandlerMapping,org.springframework.web.servlet.mvc.HttpRequestHandlerAdapter,org.springframework.web.servlet.mvc.SimpleControllerHandlerAdapter,alibaichuanService,buyNewService,imageService,org.springframework.context.annotation.internalConfigurationAnnotationProcessor,org.springframework.context.annotation.internalAutowiredAnnotationProcessor,org.springframework.context.annotation.internalRequiredAnnotationProcessor,org.springframework.context.annotation.internalCommonAnnotationProcessor,redisCacheManager,transactionManager,org.springframework.aop.config.internalAutoProxyCreator,org.springframework.transaction.annotation.AnnotationTransactionAttributeSource#0,org.springframework.transaction.interceptor.TransactionInterceptor#0,org.springframework.transaction.config.internalTransactionAdvisor,jedisPoolConfig,jedisConnectionFactory,redisTemplate,org.springframework.context.annotation.ConfigurationClassPostProcessor.importAwareProcessor,activityDetailMapper,brandFashionMapper,brandMapper,buynewActivityMapper,buyPoolsMapper,fashionClassifyMapper,fashionMapper,hotLableMapper,poolFashionMapper,searchMapper,venueMapper]; root of factory hierarchy
20:38:04.125 [main] INFO  o.s.web.context.ContextLoader - Root WebApplicationContext: initialization completed in 3333 ms
20:38:04.183 [main] INFO  o.s.web.servlet.DispatcherServlet - FrameworkServlet 'lab-web': initialization started
20:38:04.187 [main] INFO  o.s.w.c.s.XmlWebApplicationContext - Refreshing WebApplicationContext for namespace 'lab-web-servlet': startup date [Sun Jul 31 20:38:04 CST 2016]; parent: Root WebApplicationContext
20:38:04.188 [main] INFO  o.s.b.f.xml.XmlBeanDefinitionReader - Loading XML bean definitions from class path resource [config/springmvc.xml]
20:38:04.536 [main] INFO  o.s.b.f.s.DefaultListableBeanFactory - Pre-instantiating singletons in org.springframework.beans.factory.support.DefaultListableBeanFactory@747df42c: defining beans [mvcContentNegotiationManager,org.springframework.web.servlet.mvc.method.annotation.RequestMappingHandlerMapping#0,org.springframework.format.support.FormattingConversionServiceFactoryBean#0,org.springframework.web.servlet.mvc.method.annotation.RequestMappingHandlerAdapter#0,org.springframework.web.servlet.handler.MappedInterceptor#0,org.springframework.web.servlet.mvc.method.annotation.ExceptionHandlerExceptionResolver#0,org.springframework.web.servlet.mvc.annotation.ResponseStatusExceptionResolver#0,org.springframework.web.servlet.mvc.support.DefaultHandlerExceptionResolver#0,org.springframework.web.servlet.handler.BeanNameUrlHandlerMapping,org.springframework.web.servlet.mvc.HttpRequestHandlerAdapter,org.springframework.web.servlet.mvc.SimpleControllerHandlerAdapter,buyNewController,exceptionController,org.springframework.context.annotation.internalConfigurationAnnotationProcessor,org.springframework.context.annotation.internalAutowiredAnnotationProcessor,org.springframework.context.annotation.internalRequiredAnnotationProcessor,org.springframework.context.annotation.internalCommonAnnotationProcessor,viewResolver,org.springframework.context.annotation.ConfigurationClassPostProcessor.importAwareProcessor]; parent: org.springframework.beans.factory.support.DefaultListableBeanFactory@78e86614
20:38:04.608 [main] INFO  o.s.w.s.m.m.a.RequestMappingHandlerMapping - Mapped "{[/buynew/V1/search],methods=[],params=[],headers=[],consumes=[],produces=[],custom=[]}" onto public void com.group.lab.controller.BuyNewController.search(javax.servlet.http.HttpServletRequest,javax.servlet.http.HttpServletResponse)
20:38:04.609 [main] INFO  o.s.w.s.m.m.a.RequestMappingHandlerMapping - Mapped "{[/buynew/V1/receiveMsg],methods=[],params=[],headers=[],consumes=[],produces=[],custom=[]}" onto public void com.group.lab.controller.BuyNewController.receiveMsg(javax.servlet.http.HttpServletRequest,javax.servlet.http.HttpServletResponse) throws com.taobao.api.internal.toplink.LinkException
20:38:04.609 [main] INFO  o.s.w.s.m.m.a.RequestMappingHandlerMapping - Mapped "{[/buynew/V1/getActivitys],methods=[],params=[],headers=[],consumes=[],produces=[],custom=[]}" onto public void com.group.lab.controller.BuyNewController.getActivitys(javax.servlet.http.HttpServletRequest,javax.servlet.http.HttpServletResponse)
20:38:04.609 [main] INFO  o.s.w.s.m.m.a.RequestMappingHandlerMapping - Mapped "{[/buynew/V1/getSYFashionPoolData],methods=[],params=[],headers=[],consumes=[],produces=[],custom=[]}" onto public void com.group.lab.controller.BuyNewController.getSYFashionPoolData(javax.servlet.http.HttpServletRequest,javax.servlet.http.HttpServletResponse)
20:38:04.610 [main] INFO  o.s.w.s.m.m.a.RequestMappingHandlerMapping - Mapped "{[/buynew/V1/getPoolFashions],methods=[],params=[],headers=[],consumes=[],produces=[],custom=[]}" onto public void com.group.lab.controller.BuyNewController.getPoolFashions(javax.servlet.http.HttpServletRequest,javax.servlet.http.HttpServletResponse)
20:38:04.611 [main] INFO  o.s.w.s.m.m.a.RequestMappingHandlerMapping - Mapped "{[/buynew/V1/getSaleFashions],methods=[],params=[],headers=[],consumes=[],produces=[],custom=[]}" onto public void com.group.lab.controller.BuyNewController.getSaleFashions(javax.servlet.http.HttpServletRequest,javax.servlet.http.HttpServletResponse)
20:38:04.611 [main] INFO  o.s.w.s.m.m.a.RequestMappingHandlerMapping - Mapped "{[/buynew/V1/getMainBrandData],methods=[],params=[],headers=[],consumes=[],produces=[],custom=[]}" onto public void com.group.lab.controller.BuyNewController.getMainBrandData(javax.servlet.http.HttpServletRequest,javax.servlet.http.HttpServletResponse)
20:38:04.611 [main] INFO  o.s.w.s.m.m.a.RequestMappingHandlerMapping - Mapped "{[/buynew/V1/getBrandData],methods=[],params=[],headers=[],consumes=[],produces=[],custom=[]}" onto public void com.group.lab.controller.BuyNewController.getBrandData(javax.servlet.http.HttpServletRequest,javax.servlet.http.HttpServletResponse)
20:38:04.612 [main] INFO  o.s.w.s.m.m.a.RequestMappingHandlerMapping - Mapped "{[/buynew/V1/getVenueData],methods=[],params=[],headers=[],consumes=[],produces=[],custom=[]}" onto public void com.group.lab.controller.BuyNewController.getVenueData(javax.servlet.http.HttpServletRequest,javax.servlet.http.HttpServletResponse)
20:38:04.612 [main] INFO  o.s.w.s.m.m.a.RequestMappingHandlerMapping - Mapped "{[/buynew/V1/getVenues],methods=[],params=[],headers=[],consumes=[],produces=[],custom=[]}" onto public void com.group.lab.controller.BuyNewController.getVenues(javax.servlet.http.HttpServletRequest,javax.servlet.http.HttpServletResponse)
20:38:04.613 [main] INFO  o.s.w.s.m.m.a.RequestMappingHandlerMapping - Mapped "{[/buynew/V1/getVenueBrands],methods=[],params=[],headers=[],consumes=[],produces=[],custom=[]}" onto public void com.group.lab.controller.BuyNewController.getVenueBrands(javax.servlet.http.HttpServletRequest,javax.servlet.http.HttpServletResponse)
20:38:04.613 [main] INFO  o.s.w.s.m.m.a.RequestMappingHandlerMapping - Mapped "{[/buynew/V1/getVenueFashions],methods=[],params=[],headers=[],consumes=[],produces=[],custom=[]}" onto public void com.group.lab.controller.BuyNewController.getVenueFashions(javax.servlet.http.HttpServletRequest,javax.servlet.http.HttpServletResponse)
20:38:04.614 [main] INFO  o.s.w.s.m.m.a.RequestMappingHandlerMapping - Mapped "{[/buynew/V1/getBrands],methods=[],params=[],headers=[],consumes=[],produces=[],custom=[]}" onto public void com.group.lab.controller.BuyNewController.getBrands(javax.servlet.http.HttpServletRequest,javax.servlet.http.HttpServletResponse)
20:38:04.614 [main] INFO  o.s.w.s.m.m.a.RequestMappingHandlerMapping - Mapped "{[/buynew/V1/getBrandFashions],methods=[],params=[],headers=[],consumes=[],produces=[],custom=[]}" onto public void com.group.lab.controller.BuyNewController.getBrandFashions(javax.servlet.http.HttpServletRequest,javax.servlet.http.HttpServletResponse)
20:38:04.614 [main] INFO  o.s.w.s.m.m.a.RequestMappingHandlerMapping - Mapped "{[/buynew/V1/getFashionClassify],methods=[],params=[],headers=[],consumes=[],produces=[],custom=[]}" onto public void com.group.lab.controller.BuyNewController.getFashionClassify(javax.servlet.http.HttpServletRequest,javax.servlet.http.HttpServletResponse)
20:38:04.615 [main] INFO  o.s.w.s.m.m.a.RequestMappingHandlerMapping - Mapped "{[/buynew/V1/getLeafClassify],methods=[],params=[],headers=[],consumes=[],produces=[],custom=[]}" onto public void com.group.lab.controller.BuyNewController.getLeafClassify(javax.servlet.http.HttpServletRequest,javax.servlet.http.HttpServletResponse)
20:38:04.615 [main] INFO  o.s.w.s.m.m.a.RequestMappingHandlerMapping - Mapped "{[/buynew/V1/getHotLabels],methods=[],params=[],headers=[],consumes=[],produces=[],custom=[]}" onto public void com.group.lab.controller.BuyNewController.getHotLabels(javax.servlet.http.HttpServletRequest,javax.servlet.http.HttpServletResponse)
20:38:04.615 [main] INFO  o.s.w.s.m.m.a.RequestMappingHandlerMapping - Mapped "{[/buynew/V1/getHotSearch],methods=[],params=[],headers=[],consumes=[],produces=[],custom=[]}" onto public void com.group.lab.controller.BuyNewController.getHotSearch(javax.servlet.http.HttpServletRequest,javax.servlet.http.HttpServletResponse)
20:38:04.616 [main] INFO  o.s.w.s.m.m.a.RequestMappingHandlerMapping - Mapped "{[/buynew/V1/getFashionDetail],methods=[],params=[],headers=[],consumes=[],produces=[],custom=[]}" onto public void com.group.lab.controller.BuyNewController.getFashionDetail(javax.servlet.http.HttpServletRequest,javax.servlet.http.HttpServletResponse)
20:38:04.632 [main] INFO  o.s.w.s.m.m.a.RequestMappingHandlerMapping - Mapped "{[/buynew/V1/getActivityDetail],methods=[],params=[],headers=[],consumes=[],produces=[],custom=[]}" onto public void com.group.lab.controller.BuyNewController.getActivityDetail(javax.servlet.http.HttpServletRequest,javax.servlet.http.HttpServletResponse)
20:38:04.800 [main] INFO  o.s.w.s.m.m.a.ExceptionHandlerExceptionResolver - Detected @ExceptionHandler methods in exceptionController
20:38:04.864 [main] INFO  o.s.web.servlet.DispatcherServlet - FrameworkServlet 'lab-web': initialization completed in 681 ms
20:38:29.376 [2047033626@qtp-1936269821-0] INFO  c.g.core.controller.BaseController - 请求接口：getSYFashionPoolData
20:40:53.742 [2047033626@qtp-1936269821-0] INFO  c.g.core.controller.BaseController - 请求接口：getPoolFashions
20:40:53.780 [2047033626@qtp-1936269821-0] INFO  c.g.core.controller.BaseController - 【text-- the key:poolId ,value :1】
20:40:53.780 [2047033626@qtp-1936269821-0] INFO  c.g.core.controller.BaseController - 【text-- the key:pageNo ,value :1】
21:44:09.029 [main] INFO  o.s.web.context.ContextLoader - Root WebApplicationContext: initialization started
21:44:09.143 [main] INFO  o.s.w.c.s.XmlWebApplicationContext - Refreshing Root WebApplicationContext: startup date [Sun Jul 31 21:44:09 CST 2016]; root of context hierarchy
21:44:09.222 [main] INFO  o.s.b.f.xml.XmlBeanDefinitionReader - Loading XML bean definitions from file [D:\projects\kkmy\lab\lab-alibaba\target\classes\config\spring-mybatis.xml]
21:44:09.393 [main] INFO  o.s.b.f.xml.XmlBeanDefinitionReader - Loading XML bean definitions from file [D:\projects\kkmy\lab\lab-alibaba\target\classes\config\spring-service.xml]
21:44:09.818 [main] INFO  o.s.b.f.c.PropertyPlaceholderConfigurer - Loading properties file from class path resource [config/config_test.properties]
21:44:09.846 [main] INFO  o.s.b.f.s.DefaultListableBeanFactory - Pre-instantiating singletons in org.springframework.beans.factory.support.DefaultListableBeanFactory@709a1411: defining beans [org.springframework.beans.factory.config.PropertyPlaceholderConfigurer#0,mvcContentNegotiationManager,org.springframework.web.servlet.mvc.method.annotation.RequestMappingHandlerMapping#0,org.springframework.format.support.FormattingConversionServiceFactoryBean#0,org.springframework.web.servlet.mvc.method.annotation.RequestMappingHandlerAdapter#0,org.springframework.web.servlet.handler.MappedInterceptor#0,org.springframework.web.servlet.mvc.method.annotation.ExceptionHandlerExceptionResolver#0,org.springframework.web.servlet.mvc.annotation.ResponseStatusExceptionResolver#0,org.springframework.web.servlet.mvc.support.DefaultHandlerExceptionResolver#0,org.springframework.web.servlet.handler.BeanNameUrlHandlerMapping,org.springframework.web.servlet.mvc.HttpRequestHandlerAdapter,org.springframework.web.servlet.mvc.SimpleControllerHandlerAdapter,aliBaichuanService,imageService,org.springframework.context.annotation.internalConfigurationAnnotationProcessor,org.springframework.context.annotation.internalAutowiredAnnotationProcessor,org.springframework.context.annotation.internalRequiredAnnotationProcessor,org.springframework.context.annotation.internalCommonAnnotationProcessor,redisCacheManager,jedisPoolConfig,jedisConnectionFactory,redisTemplate,org.springframework.context.annotation.ConfigurationClassPostProcessor.importAwareProcessor]; root of factory hierarchy
21:44:10.348 [main] INFO  o.s.web.context.ContextLoader - Root WebApplicationContext: initialization completed in 1315 ms
21:44:10.415 [main] INFO  o.s.web.servlet.DispatcherServlet - FrameworkServlet 'lab-alibaba': initialization started
21:44:10.419 [main] INFO  o.s.w.c.s.XmlWebApplicationContext - Refreshing WebApplicationContext for namespace 'lab-alibaba-servlet': startup date [Sun Jul 31 21:44:10 CST 2016]; parent: Root WebApplicationContext
21:44:10.420 [main] INFO  o.s.b.f.xml.XmlBeanDefinitionReader - Loading XML bean definitions from class path resource [config/springmvc.xml]
21:44:10.538 [main] INFO  o.s.b.f.s.DefaultListableBeanFactory - Pre-instantiating singletons in org.springframework.beans.factory.support.DefaultListableBeanFactory@55641ee0: defining beans [mvcContentNegotiationManager,org.springframework.web.servlet.mvc.method.annotation.RequestMappingHandlerMapping#0,org.springframework.format.support.FormattingConversionServiceFactoryBean#0,org.springframework.web.servlet.mvc.method.annotation.RequestMappingHandlerAdapter#0,org.springframework.web.servlet.handler.MappedInterceptor#0,org.springframework.web.servlet.mvc.method.annotation.ExceptionHandlerExceptionResolver#0,org.springframework.web.servlet.mvc.annotation.ResponseStatusExceptionResolver#0,org.springframework.web.servlet.mvc.support.DefaultHandlerExceptionResolver#0,org.springframework.web.servlet.handler.BeanNameUrlHandlerMapping,org.springframework.web.servlet.mvc.HttpRequestHandlerAdapter,org.springframework.web.servlet.mvc.SimpleControllerHandlerAdapter,aliBaichuanController,exceptionController,org.springframework.context.annotation.internalConfigurationAnnotationProcessor,org.springframework.context.annotation.internalAutowiredAnnotationProcessor,org.springframework.context.annotation.internalRequiredAnnotationProcessor,org.springframework.context.annotation.internalCommonAnnotationProcessor,viewResolver,org.springframework.context.annotation.ConfigurationClassPostProcessor.importAwareProcessor]; parent: org.springframework.beans.factory.support.DefaultListableBeanFactory@709a1411
21:44:10.581 [main] INFO  o.s.w.s.m.m.a.RequestMappingHandlerMapping - Mapped "{[/baichuan/taobaoTaeItemsList],methods=[],params=[],headers=[],consumes=[],produces=[],custom=[]}" onto public void com.group.alibaba.controller.AliBaichuanController.taobaoTaeItemsList(javax.servlet.http.HttpServletRequest,javax.servlet.http.HttpServletResponse) throws com.taobao.api.ApiException
21:44:10.582 [main] INFO  o.s.w.s.m.m.a.RequestMappingHandlerMapping - Mapped "{[/baichuan/taobaoTaeItemDetailGet],methods=[],params=[],headers=[],consumes=[],produces=[],custom=[]}" onto public void com.group.alibaba.controller.AliBaichuanController.taobaoTaeItemDetailGet(javax.servlet.http.HttpServletRequest,javax.servlet.http.HttpServletResponse) throws com.taobao.api.ApiException
21:44:10.983 [main] INFO  o.s.w.s.m.m.a.ExceptionHandlerExceptionResolver - Detected @ExceptionHandler methods in exceptionController
21:44:11.078 [main] INFO  o.s.web.servlet.DispatcherServlet - FrameworkServlet 'lab-alibaba': initialization completed in 663 ms
21:44:20.271 [main] INFO  o.s.web.context.ContextLoader - Root WebApplicationContext: initialization started
21:44:20.390 [main] INFO  o.s.w.c.s.XmlWebApplicationContext - Refreshing Root WebApplicationContext: startup date [Sun Jul 31 21:44:20 CST 2016]; root of context hierarchy
21:44:20.473 [main] INFO  o.s.b.f.xml.XmlBeanDefinitionReader - Loading XML bean definitions from file [D:\projects\kkmy\lab\lab-web\target\classes\config\spring-mybatis.xml]
21:44:20.694 [main] INFO  o.s.b.f.xml.XmlBeanDefinitionReader - Loading XML bean definitions from file [D:\projects\kkmy\lab\lab-web\target\classes\config\spring-service.xml]
21:44:21.330 [main] INFO  o.s.b.f.c.PropertyPlaceholderConfigurer - Loading properties file from class path resource [config/config_test.properties]
21:44:21.393 [main] INFO  o.s.b.f.s.DefaultListableBeanFactory - Pre-instantiating singletons in org.springframework.beans.factory.support.DefaultListableBeanFactory@b6e1782: defining beans [org.springframework.beans.factory.config.PropertyPlaceholderConfigurer#0,dataSource,sqlSessionFactory,org.mybatis.spring.mapper.MapperScannerConfigurer#0,mvcContentNegotiationManager,org.springframework.web.servlet.mvc.method.annotation.RequestMappingHandlerMapping#0,org.springframework.format.support.FormattingConversionServiceFactoryBean#0,org.springframework.web.servlet.mvc.method.annotation.RequestMappingHandlerAdapter#0,org.springframework.web.servlet.handler.MappedInterceptor#0,org.springframework.web.servlet.mvc.method.annotation.ExceptionHandlerExceptionResolver#0,org.springframework.web.servlet.mvc.annotation.ResponseStatusExceptionResolver#0,org.springframework.web.servlet.mvc.support.DefaultHandlerExceptionResolver#0,org.springframework.web.servlet.handler.BeanNameUrlHandlerMapping,org.springframework.web.servlet.mvc.HttpRequestHandlerAdapter,org.springframework.web.servlet.mvc.SimpleControllerHandlerAdapter,alibaichuanService,buyNewService,imageService,org.springframework.context.annotation.internalConfigurationAnnotationProcessor,org.springframework.context.annotation.internalAutowiredAnnotationProcessor,org.springframework.context.annotation.internalRequiredAnnotationProcessor,org.springframework.context.annotation.internalCommonAnnotationProcessor,redisCacheManager,transactionManager,org.springframework.aop.config.internalAutoProxyCreator,org.springframework.transaction.annotation.AnnotationTransactionAttributeSource#0,org.springframework.transaction.interceptor.TransactionInterceptor#0,org.springframework.transaction.config.internalTransactionAdvisor,jedisPoolConfig,jedisConnectionFactory,redisTemplate,org.springframework.context.annotation.ConfigurationClassPostProcessor.importAwareProcessor,activityDetailMapper,brandFashionMapper,brandMapper,buynewActivityMapper,buyPoolsMapper,fashionClassifyMapper,fashionMapper,hotClassFashionMapper,hotClassMapper,hotLableMapper,poolFashionMapper,searchMapper,venueMapper]; root of factory hierarchy
21:44:24.110 [main] INFO  o.s.web.context.ContextLoader - Root WebApplicationContext: initialization completed in 3832 ms
21:44:24.175 [main] INFO  o.s.web.servlet.DispatcherServlet - FrameworkServlet 'lab-web': initialization started
21:44:24.179 [main] INFO  o.s.w.c.s.XmlWebApplicationContext - Refreshing WebApplicationContext for namespace 'lab-web-servlet': startup date [Sun Jul 31 21:44:24 CST 2016]; parent: Root WebApplicationContext
21:44:24.180 [main] INFO  o.s.b.f.xml.XmlBeanDefinitionReader - Loading XML bean definitions from class path resource [config/springmvc.xml]
21:44:24.274 [main] INFO  o.s.b.f.s.DefaultListableBeanFactory - Pre-instantiating singletons in org.springframework.beans.factory.support.DefaultListableBeanFactory@23f9e6e5: defining beans [mvcContentNegotiationManager,org.springframework.web.servlet.mvc.method.annotation.RequestMappingHandlerMapping#0,org.springframework.format.support.FormattingConversionServiceFactoryBean#0,org.springframework.web.servlet.mvc.method.annotation.RequestMappingHandlerAdapter#0,org.springframework.web.servlet.handler.MappedInterceptor#0,org.springframework.web.servlet.mvc.method.annotation.ExceptionHandlerExceptionResolver#0,org.springframework.web.servlet.mvc.annotation.ResponseStatusExceptionResolver#0,org.springframework.web.servlet.mvc.support.DefaultHandlerExceptionResolver#0,org.springframework.web.servlet.handler.BeanNameUrlHandlerMapping,org.springframework.web.servlet.mvc.HttpRequestHandlerAdapter,org.springframework.web.servlet.mvc.SimpleControllerHandlerAdapter,buyNewController,exceptionController,org.springframework.context.annotation.internalConfigurationAnnotationProcessor,org.springframework.context.annotation.internalAutowiredAnnotationProcessor,org.springframework.context.annotation.internalRequiredAnnotationProcessor,org.springframework.context.annotation.internalCommonAnnotationProcessor,viewResolver,org.springframework.context.annotation.ConfigurationClassPostProcessor.importAwareProcessor]; parent: org.springframework.beans.factory.support.DefaultListableBeanFactory@b6e1782
21:44:24.462 [main] INFO  o.s.w.s.m.m.a.RequestMappingHandlerMapping - Mapped "{[/buynew/V1/search],methods=[],params=[],headers=[],consumes=[],produces=[],custom=[]}" onto public void com.group.lab.controller.BuyNewController.search(javax.servlet.http.HttpServletRequest,javax.servlet.http.HttpServletResponse)
21:44:24.462 [main] INFO  o.s.w.s.m.m.a.RequestMappingHandlerMapping - Mapped "{[/buynew/V1/receiveMsg],methods=[],params=[],headers=[],consumes=[],produces=[],custom=[]}" onto public void com.group.lab.controller.BuyNewController.receiveMsg(javax.servlet.http.HttpServletRequest,javax.servlet.http.HttpServletResponse) throws com.taobao.api.internal.toplink.LinkException
21:44:24.463 [main] INFO  o.s.w.s.m.m.a.RequestMappingHandlerMapping - Mapped "{[/buynew/V1/getActivitys],methods=[],params=[],headers=[],consumes=[],produces=[],custom=[]}" onto public void com.group.lab.controller.BuyNewController.getActivitys(javax.servlet.http.HttpServletRequest,javax.servlet.http.HttpServletResponse)
21:44:24.464 [main] INFO  o.s.w.s.m.m.a.RequestMappingHandlerMapping - Mapped "{[/buynew/V1/getSYFashionPoolData],methods=[],params=[],headers=[],consumes=[],produces=[],custom=[]}" onto public void com.group.lab.controller.BuyNewController.getSYFashionPoolData(javax.servlet.http.HttpServletRequest,javax.servlet.http.HttpServletResponse)
21:44:24.464 [main] INFO  o.s.w.s.m.m.a.RequestMappingHandlerMapping - Mapped "{[/buynew/V1/getPoolFashions],methods=[],params=[],headers=[],consumes=[],produces=[],custom=[]}" onto public void com.group.lab.controller.BuyNewController.getPoolFashions(javax.servlet.http.HttpServletRequest,javax.servlet.http.HttpServletResponse)
21:44:24.465 [main] INFO  o.s.w.s.m.m.a.RequestMappingHandlerMapping - Mapped "{[/buynew/V1/getSaleFashions],methods=[],params=[],headers=[],consumes=[],produces=[],custom=[]}" onto public void com.group.lab.controller.BuyNewController.getSaleFashions(javax.servlet.http.HttpServletRequest,javax.servlet.http.HttpServletResponse)
21:44:24.465 [main] INFO  o.s.w.s.m.m.a.RequestMappingHandlerMapping - Mapped "{[/buynew/V1/getMainBrandData],methods=[],params=[],headers=[],consumes=[],produces=[],custom=[]}" onto public void com.group.lab.controller.BuyNewController.getMainBrandData(javax.servlet.http.HttpServletRequest,javax.servlet.http.HttpServletResponse)
21:44:24.466 [main] INFO  o.s.w.s.m.m.a.RequestMappingHandlerMapping - Mapped "{[/buynew/V1/getBrandData],methods=[],params=[],headers=[],consumes=[],produces=[],custom=[]}" onto public void com.group.lab.controller.BuyNewController.getBrandData(javax.servlet.http.HttpServletRequest,javax.servlet.http.HttpServletResponse)
21:44:24.466 [main] INFO  o.s.w.s.m.m.a.RequestMappingHandlerMapping - Mapped "{[/buynew/V1/getHotClassData],methods=[],params=[],headers=[],consumes=[],produces=[],custom=[]}" onto public void com.group.lab.controller.BuyNewController.getHotClassData(javax.servlet.http.HttpServletRequest,javax.servlet.http.HttpServletResponse)
21:44:24.467 [main] INFO  o.s.w.s.m.m.a.RequestMappingHandlerMapping - Mapped "{[/buynew/V1/getVenueData],methods=[],params=[],headers=[],consumes=[],produces=[],custom=[]}" onto public void com.group.lab.controller.BuyNewController.getVenueData(javax.servlet.http.HttpServletRequest,javax.servlet.http.HttpServletResponse)
21:44:24.467 [main] INFO  o.s.w.s.m.m.a.RequestMappingHandlerMapping - Mapped "{[/buynew/V1/getVenues],methods=[],params=[],headers=[],consumes=[],produces=[],custom=[]}" onto public void com.group.lab.controller.BuyNewController.getVenues(javax.servlet.http.HttpServletRequest,javax.servlet.http.HttpServletResponse)
21:44:24.468 [main] INFO  o.s.w.s.m.m.a.RequestMappingHandlerMapping - Mapped "{[/buynew/V1/getVenueBrands],methods=[],params=[],headers=[],consumes=[],produces=[],custom=[]}" onto public void com.group.lab.controller.BuyNewController.getVenueBrands(javax.servlet.http.HttpServletRequest,javax.servlet.http.HttpServletResponse)
21:44:24.468 [main] INFO  o.s.w.s.m.m.a.RequestMappingHandlerMapping - Mapped "{[/buynew/V1/getVenueFashions],methods=[],params=[],headers=[],consumes=[],produces=[],custom=[]}" onto public void com.group.lab.controller.BuyNewController.getVenueFashions(javax.servlet.http.HttpServletRequest,javax.servlet.http.HttpServletResponse)
21:44:24.469 [main] INFO  o.s.w.s.m.m.a.RequestMappingHandlerMapping - Mapped "{[/buynew/V1/getBrands],methods=[],params=[],headers=[],consumes=[],produces=[],custom=[]}" onto public void com.group.lab.controller.BuyNewController.getBrands(javax.servlet.http.HttpServletRequest,javax.servlet.http.HttpServletResponse)
21:44:24.469 [main] INFO  o.s.w.s.m.m.a.RequestMappingHandlerMapping - Mapped "{[/buynew/V1/getBrandFashions],methods=[],params=[],headers=[],consumes=[],produces=[],custom=[]}" onto public void com.group.lab.controller.BuyNewController.getBrandFashions(javax.servlet.http.HttpServletRequest,javax.servlet.http.HttpServletResponse)
21:44:24.470 [main] INFO  o.s.w.s.m.m.a.RequestMappingHandlerMapping - Mapped "{[/buynew/V1/getFashionClassify],methods=[],params=[],headers=[],consumes=[],produces=[],custom=[]}" onto public void com.group.lab.controller.BuyNewController.getFashionClassify(javax.servlet.http.HttpServletRequest,javax.servlet.http.HttpServletResponse)
21:44:24.470 [main] INFO  o.s.w.s.m.m.a.RequestMappingHandlerMapping - Mapped "{[/buynew/V1/getLeafClassify],methods=[],params=[],headers=[],consumes=[],produces=[],custom=[]}" onto public void com.group.lab.controller.BuyNewController.getLeafClassify(javax.servlet.http.HttpServletRequest,javax.servlet.http.HttpServletResponse)
21:44:24.471 [main] INFO  o.s.w.s.m.m.a.RequestMappingHandlerMapping - Mapped "{[/buynew/V1/getHotLabels],methods=[],params=[],headers=[],consumes=[],produces=[],custom=[]}" onto public void com.group.lab.controller.BuyNewController.getHotLabels(javax.servlet.http.HttpServletRequest,javax.servlet.http.HttpServletResponse)
21:44:24.471 [main] INFO  o.s.w.s.m.m.a.RequestMappingHandlerMapping - Mapped "{[/buynew/V1/getHotSearch],methods=[],params=[],headers=[],consumes=[],produces=[],custom=[]}" onto public void com.group.lab.controller.BuyNewController.getHotSearch(javax.servlet.http.HttpServletRequest,javax.servlet.http.HttpServletResponse)
21:44:24.472 [main] INFO  o.s.w.s.m.m.a.RequestMappingHandlerMapping - Mapped "{[/buynew/V1/getFashionDetail],methods=[],params=[],headers=[],consumes=[],produces=[],custom=[]}" onto public void com.group.lab.controller.BuyNewController.getFashionDetail(javax.servlet.http.HttpServletRequest,javax.servlet.http.HttpServletResponse)
21:44:24.472 [main] INFO  o.s.w.s.m.m.a.RequestMappingHandlerMapping - Mapped "{[/buynew/V1/getActivityDetail],methods=[],params=[],headers=[],consumes=[],produces=[],custom=[]}" onto public void com.group.lab.controller.BuyNewController.getActivityDetail(javax.servlet.http.HttpServletRequest,javax.servlet.http.HttpServletResponse)
21:44:24.660 [main] INFO  o.s.w.s.m.m.a.ExceptionHandlerExceptionResolver - Detected @ExceptionHandler methods in exceptionController
21:44:24.753 [main] INFO  o.s.web.servlet.DispatcherServlet - FrameworkServlet 'lab-web': initialization completed in 578 ms
22:18:41.526 [main] INFO  o.s.web.context.ContextLoader - Root WebApplicationContext: initialization started
22:18:41.641 [main] INFO  o.s.w.c.s.XmlWebApplicationContext - Refreshing Root WebApplicationContext: startup date [Sun Jul 31 22:18:41 CST 2016]; root of context hierarchy
22:18:41.721 [main] INFO  o.s.b.f.xml.XmlBeanDefinitionReader - Loading XML bean definitions from file [D:\projects\kkmy\lab\lab-web\target\classes\config\spring-mybatis.xml]
22:18:41.889 [main] INFO  o.s.b.f.xml.XmlBeanDefinitionReader - Loading XML bean definitions from file [D:\projects\kkmy\lab\lab-web\target\classes\config\spring-service.xml]
22:18:42.411 [main] INFO  o.s.b.f.c.PropertyPlaceholderConfigurer - Loading properties file from class path resource [config/config_test.properties]
22:18:42.495 [main] INFO  o.s.b.f.s.DefaultListableBeanFactory - Pre-instantiating singletons in org.springframework.beans.factory.support.DefaultListableBeanFactory@68c95daa: defining beans [org.springframework.beans.factory.config.PropertyPlaceholderConfigurer#0,dataSource,sqlSessionFactory,org.mybatis.spring.mapper.MapperScannerConfigurer#0,mvcContentNegotiationManager,org.springframework.web.servlet.mvc.method.annotation.RequestMappingHandlerMapping#0,org.springframework.format.support.FormattingConversionServiceFactoryBean#0,org.springframework.web.servlet.mvc.method.annotation.RequestMappingHandlerAdapter#0,org.springframework.web.servlet.handler.MappedInterceptor#0,org.springframework.web.servlet.mvc.method.annotation.ExceptionHandlerExceptionResolver#0,org.springframework.web.servlet.mvc.annotation.ResponseStatusExceptionResolver#0,org.springframework.web.servlet.mvc.support.DefaultHandlerExceptionResolver#0,org.springframework.web.servlet.handler.BeanNameUrlHandlerMapping,org.springframework.web.servlet.mvc.HttpRequestHandlerAdapter,org.springframework.web.servlet.mvc.SimpleControllerHandlerAdapter,alibaichuanService,buyNewService,imageService,org.springframework.context.annotation.internalConfigurationAnnotationProcessor,org.springframework.context.annotation.internalAutowiredAnnotationProcessor,org.springframework.context.annotation.internalRequiredAnnotationProcessor,org.springframework.context.annotation.internalCommonAnnotationProcessor,redisCacheManager,transactionManager,org.springframework.aop.config.internalAutoProxyCreator,org.springframework.transaction.annotation.AnnotationTransactionAttributeSource#0,org.springframework.transaction.interceptor.TransactionInterceptor#0,org.springframework.transaction.config.internalTransactionAdvisor,jedisPoolConfig,jedisConnectionFactory,redisTemplate,org.springframework.context.annotation.ConfigurationClassPostProcessor.importAwareProcessor,activityDetailMapper,brandFashionMapper,brandMapper,buynewActivityMapper,buyPoolsMapper,fashionClassifyMapper,fashionMapper,hotClassFashionMapper,hotClassMapper,hotLableMapper,poolFashionMapper,searchMapper,venueMapper]; root of factory hierarchy
22:18:45.081 [main] INFO  o.s.web.context.ContextLoader - Root WebApplicationContext: initialization completed in 3551 ms
22:18:45.139 [main] INFO  o.s.web.servlet.DispatcherServlet - FrameworkServlet 'lab-web': initialization started
22:18:45.142 [main] INFO  o.s.w.c.s.XmlWebApplicationContext - Refreshing WebApplicationContext for namespace 'lab-web-servlet': startup date [Sun Jul 31 22:18:45 CST 2016]; parent: Root WebApplicationContext
22:18:45.143 [main] INFO  o.s.b.f.xml.XmlBeanDefinitionReader - Loading XML bean definitions from class path resource [config/springmvc.xml]
22:18:45.319 [main] INFO  o.s.b.f.s.DefaultListableBeanFactory - Pre-instantiating singletons in org.springframework.beans.factory.support.DefaultListableBeanFactory@26e56328: defining beans [mvcContentNegotiationManager,org.springframework.web.servlet.mvc.method.annotation.RequestMappingHandlerMapping#0,org.springframework.format.support.FormattingConversionServiceFactoryBean#0,org.springframework.web.servlet.mvc.method.annotation.RequestMappingHandlerAdapter#0,org.springframework.web.servlet.handler.MappedInterceptor#0,org.springframework.web.servlet.mvc.method.annotation.ExceptionHandlerExceptionResolver#0,org.springframework.web.servlet.mvc.annotation.ResponseStatusExceptionResolver#0,org.springframework.web.servlet.mvc.support.DefaultHandlerExceptionResolver#0,org.springframework.web.servlet.handler.BeanNameUrlHandlerMapping,org.springframework.web.servlet.mvc.HttpRequestHandlerAdapter,org.springframework.web.servlet.mvc.SimpleControllerHandlerAdapter,buyNewController,exceptionController,org.springframework.context.annotation.internalConfigurationAnnotationProcessor,org.springframework.context.annotation.internalAutowiredAnnotationProcessor,org.springframework.context.annotation.internalRequiredAnnotationProcessor,org.springframework.context.annotation.internalCommonAnnotationProcessor,viewResolver,org.springframework.context.annotation.ConfigurationClassPostProcessor.importAwareProcessor]; parent: org.springframework.beans.factory.support.DefaultListableBeanFactory@68c95daa
22:18:45.364 [main] INFO  o.s.w.s.m.m.a.RequestMappingHandlerMapping - Mapped "{[/buynew/V1/search],methods=[],params=[],headers=[],consumes=[],produces=[],custom=[]}" onto public void com.group.lab.controller.BuyNewController.search(javax.servlet.http.HttpServletRequest,javax.servlet.http.HttpServletResponse)
22:18:45.365 [main] INFO  o.s.w.s.m.m.a.RequestMappingHandlerMapping - Mapped "{[/buynew/V1/receiveMsg],methods=[],params=[],headers=[],consumes=[],produces=[],custom=[]}" onto public void com.group.lab.controller.BuyNewController.receiveMsg(javax.servlet.http.HttpServletRequest,javax.servlet.http.HttpServletResponse) throws com.taobao.api.internal.toplink.LinkException
22:18:45.366 [main] INFO  o.s.w.s.m.m.a.RequestMappingHandlerMapping - Mapped "{[/buynew/V1/getActivitys],methods=[],params=[],headers=[],consumes=[],produces=[],custom=[]}" onto public void com.group.lab.controller.BuyNewController.getActivitys(javax.servlet.http.HttpServletRequest,javax.servlet.http.HttpServletResponse)
22:18:45.366 [main] INFO  o.s.w.s.m.m.a.RequestMappingHandlerMapping - Mapped "{[/buynew/V1/getSYFashionPoolData],methods=[],params=[],headers=[],consumes=[],produces=[],custom=[]}" onto public void com.group.lab.controller.BuyNewController.getSYFashionPoolData(javax.servlet.http.HttpServletRequest,javax.servlet.http.HttpServletResponse)
22:18:45.367 [main] INFO  o.s.w.s.m.m.a.RequestMappingHandlerMapping - Mapped "{[/buynew/V1/getPoolFashions],methods=[],params=[],headers=[],consumes=[],produces=[],custom=[]}" onto public void com.group.lab.controller.BuyNewController.getPoolFashions(javax.servlet.http.HttpServletRequest,javax.servlet.http.HttpServletResponse)
22:18:45.367 [main] INFO  o.s.w.s.m.m.a.RequestMappingHandlerMapping - Mapped "{[/buynew/V1/getSaleFashions],methods=[],params=[],headers=[],consumes=[],produces=[],custom=[]}" onto public void com.group.lab.controller.BuyNewController.getSaleFashions(javax.servlet.http.HttpServletRequest,javax.servlet.http.HttpServletResponse)
22:18:45.369 [main] INFO  o.s.w.s.m.m.a.RequestMappingHandlerMapping - Mapped "{[/buynew/V1/getMainBrandData],methods=[],params=[],headers=[],consumes=[],produces=[],custom=[]}" onto public void com.group.lab.controller.BuyNewController.getMainBrandData(javax.servlet.http.HttpServletRequest,javax.servlet.http.HttpServletResponse)
22:18:45.369 [main] INFO  o.s.w.s.m.m.a.RequestMappingHandlerMapping - Mapped "{[/buynew/V1/getBrandData],methods=[],params=[],headers=[],consumes=[],produces=[],custom=[]}" onto public void com.group.lab.controller.BuyNewController.getBrandData(javax.servlet.http.HttpServletRequest,javax.servlet.http.HttpServletResponse)
22:18:45.370 [main] INFO  o.s.w.s.m.m.a.RequestMappingHandlerMapping - Mapped "{[/buynew/V1/getHotClassData],methods=[],params=[],headers=[],consumes=[],produces=[],custom=[]}" onto public void com.group.lab.controller.BuyNewController.getHotClassData(javax.servlet.http.HttpServletRequest,javax.servlet.http.HttpServletResponse)
22:18:45.370 [main] INFO  o.s.w.s.m.m.a.RequestMappingHandlerMapping - Mapped "{[/buynew/V1/getVenueData],methods=[],params=[],headers=[],consumes=[],produces=[],custom=[]}" onto public void com.group.lab.controller.BuyNewController.getVenueData(javax.servlet.http.HttpServletRequest,javax.servlet.http.HttpServletResponse)
22:18:45.371 [main] INFO  o.s.w.s.m.m.a.RequestMappingHandlerMapping - Mapped "{[/buynew/V1/getVenues],methods=[],params=[],headers=[],consumes=[],produces=[],custom=[]}" onto public void com.group.lab.controller.BuyNewController.getVenues(javax.servlet.http.HttpServletRequest,javax.servlet.http.HttpServletResponse)
22:18:45.371 [main] INFO  o.s.w.s.m.m.a.RequestMappingHandlerMapping - Mapped "{[/buynew/V1/getVenueBrands],methods=[],params=[],headers=[],consumes=[],produces=[],custom=[]}" onto public void com.group.lab.controller.BuyNewController.getVenueBrands(javax.servlet.http.HttpServletRequest,javax.servlet.http.HttpServletResponse)
22:18:45.372 [main] INFO  o.s.w.s.m.m.a.RequestMappingHandlerMapping - Mapped "{[/buynew/V1/getVenueFashions],methods=[],params=[],headers=[],consumes=[],produces=[],custom=[]}" onto public void com.group.lab.controller.BuyNewController.getVenueFashions(javax.servlet.http.HttpServletRequest,javax.servlet.http.HttpServletResponse)
22:18:45.373 [main] INFO  o.s.w.s.m.m.a.RequestMappingHandlerMapping - Mapped "{[/buynew/V1/getBrands],methods=[],params=[],headers=[],consumes=[],produces=[],custom=[]}" onto public void com.group.lab.controller.BuyNewController.getBrands(javax.servlet.http.HttpServletRequest,javax.servlet.http.HttpServletResponse)
22:18:45.373 [main] INFO  o.s.w.s.m.m.a.RequestMappingHandlerMapping - Mapped "{[/buynew/V1/getBrandFashions],methods=[],params=[],headers=[],consumes=[],produces=[],custom=[]}" onto public void com.group.lab.controller.BuyNewController.getBrandFashions(javax.servlet.http.HttpServletRequest,javax.servlet.http.HttpServletResponse)
22:18:45.374 [main] INFO  o.s.w.s.m.m.a.RequestMappingHandlerMapping - Mapped "{[/buynew/V1/getFashionClassify],methods=[],params=[],headers=[],consumes=[],produces=[],custom=[]}" onto public void com.group.lab.controller.BuyNewController.getFashionClassify(javax.servlet.http.HttpServletRequest,javax.servlet.http.HttpServletResponse)
22:18:45.374 [main] INFO  o.s.w.s.m.m.a.RequestMappingHandlerMapping - Mapped "{[/buynew/V1/getLeafClassify],methods=[],params=[],headers=[],consumes=[],produces=[],custom=[]}" onto public void com.group.lab.controller.BuyNewController.getLeafClassify(javax.servlet.http.HttpServletRequest,javax.servlet.http.HttpServletResponse)
22:18:45.375 [main] INFO  o.s.w.s.m.m.a.RequestMappingHandlerMapping - Mapped "{[/buynew/V1/getHotLabels],methods=[],params=[],headers=[],consumes=[],produces=[],custom=[]}" onto public void com.group.lab.controller.BuyNewController.getHotLabels(javax.servlet.http.HttpServletRequest,javax.servlet.http.HttpServletResponse)
22:18:45.375 [main] INFO  o.s.w.s.m.m.a.RequestMappingHandlerMapping - Mapped "{[/buynew/V1/getHotSearch],methods=[],params=[],headers=[],consumes=[],produces=[],custom=[]}" onto public void com.group.lab.controller.BuyNewController.getHotSearch(javax.servlet.http.HttpServletRequest,javax.servlet.http.HttpServletResponse)
22:18:45.376 [main] INFO  o.s.w.s.m.m.a.RequestMappingHandlerMapping - Mapped "{[/buynew/V1/getFashionDetail],methods=[],params=[],headers=[],consumes=[],produces=[],custom=[]}" onto public void com.group.lab.controller.BuyNewController.getFashionDetail(javax.servlet.http.HttpServletRequest,javax.servlet.http.HttpServletResponse)
22:18:45.376 [main] INFO  o.s.w.s.m.m.a.RequestMappingHandlerMapping - Mapped "{[/buynew/V1/getActivityDetail],methods=[],params=[],headers=[],consumes=[],produces=[],custom=[]}" onto public void com.group.lab.controller.BuyNewController.getActivityDetail(javax.servlet.http.HttpServletRequest,javax.servlet.http.HttpServletResponse)
22:18:45.650 [main] INFO  o.s.w.s.m.m.a.ExceptionHandlerExceptionResolver - Detected @ExceptionHandler methods in exceptionController
22:18:45.723 [main] INFO  o.s.web.servlet.DispatcherServlet - FrameworkServlet 'lab-web': initialization completed in 584 ms
22:19:15.753 [1111960904@qtp-2047033626-0] INFO  c.g.core.controller.BaseController - 请求接口：getPoolFashions
22:19:15.756 [1111960904@qtp-2047033626-0] INFO  c.g.core.controller.BaseController - 【text-- the key:poolId ,value :1】
22:19:15.756 [1111960904@qtp-2047033626-0] INFO  c.g.core.controller.BaseController - 【text-- the key:pageNo ,value :1】
22:19:39.660 [1111960904@qtp-2047033626-0] INFO  c.g.core.controller.BaseController - 请求接口：getHotClassData
22:23:30.028 [1111960904@qtp-2047033626-0] INFO  c.g.core.controller.BaseController - 请求接口：getHotClassData
22:23:42.054 [1111960904@qtp-2047033626-0] INFO  c.g.core.controller.BaseController - 请求接口：getHotClassData
22:36:44.657 [1111960904@qtp-2047033626-0] INFO  c.g.core.controller.BaseController - 请求接口：getHotClassData
