21:54:11.276 [main] INFO  o.s.web.context.ContextLoader - Root WebApplicationContext: initialization started
21:54:11.387 [main] INFO  o.s.w.c.s.XmlWebApplicationContext - Refreshing Root WebApplicationContext: startup date [Mon Jul 25 21:54:11 CST 2016]; root of context hierarchy
21:54:11.480 [main] INFO  o.s.b.f.xml.XmlBeanDefinitionReader - Loading XML bean definitions from file [D:\projects\kkmy\lab\lab-web\target\classes\config\spring-mybatis.xml]
21:54:11.714 [main] INFO  o.s.b.f.xml.XmlBeanDefinitionReader - Loading XML bean definitions from file [D:\projects\kkmy\lab\lab-web\target\classes\config\spring-service.xml]
21:54:12.260 [main] INFO  o.s.b.f.c.PropertyPlaceholderConfigurer - Loading properties file from class path resource [config/config_local.properties]
21:54:12.354 [main] INFO  o.s.b.f.s.DefaultListableBeanFactory - Pre-instantiating singletons in org.springframework.beans.factory.support.DefaultListableBeanFactory@5f82253: defining beans [org.springframework.beans.factory.config.PropertyPlaceholderConfigurer#0,dataSource,sqlSessionFactory,org.mybatis.spring.mapper.MapperScannerConfigurer#0,mvcContentNegotiationManager,org.springframework.web.servlet.mvc.method.annotation.RequestMappingHandlerMapping#0,org.springframework.format.support.FormattingConversionServiceFactoryBean#0,org.springframework.web.servlet.mvc.method.annotation.RequestMappingHandlerAdapter#0,org.springframework.web.servlet.handler.MappedInterceptor#0,org.springframework.web.servlet.mvc.method.annotation.ExceptionHandlerExceptionResolver#0,org.springframework.web.servlet.mvc.annotation.ResponseStatusExceptionResolver#0,org.springframework.web.servlet.mvc.support.DefaultHandlerExceptionResolver#0,org.springframework.web.servlet.handler.BeanNameUrlHandlerMapping,org.springframework.web.servlet.mvc.HttpRequestHandlerAdapter,org.springframework.web.servlet.mvc.SimpleControllerHandlerAdapter,alibaichuanService,buyNewService,imageService,org.springframework.context.annotation.internalConfigurationAnnotationProcessor,org.springframework.context.annotation.internalAutowiredAnnotationProcessor,org.springframework.context.annotation.internalRequiredAnnotationProcessor,org.springframework.context.annotation.internalCommonAnnotationProcessor,redisCacheManager,transactionManager,org.springframework.aop.config.internalAutoProxyCreator,org.springframework.transaction.annotation.AnnotationTransactionAttributeSource#0,org.springframework.transaction.interceptor.TransactionInterceptor#0,org.springframework.transaction.config.internalTransactionAdvisor,jedisPoolConfig,jedisConnectionFactory,redisTemplate,org.springframework.context.annotation.ConfigurationClassPostProcessor.importAwareProcessor,activityDetailMapper,brandFashionMapper,brandMapper,buynewActivityMapper,fashionClassifyMapper,fashionMapper,hotLableMapper,searchMapper,venueMapper]; root of factory hierarchy
21:54:14.811 [main] INFO  o.s.web.context.ContextLoader - Root WebApplicationContext: initialization completed in 3535 ms
21:54:14.875 [main] INFO  o.s.web.servlet.DispatcherServlet - FrameworkServlet 'lab-web': initialization started
21:54:14.890 [main] INFO  o.s.w.c.s.XmlWebApplicationContext - Refreshing WebApplicationContext for namespace 'lab-web-servlet': startup date [Mon Jul 25 21:54:14 CST 2016]; parent: Root WebApplicationContext
21:54:14.890 [main] INFO  o.s.b.f.xml.XmlBeanDefinitionReader - Loading XML bean definitions from class path resource [config/springmvc.xml]
21:54:15.188 [main] INFO  o.s.b.f.s.DefaultListableBeanFactory - Pre-instantiating singletons in org.springframework.beans.factory.support.DefaultListableBeanFactory@5df9aeda: defining beans [mvcContentNegotiationManager,org.springframework.web.servlet.mvc.method.annotation.RequestMappingHandlerMapping#0,org.springframework.format.support.FormattingConversionServiceFactoryBean#0,org.springframework.web.servlet.mvc.method.annotation.RequestMappingHandlerAdapter#0,org.springframework.web.servlet.handler.MappedInterceptor#0,org.springframework.web.servlet.mvc.method.annotation.ExceptionHandlerExceptionResolver#0,org.springframework.web.servlet.mvc.annotation.ResponseStatusExceptionResolver#0,org.springframework.web.servlet.mvc.support.DefaultHandlerExceptionResolver#0,org.springframework.web.servlet.handler.BeanNameUrlHandlerMapping,org.springframework.web.servlet.mvc.HttpRequestHandlerAdapter,org.springframework.web.servlet.mvc.SimpleControllerHandlerAdapter,buyNewController,exceptionController,org.springframework.context.annotation.internalConfigurationAnnotationProcessor,org.springframework.context.annotation.internalAutowiredAnnotationProcessor,org.springframework.context.annotation.internalRequiredAnnotationProcessor,org.springframework.context.annotation.internalCommonAnnotationProcessor,viewResolver,org.springframework.context.annotation.ConfigurationClassPostProcessor.importAwareProcessor]; parent: org.springframework.beans.factory.support.DefaultListableBeanFactory@5f82253
21:54:15.250 [main] INFO  o.s.w.s.m.m.a.RequestMappingHandlerMapping - Mapped "{[/buynew/V1/search],methods=[],params=[],headers=[],consumes=[],produces=[],custom=[]}" onto public void com.group.lab.controller.BuyNewController.search(javax.servlet.http.HttpServletRequest,javax.servlet.http.HttpServletResponse)
21:54:15.250 [main] INFO  o.s.w.s.m.m.a.RequestMappingHandlerMapping - Mapped "{[/buynew/V1/getActivitys],methods=[],params=[],headers=[],consumes=[],produces=[],custom=[]}" onto public void com.group.lab.controller.BuyNewController.getActivitys(javax.servlet.http.HttpServletRequest,javax.servlet.http.HttpServletResponse)
21:54:15.250 [main] INFO  o.s.w.s.m.m.a.RequestMappingHandlerMapping - Mapped "{[/buynew/V1/getSaleFashions],methods=[],params=[],headers=[],consumes=[],produces=[],custom=[]}" onto public void com.group.lab.controller.BuyNewController.getSaleFashions(javax.servlet.http.HttpServletRequest,javax.servlet.http.HttpServletResponse)
21:54:15.250 [main] INFO  o.s.w.s.m.m.a.RequestMappingHandlerMapping - Mapped "{[/buynew/V1/getMainBrandData],methods=[],params=[],headers=[],consumes=[],produces=[],custom=[]}" onto public void com.group.lab.controller.BuyNewController.getMainBrandData(javax.servlet.http.HttpServletRequest,javax.servlet.http.HttpServletResponse)
21:54:15.250 [main] INFO  o.s.w.s.m.m.a.RequestMappingHandlerMapping - Mapped "{[/buynew/V1/getBrandData],methods=[],params=[],headers=[],consumes=[],produces=[],custom=[]}" onto public void com.group.lab.controller.BuyNewController.getBrandData(javax.servlet.http.HttpServletRequest,javax.servlet.http.HttpServletResponse)
21:54:15.250 [main] INFO  o.s.w.s.m.m.a.RequestMappingHandlerMapping - Mapped "{[/buynew/V1/getVenueData],methods=[],params=[],headers=[],consumes=[],produces=[],custom=[]}" onto public void com.group.lab.controller.BuyNewController.getVenueData(javax.servlet.http.HttpServletRequest,javax.servlet.http.HttpServletResponse)
21:54:15.250 [main] INFO  o.s.w.s.m.m.a.RequestMappingHandlerMapping - Mapped "{[/buynew/V1/getVenues],methods=[],params=[],headers=[],consumes=[],produces=[],custom=[]}" onto public void com.group.lab.controller.BuyNewController.getVenues(javax.servlet.http.HttpServletRequest,javax.servlet.http.HttpServletResponse)
21:54:15.250 [main] INFO  o.s.w.s.m.m.a.RequestMappingHandlerMapping - Mapped "{[/buynew/V1/getVenueBrands],methods=[],params=[],headers=[],consumes=[],produces=[],custom=[]}" onto public void com.group.lab.controller.BuyNewController.getVenueBrands(javax.servlet.http.HttpServletRequest,javax.servlet.http.HttpServletResponse)
21:54:15.250 [main] INFO  o.s.w.s.m.m.a.RequestMappingHandlerMapping - Mapped "{[/buynew/V1/getVenueFashions],methods=[],params=[],headers=[],consumes=[],produces=[],custom=[]}" onto public void com.group.lab.controller.BuyNewController.getVenueFashions(javax.servlet.http.HttpServletRequest,javax.servlet.http.HttpServletResponse)
21:54:15.250 [main] INFO  o.s.w.s.m.m.a.RequestMappingHandlerMapping - Mapped "{[/buynew/V1/getBrands],methods=[],params=[],headers=[],consumes=[],produces=[],custom=[]}" onto public void com.group.lab.controller.BuyNewController.getBrands(javax.servlet.http.HttpServletRequest,javax.servlet.http.HttpServletResponse)
21:54:15.250 [main] INFO  o.s.w.s.m.m.a.RequestMappingHandlerMapping - Mapped "{[/buynew/V1/getBrandFashions],methods=[],params=[],headers=[],consumes=[],produces=[],custom=[]}" onto public void com.group.lab.controller.BuyNewController.getBrandFashions(javax.servlet.http.HttpServletRequest,javax.servlet.http.HttpServletResponse)
21:54:15.250 [main] INFO  o.s.w.s.m.m.a.RequestMappingHandlerMapping - Mapped "{[/buynew/V1/getFashionClassify],methods=[],params=[],headers=[],consumes=[],produces=[],custom=[]}" onto public void com.group.lab.controller.BuyNewController.getFashionClassify(javax.servlet.http.HttpServletRequest,javax.servlet.http.HttpServletResponse)
21:54:15.250 [main] INFO  o.s.w.s.m.m.a.RequestMappingHandlerMapping - Mapped "{[/buynew/V1/getLeafClassify],methods=[],params=[],headers=[],consumes=[],produces=[],custom=[]}" onto public void com.group.lab.controller.BuyNewController.getLeafClassify(javax.servlet.http.HttpServletRequest,javax.servlet.http.HttpServletResponse)
21:54:15.250 [main] INFO  o.s.w.s.m.m.a.RequestMappingHandlerMapping - Mapped "{[/buynew/V1/getHotLabels],methods=[],params=[],headers=[],consumes=[],produces=[],custom=[]}" onto public void com.group.lab.controller.BuyNewController.getHotLabels(javax.servlet.http.HttpServletRequest,javax.servlet.http.HttpServletResponse)
21:54:15.250 [main] INFO  o.s.w.s.m.m.a.RequestMappingHandlerMapping - Mapped "{[/buynew/V1/getHotSearch],methods=[],params=[],headers=[],consumes=[],produces=[],custom=[]}" onto public void com.group.lab.controller.BuyNewController.getHotSearch(javax.servlet.http.HttpServletRequest,javax.servlet.http.HttpServletResponse)
21:54:15.250 [main] INFO  o.s.w.s.m.m.a.RequestMappingHandlerMapping - Mapped "{[/buynew/V1/getActivityDetail],methods=[],params=[],headers=[],consumes=[],produces=[],custom=[]}" onto public void com.group.lab.controller.BuyNewController.getActivityDetail(javax.servlet.http.HttpServletRequest,javax.servlet.http.HttpServletResponse)
21:54:15.422 [main] INFO  o.s.w.s.m.m.a.ExceptionHandlerExceptionResolver - Detected @ExceptionHandler methods in exceptionController
21:54:15.468 [main] INFO  o.s.web.servlet.DispatcherServlet - FrameworkServlet 'lab-web': initialization completed in 593 ms
21:55:06.946 [1121736499@qtp-1079549526-2] INFO  c.g.core.controller.BaseController - ËØ∑Ê±ÇÊé•Âè£ÔºögetSaleFashions
21:55:06.949 [1121736499@qtp-1079549526-2] INFO  c.g.core.controller.BaseController - „Äêtext-- the key:type ,value :news„Äë
21:55:06.949 [1121736499@qtp-1079549526-2] INFO  c.g.core.controller.BaseController - „Äêtext-- the key:pageNo ,value :1„Äë
21:57:15.662 [1121736499@qtp-1079549526-2] INFO  c.g.core.controller.BaseController - ËØ∑Ê±ÇÊé•Âè£ÔºögetSaleFashions
21:57:15.662 [1121736499@qtp-1079549526-2] INFO  c.g.core.controller.BaseController - „Äêtext-- the key:type ,value :news„Äë
21:57:15.662 [1121736499@qtp-1079549526-2] INFO  c.g.core.controller.BaseController - „Äêtext-- the key:pageNo ,value :1„Äë
21:57:23.977 [1220058053@qtp-1079549526-4] INFO  c.g.core.controller.BaseController - ËØ∑Ê±ÇÊé•Âè£ÔºögetSaleFashions
21:57:23.977 [1220058053@qtp-1079549526-4] INFO  c.g.core.controller.BaseController - „Äêtext-- the key:type ,value :news„Äë
21:57:23.977 [1220058053@qtp-1079549526-4] INFO  c.g.core.controller.BaseController - „Äêtext-- the key:pageNo ,value :1„Äë
21:57:43.030 [main] INFO  o.s.web.context.ContextLoader - Root WebApplicationContext: initialization started
21:57:43.141 [main] INFO  o.s.w.c.s.XmlWebApplicationContext - Refreshing Root WebApplicationContext: startup date [Mon Jul 25 21:57:43 CST 2016]; root of context hierarchy
21:57:43.219 [main] INFO  o.s.b.f.xml.XmlBeanDefinitionReader - Loading XML bean definitions from file [D:\projects\kkmy\lab\lab-alibaba\target\classes\config\spring-mybatis.xml]
21:57:43.406 [main] INFO  o.s.b.f.xml.XmlBeanDefinitionReader - Loading XML bean definitions from file [D:\projects\kkmy\lab\lab-alibaba\target\classes\config\spring-service.xml]
21:57:43.837 [main] INFO  o.s.b.f.c.PropertyPlaceholderConfigurer - Loading properties file from class path resource [config/config_test.properties]
21:57:43.920 [main] INFO  o.s.b.f.s.DefaultListableBeanFactory - Pre-instantiating singletons in org.springframework.beans.factory.support.DefaultListableBeanFactory@306bba64: defining beans [org.springframework.beans.factory.config.PropertyPlaceholderConfigurer#0,mvcContentNegotiationManager,org.springframework.web.servlet.mvc.method.annotation.RequestMappingHandlerMapping#0,org.springframework.format.support.FormattingConversionServiceFactoryBean#0,org.springframework.web.servlet.mvc.method.annotation.RequestMappingHandlerAdapter#0,org.springframework.web.servlet.handler.MappedInterceptor#0,org.springframework.web.servlet.mvc.method.annotation.ExceptionHandlerExceptionResolver#0,org.springframework.web.servlet.mvc.annotation.ResponseStatusExceptionResolver#0,org.springframework.web.servlet.mvc.support.DefaultHandlerExceptionResolver#0,org.springframework.web.servlet.handler.BeanNameUrlHandlerMapping,org.springframework.web.servlet.mvc.HttpRequestHandlerAdapter,org.springframework.web.servlet.mvc.SimpleControllerHandlerAdapter,aliBaichuanService,imageService,org.springframework.context.annotation.internalConfigurationAnnotationProcessor,org.springframework.context.annotation.internalAutowiredAnnotationProcessor,org.springframework.context.annotation.internalRequiredAnnotationProcessor,org.springframework.context.annotation.internalCommonAnnotationProcessor,redisCacheManager,jedisPoolConfig,jedisConnectionFactory,redisTemplate,org.springframework.context.annotation.ConfigurationClassPostProcessor.importAwareProcessor]; root of factory hierarchy
21:57:44.527 [main] INFO  o.s.web.context.ContextLoader - Root WebApplicationContext: initialization completed in 1497 ms
21:57:44.615 [main] INFO  o.s.web.servlet.DispatcherServlet - FrameworkServlet 'lab-alibaba': initialization started
21:57:44.620 [main] INFO  o.s.w.c.s.XmlWebApplicationContext - Refreshing WebApplicationContext for namespace 'lab-alibaba-servlet': startup date [Mon Jul 25 21:57:44 CST 2016]; parent: Root WebApplicationContext
21:57:44.622 [main] INFO  o.s.b.f.xml.XmlBeanDefinitionReader - Loading XML bean definitions from class path resource [config/springmvc.xml]
21:57:44.788 [main] INFO  o.s.b.f.s.DefaultListableBeanFactory - Pre-instantiating singletons in org.springframework.beans.factory.support.DefaultListableBeanFactory@4e01c1f2: defining beans [mvcContentNegotiationManager,org.springframework.web.servlet.mvc.method.annotation.RequestMappingHandlerMapping#0,org.springframework.format.support.FormattingConversionServiceFactoryBean#0,org.springframework.web.servlet.mvc.method.annotation.RequestMappingHandlerAdapter#0,org.springframework.web.servlet.handler.MappedInterceptor#0,org.springframework.web.servlet.mvc.method.annotation.ExceptionHandlerExceptionResolver#0,org.springframework.web.servlet.mvc.annotation.ResponseStatusExceptionResolver#0,org.springframework.web.servlet.mvc.support.DefaultHandlerExceptionResolver#0,org.springframework.web.servlet.handler.BeanNameUrlHandlerMapping,org.springframework.web.servlet.mvc.HttpRequestHandlerAdapter,org.springframework.web.servlet.mvc.SimpleControllerHandlerAdapter,aliBaichuanController,exceptionController,org.springframework.context.annotation.internalConfigurationAnnotationProcessor,org.springframework.context.annotation.internalAutowiredAnnotationProcessor,org.springframework.context.annotation.internalRequiredAnnotationProcessor,org.springframework.context.annotation.internalCommonAnnotationProcessor,viewResolver,org.springframework.context.annotation.ConfigurationClassPostProcessor.importAwareProcessor]; parent: org.springframework.beans.factory.support.DefaultListableBeanFactory@306bba64
21:57:44.997 [main] INFO  o.s.w.s.m.m.a.RequestMappingHandlerMapping - Mapped "{[/baichuan/taobaoTaeItemsList],methods=[],params=[],headers=[],consumes=[],produces=[],custom=[]}" onto public void com.group.alibaba.controller.AliBaichuanController.taobaoTaeItemsList(javax.servlet.http.HttpServletRequest,javax.servlet.http.HttpServletResponse) throws com.taobao.api.ApiException
21:57:44.999 [main] INFO  o.s.w.s.m.m.a.RequestMappingHandlerMapping - Mapped "{[/baichuan/taobaoTaeItemDetailGet],methods=[],params=[],headers=[],consumes=[],produces=[],custom=[]}" onto public void com.group.alibaba.controller.AliBaichuanController.taobaoTaeItemDetailGet(javax.servlet.http.HttpServletRequest,javax.servlet.http.HttpServletResponse) throws com.taobao.api.ApiException
21:57:45.204 [main] INFO  o.s.w.s.m.m.a.ExceptionHandlerExceptionResolver - Detected @ExceptionHandler methods in exceptionController
21:57:45.291 [main] INFO  o.s.web.servlet.DispatcherServlet - FrameworkServlet 'lab-alibaba': initialization completed in 676 ms
21:59:20.754 [1220058053@qtp-1079549526-4] INFO  c.g.core.controller.BaseController - ËØ∑Ê±ÇÊé•Âè£ÔºögetSaleFashions
21:59:20.755 [1220058053@qtp-1079549526-4] INFO  c.g.core.controller.BaseController - „Äêtext-- the key:type ,value :news„Äë
21:59:20.755 [1220058053@qtp-1079549526-4] INFO  c.g.core.controller.BaseController - „Äêtext-- the key:pageNo ,value :1„Äë
21:59:29.605 [2067178556@qtp-1566695349-0] INFO  c.g.core.controller.BaseController - «Î«ÛΩ”ø⁄£∫taobaoTaeItemsList
21:59:29.609 [2067178556@qtp-1566695349-0] INFO  c.g.core.controller.BaseController - °ætext-- the key:numIids ,value :533023724346,529249742065,531163700335,531246765690,°ø
22:03:39.100 [1420624050@qtp-1079549526-6] INFO  c.g.core.controller.BaseController - ËØ∑Ê±ÇÊé•Âè£ÔºögetSaleFashions
22:03:39.100 [1420624050@qtp-1079549526-6] INFO  c.g.core.controller.BaseController - „Äêtext-- the key:type ,value :news„Äë
22:03:39.101 [1420624050@qtp-1079549526-6] INFO  c.g.core.controller.BaseController - „Äêtext-- the key:pageNo ,value :1„Äë
22:04:30.487 [2067178556@qtp-1566695349-0] INFO  c.g.core.controller.BaseController - «Î«ÛΩ”ø⁄£∫taobaoTaeItemsList
22:04:30.488 [2067178556@qtp-1566695349-0] INFO  c.g.core.controller.BaseController - °ætext-- the key:numIids ,value :533023724346,529249742065,531163700335,531246765690,°ø
22:04:49.047 [629143385@qtp-1079549526-7] INFO  c.g.core.controller.BaseController - ËØ∑Ê±ÇÊé•Âè£ÔºögetSaleFashions
22:04:49.047 [629143385@qtp-1079549526-7] INFO  c.g.core.controller.BaseController - „Äêtext-- the key:type ,value :news„Äë
22:04:49.047 [629143385@qtp-1079549526-7] INFO  c.g.core.controller.BaseController - „Äêtext-- the key:pageNo ,value :1„Äë
22:04:50.159 [2067178556@qtp-1566695349-0] INFO  c.g.core.controller.BaseController - «Î«ÛΩ”ø⁄£∫taobaoTaeItemsList
22:04:50.159 [2067178556@qtp-1566695349-0] INFO  c.g.core.controller.BaseController - °ætext-- the key:numIids ,value :null°ø
22:05:58.785 [main] INFO  o.s.web.context.ContextLoader - Root WebApplicationContext: initialization started
22:05:58.896 [main] INFO  o.s.w.c.s.XmlWebApplicationContext - Refreshing Root WebApplicationContext: startup date [Mon Jul 25 22:05:58 CST 2016]; root of context hierarchy
22:05:58.958 [main] INFO  o.s.b.f.xml.XmlBeanDefinitionReader - Loading XML bean definitions from file [D:\projects\kkmy\lab\lab-web\target\classes\config\spring-mybatis.xml]
22:05:59.161 [main] INFO  o.s.b.f.xml.XmlBeanDefinitionReader - Loading XML bean definitions from file [D:\projects\kkmy\lab\lab-web\target\classes\config\spring-service.xml]
22:05:59.644 [main] INFO  o.s.b.f.c.PropertyPlaceholderConfigurer - Loading properties file from class path resource [config/config_test.properties]
22:05:59.707 [main] INFO  o.s.b.f.s.DefaultListableBeanFactory - Pre-instantiating singletons in org.springframework.beans.factory.support.DefaultListableBeanFactory@12e14ebc: defining beans [org.springframework.beans.factory.config.PropertyPlaceholderConfigurer#0,dataSource,sqlSessionFactory,org.mybatis.spring.mapper.MapperScannerConfigurer#0,mvcContentNegotiationManager,org.springframework.web.servlet.mvc.method.annotation.RequestMappingHandlerMapping#0,org.springframework.format.support.FormattingConversionServiceFactoryBean#0,org.springframework.web.servlet.mvc.method.annotation.RequestMappingHandlerAdapter#0,org.springframework.web.servlet.handler.MappedInterceptor#0,org.springframework.web.servlet.mvc.method.annotation.ExceptionHandlerExceptionResolver#0,org.springframework.web.servlet.mvc.annotation.ResponseStatusExceptionResolver#0,org.springframework.web.servlet.mvc.support.DefaultHandlerExceptionResolver#0,org.springframework.web.servlet.handler.BeanNameUrlHandlerMapping,org.springframework.web.servlet.mvc.HttpRequestHandlerAdapter,org.springframework.web.servlet.mvc.SimpleControllerHandlerAdapter,alibaichuanService,buyNewService,imageService,org.springframework.context.annotation.internalConfigurationAnnotationProcessor,org.springframework.context.annotation.internalAutowiredAnnotationProcessor,org.springframework.context.annotation.internalRequiredAnnotationProcessor,org.springframework.context.annotation.internalCommonAnnotationProcessor,redisCacheManager,transactionManager,org.springframework.aop.config.internalAutoProxyCreator,org.springframework.transaction.annotation.AnnotationTransactionAttributeSource#0,org.springframework.transaction.interceptor.TransactionInterceptor#0,org.springframework.transaction.config.internalTransactionAdvisor,jedisPoolConfig,jedisConnectionFactory,redisTemplate,org.springframework.context.annotation.ConfigurationClassPostProcessor.importAwareProcessor,activityDetailMapper,brandFashionMapper,brandMapper,buynewActivityMapper,fashionClassifyMapper,fashionMapper,hotLableMapper,searchMapper,venueMapper]; root of factory hierarchy
22:06:01.938 [main] INFO  o.s.web.context.ContextLoader - Root WebApplicationContext: initialization completed in 3153 ms
22:06:01.985 [main] INFO  o.s.web.servlet.DispatcherServlet - FrameworkServlet 'lab-web': initialization started
22:06:02.001 [main] INFO  o.s.w.c.s.XmlWebApplicationContext - Refreshing WebApplicationContext for namespace 'lab-web-servlet': startup date [Mon Jul 25 22:06:02 CST 2016]; parent: Root WebApplicationContext
22:06:02.001 [main] INFO  o.s.b.f.xml.XmlBeanDefinitionReader - Loading XML bean definitions from class path resource [config/springmvc.xml]
22:06:02.127 [main] INFO  o.s.b.f.s.DefaultListableBeanFactory - Pre-instantiating singletons in org.springframework.beans.factory.support.DefaultListableBeanFactory@49c68e73: defining beans [mvcContentNegotiationManager,org.springframework.web.servlet.mvc.method.annotation.RequestMappingHandlerMapping#0,org.springframework.format.support.FormattingConversionServiceFactoryBean#0,org.springframework.web.servlet.mvc.method.annotation.RequestMappingHandlerAdapter#0,org.springframework.web.servlet.handler.MappedInterceptor#0,org.springframework.web.servlet.mvc.method.annotation.ExceptionHandlerExceptionResolver#0,org.springframework.web.servlet.mvc.annotation.ResponseStatusExceptionResolver#0,org.springframework.web.servlet.mvc.support.DefaultHandlerExceptionResolver#0,org.springframework.web.servlet.handler.BeanNameUrlHandlerMapping,org.springframework.web.servlet.mvc.HttpRequestHandlerAdapter,org.springframework.web.servlet.mvc.SimpleControllerHandlerAdapter,buyNewController,exceptionController,org.springframework.context.annotation.internalConfigurationAnnotationProcessor,org.springframework.context.annotation.internalAutowiredAnnotationProcessor,org.springframework.context.annotation.internalRequiredAnnotationProcessor,org.springframework.context.annotation.internalCommonAnnotationProcessor,viewResolver,org.springframework.context.annotation.ConfigurationClassPostProcessor.importAwareProcessor]; parent: org.springframework.beans.factory.support.DefaultListableBeanFactory@12e14ebc
22:06:02.189 [main] INFO  o.s.w.s.m.m.a.RequestMappingHandlerMapping - Mapped "{[/buynew/V1/search],methods=[],params=[],headers=[],consumes=[],produces=[],custom=[]}" onto public void com.group.lab.controller.BuyNewController.search(javax.servlet.http.HttpServletRequest,javax.servlet.http.HttpServletResponse)
22:06:02.189 [main] INFO  o.s.w.s.m.m.a.RequestMappingHandlerMapping - Mapped "{[/buynew/V1/getActivitys],methods=[],params=[],headers=[],consumes=[],produces=[],custom=[]}" onto public void com.group.lab.controller.BuyNewController.getActivitys(javax.servlet.http.HttpServletRequest,javax.servlet.http.HttpServletResponse)
22:06:02.189 [main] INFO  o.s.w.s.m.m.a.RequestMappingHandlerMapping - Mapped "{[/buynew/V1/getSaleFashions],methods=[],params=[],headers=[],consumes=[],produces=[],custom=[]}" onto public void com.group.lab.controller.BuyNewController.getSaleFashions(javax.servlet.http.HttpServletRequest,javax.servlet.http.HttpServletResponse)
22:06:02.189 [main] INFO  o.s.w.s.m.m.a.RequestMappingHandlerMapping - Mapped "{[/buynew/V1/getMainBrandData],methods=[],params=[],headers=[],consumes=[],produces=[],custom=[]}" onto public void com.group.lab.controller.BuyNewController.getMainBrandData(javax.servlet.http.HttpServletRequest,javax.servlet.http.HttpServletResponse)
22:06:02.205 [main] INFO  o.s.w.s.m.m.a.RequestMappingHandlerMapping - Mapped "{[/buynew/V1/getBrandData],methods=[],params=[],headers=[],consumes=[],produces=[],custom=[]}" onto public void com.group.lab.controller.BuyNewController.getBrandData(javax.servlet.http.HttpServletRequest,javax.servlet.http.HttpServletResponse)
22:06:02.205 [main] INFO  o.s.w.s.m.m.a.RequestMappingHandlerMapping - Mapped "{[/buynew/V1/getVenueData],methods=[],params=[],headers=[],consumes=[],produces=[],custom=[]}" onto public void com.group.lab.controller.BuyNewController.getVenueData(javax.servlet.http.HttpServletRequest,javax.servlet.http.HttpServletResponse)
22:06:02.205 [main] INFO  o.s.w.s.m.m.a.RequestMappingHandlerMapping - Mapped "{[/buynew/V1/getVenues],methods=[],params=[],headers=[],consumes=[],produces=[],custom=[]}" onto public void com.group.lab.controller.BuyNewController.getVenues(javax.servlet.http.HttpServletRequest,javax.servlet.http.HttpServletResponse)
22:06:02.205 [main] INFO  o.s.w.s.m.m.a.RequestMappingHandlerMapping - Mapped "{[/buynew/V1/getVenueBrands],methods=[],params=[],headers=[],consumes=[],produces=[],custom=[]}" onto public void com.group.lab.controller.BuyNewController.getVenueBrands(javax.servlet.http.HttpServletRequest,javax.servlet.http.HttpServletResponse)
22:06:02.205 [main] INFO  o.s.w.s.m.m.a.RequestMappingHandlerMapping - Mapped "{[/buynew/V1/getVenueFashions],methods=[],params=[],headers=[],consumes=[],produces=[],custom=[]}" onto public void com.group.lab.controller.BuyNewController.getVenueFashions(javax.servlet.http.HttpServletRequest,javax.servlet.http.HttpServletResponse)
22:06:02.205 [main] INFO  o.s.w.s.m.m.a.RequestMappingHandlerMapping - Mapped "{[/buynew/V1/getBrands],methods=[],params=[],headers=[],consumes=[],produces=[],custom=[]}" onto public void com.group.lab.controller.BuyNewController.getBrands(javax.servlet.http.HttpServletRequest,javax.servlet.http.HttpServletResponse)
22:06:02.205 [main] INFO  o.s.w.s.m.m.a.RequestMappingHandlerMapping - Mapped "{[/buynew/V1/getBrandFashions],methods=[],params=[],headers=[],consumes=[],produces=[],custom=[]}" onto public void com.group.lab.controller.BuyNewController.getBrandFashions(javax.servlet.http.HttpServletRequest,javax.servlet.http.HttpServletResponse)
22:06:02.205 [main] INFO  o.s.w.s.m.m.a.RequestMappingHandlerMapping - Mapped "{[/buynew/V1/getFashionClassify],methods=[],params=[],headers=[],consumes=[],produces=[],custom=[]}" onto public void com.group.lab.controller.BuyNewController.getFashionClassify(javax.servlet.http.HttpServletRequest,javax.servlet.http.HttpServletResponse)
22:06:02.205 [main] INFO  o.s.w.s.m.m.a.RequestMappingHandlerMapping - Mapped "{[/buynew/V1/getLeafClassify],methods=[],params=[],headers=[],consumes=[],produces=[],custom=[]}" onto public void com.group.lab.controller.BuyNewController.getLeafClassify(javax.servlet.http.HttpServletRequest,javax.servlet.http.HttpServletResponse)
22:06:02.205 [main] INFO  o.s.w.s.m.m.a.RequestMappingHandlerMapping - Mapped "{[/buynew/V1/getHotLabels],methods=[],params=[],headers=[],consumes=[],produces=[],custom=[]}" onto public void com.group.lab.controller.BuyNewController.getHotLabels(javax.servlet.http.HttpServletRequest,javax.servlet.http.HttpServletResponse)
22:06:02.205 [main] INFO  o.s.w.s.m.m.a.RequestMappingHandlerMapping - Mapped "{[/buynew/V1/getHotSearch],methods=[],params=[],headers=[],consumes=[],produces=[],custom=[]}" onto public void com.group.lab.controller.BuyNewController.getHotSearch(javax.servlet.http.HttpServletRequest,javax.servlet.http.HttpServletResponse)
22:06:02.205 [main] INFO  o.s.w.s.m.m.a.RequestMappingHandlerMapping - Mapped "{[/buynew/V1/getActivityDetail],methods=[],params=[],headers=[],consumes=[],produces=[],custom=[]}" onto public void com.group.lab.controller.BuyNewController.getActivityDetail(javax.servlet.http.HttpServletRequest,javax.servlet.http.HttpServletResponse)
22:06:02.345 [main] INFO  o.s.w.s.m.m.a.ExceptionHandlerExceptionResolver - Detected @ExceptionHandler methods in exceptionController
22:06:02.408 [main] INFO  o.s.web.servlet.DispatcherServlet - FrameworkServlet 'lab-web': initialization completed in 407 ms
22:06:57.439 [1111960904@qtp-2067178556-1] INFO  c.g.core.controller.BaseController - ËØ∑Ê±ÇÊé•Âè£ÔºögetSaleFashions
22:06:57.443 [1111960904@qtp-2067178556-1] INFO  c.g.core.controller.BaseController - „Äêtext-- the key:type ,value :news„Äë
22:06:57.443 [1111960904@qtp-2067178556-1] INFO  c.g.core.controller.BaseController - „Äêtext-- the key:pageNo ,value :1„Äë
22:07:04.784 [1111960904@qtp-2067178556-1] ERROR o.s.w.s.HandlerExceptionResolver - Êìç‰ΩúÈîôËØØ-exepct '[', but {
com.alibaba.fastjson.JSONException: exepct '[', but {
	at com.alibaba.fastjson.parser.DefaultJSONParser.parseArray(DefaultJSONParser.java:544) ~[fastjson-1.1.41.jar:na]
	at com.alibaba.fastjson.parser.DefaultJSONParser.parseArray(DefaultJSONParser.java:534) ~[fastjson-1.1.41.jar:na]
	at com.alibaba.fastjson.parser.DefaultJSONParser.parseArray(DefaultJSONParser.java:529) ~[fastjson-1.1.41.jar:na]
	at com.alibaba.fastjson.JSON.parseArray(JSON.java:371) ~[fastjson-1.1.41.jar:na]
	at com.group.lab.service.AlibaichuanService.getFashionByNumIid(AlibaichuanService.java:43) ~[classes/:na]
	at com.group.lab.service.BuyNewService.getSaleFashions(BuyNewService.java:181) ~[classes/:na]
	at com.group.lab.controller.BuyNewController.getSaleFashions(BuyNewController.java:124) ~[classes/:na]
	at sun.reflect.NativeMethodAccessorImpl.invoke0(Native Method) ~[na:1.6.0_37]
	at sun.reflect.NativeMethodAccessorImpl.invoke(NativeMethodAccessorImpl.java:39) ~[na:1.6.0_37]
	at sun.reflect.DelegatingMethodAccessorImpl.invoke(DelegatingMethodAccessorImpl.java:25) ~[na:1.6.0_37]
	at java.lang.reflect.Method.invoke(Method.java:597) ~[na:1.6.0_37]
	at org.springframework.web.method.support.InvocableHandlerMethod.invoke(InvocableHandlerMethod.java:219) ~[spring-web-3.2.4.RELEASE.jar:3.2.4.RELEASE]
	at org.springframework.web.method.support.InvocableHandlerMethod.invokeForRequest(InvocableHandlerMethod.java:132) ~[spring-web-3.2.4.RELEASE.jar:3.2.4.RELEASE]
	at org.springframework.web.servlet.mvc.method.annotation.ServletInvocableHandlerMethod.invokeAndHandle(ServletInvocableHandlerMethod.java:104) ~[spring-webmvc-3.2.4.RELEASE.jar:3.2.4.RELEASE]
	at org.springframework.web.servlet.mvc.method.annotation.RequestMappingHandlerAdapter.invokeHandleMethod(RequestMappingHandlerAdapter.java:745) ~[spring-webmvc-3.2.4.RELEASE.jar:3.2.4.RELEASE]
	at org.springframework.web.servlet.mvc.method.annotation.RequestMappingHandlerAdapter.handleInternal(RequestMappingHandlerAdapter.java:686) ~[spring-webmvc-3.2.4.RELEASE.jar:3.2.4.RELEASE]
	at org.springframework.web.servlet.mvc.method.AbstractHandlerMethodAdapter.handle(AbstractHandlerMethodAdapter.java:80) ~[spring-webmvc-3.2.4.RELEASE.jar:3.2.4.RELEASE]
	at org.springframework.web.servlet.DispatcherServlet.doDispatch(DispatcherServlet.java:925) ~[spring-webmvc-3.2.4.RELEASE.jar:3.2.4.RELEASE]
	at org.springframework.web.servlet.DispatcherServlet.doService(DispatcherServlet.java:856) ~[spring-webmvc-3.2.4.RELEASE.jar:3.2.4.RELEASE]
	at org.springframework.web.servlet.FrameworkServlet.processRequest(FrameworkServlet.java:936) [spring-webmvc-3.2.4.RELEASE.jar:3.2.4.RELEASE]
	at org.springframework.web.servlet.FrameworkServlet.doGet(FrameworkServlet.java:827) [spring-webmvc-3.2.4.RELEASE.jar:3.2.4.RELEASE]
	at javax.servlet.http.HttpServlet.service(HttpServlet.java:707) [servlet-api-2.5-20081211.jar:na]
	at org.springframework.web.servlet.FrameworkServlet.service(FrameworkServlet.java:812) [spring-webmvc-3.2.4.RELEASE.jar:3.2.4.RELEASE]
	at javax.servlet.http.HttpServlet.service(HttpServlet.java:820) [servlet-api-2.5-20081211.jar:na]
	at org.mortbay.jetty.servlet.ServletHolder.handle(ServletHolder.java:511) [jetty-6.1.26.jar:6.1.26]
	at org.mortbay.jetty.servlet.ServletHandler$CachedChain.doFilter(ServletHandler.java:1221) [jetty-6.1.26.jar:6.1.26]
	at org.springframework.web.filter.CharacterEncodingFilter.doFilterInternal(CharacterEncodingFilter.java:88) [spring-web-3.2.4.RELEASE.jar:3.2.4.RELEASE]
	at org.springframework.web.filter.OncePerRequestFilter.doFilter(OncePerRequestFilter.java:107) [spring-web-3.2.4.RELEASE.jar:3.2.4.RELEASE]
	at org.mortbay.jetty.servlet.ServletHandler$CachedChain.doFilter(ServletHandler.java:1212) [jetty-6.1.26.jar:6.1.26]
	at org.mortbay.jetty.servlet.ServletHandler.handle(ServletHandler.java:399) [jetty-6.1.26.jar:6.1.26]
	at org.mortbay.jetty.security.SecurityHandler.handle(SecurityHandler.java:216) [jetty-6.1.26.jar:6.1.26]
	at org.mortbay.jetty.servlet.SessionHandler.handle(SessionHandler.java:182) [jetty-6.1.26.jar:6.1.26]
	at org.mortbay.jetty.handler.ContextHandler.handle(ContextHandler.java:766) [jetty-6.1.26.jar:6.1.26]
	at org.mortbay.jetty.webapp.WebAppContext.handle(WebAppContext.java:450) [jetty-6.1.26.jar:6.1.26]
	at org.mortbay.jetty.handler.HandlerWrapper.handle(HandlerWrapper.java:152) [jetty-6.1.26.jar:6.1.26]
	at org.mortbay.jetty.Server.handle(Server.java:326) [jetty-6.1.26.jar:6.1.26]
	at org.mortbay.jetty.HttpConnection.handleRequest(HttpConnection.java:542) [jetty-6.1.26.jar:6.1.26]
	at org.mortbay.jetty.HttpConnection$RequestHandler.headerComplete(HttpConnection.java:928) [jetty-6.1.26.jar:6.1.26]
	at org.mortbay.jetty.HttpParser.parseNext(HttpParser.java:549) [jetty-6.1.26.jar:6.1.26]
	at org.mortbay.jetty.HttpParser.parseAvailable(HttpParser.java:212) [jetty-6.1.26.jar:6.1.26]
	at org.mortbay.jetty.HttpConnection.handle(HttpConnection.java:404) [jetty-6.1.26.jar:6.1.26]
	at org.mortbay.io.nio.SelectChannelEndPoint.run(SelectChannelEndPoint.java:410) [jetty-6.1.26.jar:6.1.26]
	at org.mortbay.thread.QueuedThreadPool$PoolThread.run(QueuedThreadPool.java:582) [jetty-util-6.1.26.jar:6.1.26]
22:07:59.061 [52414130@qtp-2067178556-2] INFO  c.g.core.controller.BaseController - ËØ∑Ê±ÇÊé•Âè£ÔºögetSaleFashions
22:07:59.061 [52414130@qtp-2067178556-2] INFO  c.g.core.controller.BaseController - „Äêtext-- the key:type ,value :news„Äë
22:07:59.061 [52414130@qtp-2067178556-2] INFO  c.g.core.controller.BaseController - „Äêtext-- the key:pageNo ,value :1„Äë
22:08:10.566 [52414130@qtp-2067178556-2] ERROR o.s.w.s.HandlerExceptionResolver - Êìç‰ΩúÈîôËØØ-exepct '[', but {
com.alibaba.fastjson.JSONException: exepct '[', but {
	at com.alibaba.fastjson.parser.DefaultJSONParser.parseArray(DefaultJSONParser.java:544) ~[fastjson-1.1.41.jar:na]
	at com.alibaba.fastjson.parser.DefaultJSONParser.parseArray(DefaultJSONParser.java:534) ~[fastjson-1.1.41.jar:na]
	at com.alibaba.fastjson.parser.DefaultJSONParser.parseArray(DefaultJSONParser.java:529) ~[fastjson-1.1.41.jar:na]
	at com.alibaba.fastjson.JSON.parseArray(JSON.java:371) ~[fastjson-1.1.41.jar:na]
	at com.group.lab.service.AlibaichuanService.getFashionByNumIid(AlibaichuanService.java:43) ~[classes/:na]
	at com.group.lab.service.BuyNewService.getSaleFashions(BuyNewService.java:181) ~[classes/:na]
	at com.group.lab.controller.BuyNewController.getSaleFashions(BuyNewController.java:124) ~[classes/:na]
	at sun.reflect.NativeMethodAccessorImpl.invoke0(Native Method) ~[na:1.6.0_37]
	at sun.reflect.NativeMethodAccessorImpl.invoke(NativeMethodAccessorImpl.java:39) ~[na:1.6.0_37]
	at sun.reflect.DelegatingMethodAccessorImpl.invoke(DelegatingMethodAccessorImpl.java:25) ~[na:1.6.0_37]
	at java.lang.reflect.Method.invoke(Method.java:597) ~[na:1.6.0_37]
	at org.springframework.web.method.support.InvocableHandlerMethod.invoke(InvocableHandlerMethod.java:219) ~[spring-web-3.2.4.RELEASE.jar:3.2.4.RELEASE]
	at org.springframework.web.method.support.InvocableHandlerMethod.invokeForRequest(InvocableHandlerMethod.java:132) ~[spring-web-3.2.4.RELEASE.jar:3.2.4.RELEASE]
	at org.springframework.web.servlet.mvc.method.annotation.ServletInvocableHandlerMethod.invokeAndHandle(ServletInvocableHandlerMethod.java:104) ~[spring-webmvc-3.2.4.RELEASE.jar:3.2.4.RELEASE]
	at org.springframework.web.servlet.mvc.method.annotation.RequestMappingHandlerAdapter.invokeHandleMethod(RequestMappingHandlerAdapter.java:745) ~[spring-webmvc-3.2.4.RELEASE.jar:3.2.4.RELEASE]
	at org.springframework.web.servlet.mvc.method.annotation.RequestMappingHandlerAdapter.handleInternal(RequestMappingHandlerAdapter.java:686) ~[spring-webmvc-3.2.4.RELEASE.jar:3.2.4.RELEASE]
	at org.springframework.web.servlet.mvc.method.AbstractHandlerMethodAdapter.handle(AbstractHandlerMethodAdapter.java:80) ~[spring-webmvc-3.2.4.RELEASE.jar:3.2.4.RELEASE]
	at org.springframework.web.servlet.DispatcherServlet.doDispatch(DispatcherServlet.java:925) ~[spring-webmvc-3.2.4.RELEASE.jar:3.2.4.RELEASE]
	at org.springframework.web.servlet.DispatcherServlet.doService(DispatcherServlet.java:856) ~[spring-webmvc-3.2.4.RELEASE.jar:3.2.4.RELEASE]
	at org.springframework.web.servlet.FrameworkServlet.processRequest(FrameworkServlet.java:936) [spring-webmvc-3.2.4.RELEASE.jar:3.2.4.RELEASE]
	at org.springframework.web.servlet.FrameworkServlet.doGet(FrameworkServlet.java:827) [spring-webmvc-3.2.4.RELEASE.jar:3.2.4.RELEASE]
	at javax.servlet.http.HttpServlet.service(HttpServlet.java:707) [servlet-api-2.5-20081211.jar:na]
	at org.springframework.web.servlet.FrameworkServlet.service(FrameworkServlet.java:812) [spring-webmvc-3.2.4.RELEASE.jar:3.2.4.RELEASE]
	at javax.servlet.http.HttpServlet.service(HttpServlet.java:820) [servlet-api-2.5-20081211.jar:na]
	at org.mortbay.jetty.servlet.ServletHolder.handle(ServletHolder.java:511) [jetty-6.1.26.jar:6.1.26]
	at org.mortbay.jetty.servlet.ServletHandler$CachedChain.doFilter(ServletHandler.java:1221) [jetty-6.1.26.jar:6.1.26]
	at org.springframework.web.filter.CharacterEncodingFilter.doFilterInternal(CharacterEncodingFilter.java:88) [spring-web-3.2.4.RELEASE.jar:3.2.4.RELEASE]
	at org.springframework.web.filter.OncePerRequestFilter.doFilter(OncePerRequestFilter.java:107) [spring-web-3.2.4.RELEASE.jar:3.2.4.RELEASE]
	at org.mortbay.jetty.servlet.ServletHandler$CachedChain.doFilter(ServletHandler.java:1212) [jetty-6.1.26.jar:6.1.26]
	at org.mortbay.jetty.servlet.ServletHandler.handle(ServletHandler.java:399) [jetty-6.1.26.jar:6.1.26]
	at org.mortbay.jetty.security.SecurityHandler.handle(SecurityHandler.java:216) [jetty-6.1.26.jar:6.1.26]
	at org.mortbay.jetty.servlet.SessionHandler.handle(SessionHandler.java:182) [jetty-6.1.26.jar:6.1.26]
	at org.mortbay.jetty.handler.ContextHandler.handle(ContextHandler.java:766) [jetty-6.1.26.jar:6.1.26]
	at org.mortbay.jetty.webapp.WebAppContext.handle(WebAppContext.java:450) [jetty-6.1.26.jar:6.1.26]
	at org.mortbay.jetty.handler.HandlerWrapper.handle(HandlerWrapper.java:152) [jetty-6.1.26.jar:6.1.26]
	at org.mortbay.jetty.Server.handle(Server.java:326) [jetty-6.1.26.jar:6.1.26]
	at org.mortbay.jetty.HttpConnection.handleRequest(HttpConnection.java:542) [jetty-6.1.26.jar:6.1.26]
	at org.mortbay.jetty.HttpConnection$RequestHandler.headerComplete(HttpConnection.java:928) [jetty-6.1.26.jar:6.1.26]
	at org.mortbay.jetty.HttpParser.parseNext(HttpParser.java:549) [jetty-6.1.26.jar:6.1.26]
	at org.mortbay.jetty.HttpParser.parseAvailable(HttpParser.java:212) [jetty-6.1.26.jar:6.1.26]
	at org.mortbay.jetty.HttpConnection.handle(HttpConnection.java:404) [jetty-6.1.26.jar:6.1.26]
	at org.mortbay.io.nio.SelectChannelEndPoint.run(SelectChannelEndPoint.java:410) [jetty-6.1.26.jar:6.1.26]
	at org.mortbay.thread.QueuedThreadPool$PoolThread.run(QueuedThreadPool.java:582) [jetty-util-6.1.26.jar:6.1.26]
22:08:16.517 [1491753187@qtp-2067178556-3] INFO  c.g.core.controller.BaseController - ËØ∑Ê±ÇÊé•Âè£ÔºögetSaleFashions
22:08:16.517 [1491753187@qtp-2067178556-3] INFO  c.g.core.controller.BaseController - „Äêtext-- the key:type ,value :news„Äë
22:08:16.517 [1491753187@qtp-2067178556-3] INFO  c.g.core.controller.BaseController - „Äêtext-- the key:pageNo ,value :1„Äë
22:09:03.255 [1491753187@qtp-2067178556-3] ERROR o.s.w.s.HandlerExceptionResolver - Êìç‰ΩúÈîôËØØ-exepct '[', but {
com.alibaba.fastjson.JSONException: exepct '[', but {
	at com.alibaba.fastjson.parser.DefaultJSONParser.parseArray(DefaultJSONParser.java:544) ~[fastjson-1.1.41.jar:na]
	at com.alibaba.fastjson.parser.DefaultJSONParser.parseArray(DefaultJSONParser.java:534) ~[fastjson-1.1.41.jar:na]
	at com.alibaba.fastjson.parser.DefaultJSONParser.parseArray(DefaultJSONParser.java:529) ~[fastjson-1.1.41.jar:na]
	at com.alibaba.fastjson.JSON.parseArray(JSON.java:371) ~[fastjson-1.1.41.jar:na]
	at com.group.lab.service.AlibaichuanService.getFashionByNumIid(AlibaichuanService.java:43) ~[classes/:na]
	at com.group.lab.service.BuyNewService.getSaleFashions(BuyNewService.java:181) ~[classes/:na]
	at com.group.lab.controller.BuyNewController.getSaleFashions(BuyNewController.java:124) ~[classes/:na]
	at sun.reflect.NativeMethodAccessorImpl.invoke0(Native Method) ~[na:1.6.0_37]
	at sun.reflect.NativeMethodAccessorImpl.invoke(NativeMethodAccessorImpl.java:39) ~[na:1.6.0_37]
	at sun.reflect.DelegatingMethodAccessorImpl.invoke(DelegatingMethodAccessorImpl.java:25) ~[na:1.6.0_37]
	at java.lang.reflect.Method.invoke(Method.java:597) ~[na:1.6.0_37]
	at org.springframework.web.method.support.InvocableHandlerMethod.invoke(InvocableHandlerMethod.java:219) ~[spring-web-3.2.4.RELEASE.jar:3.2.4.RELEASE]
	at org.springframework.web.method.support.InvocableHandlerMethod.invokeForRequest(InvocableHandlerMethod.java:132) ~[spring-web-3.2.4.RELEASE.jar:3.2.4.RELEASE]
	at org.springframework.web.servlet.mvc.method.annotation.ServletInvocableHandlerMethod.invokeAndHandle(ServletInvocableHandlerMethod.java:104) ~[spring-webmvc-3.2.4.RELEASE.jar:3.2.4.RELEASE]
	at org.springframework.web.servlet.mvc.method.annotation.RequestMappingHandlerAdapter.invokeHandleMethod(RequestMappingHandlerAdapter.java:745) ~[spring-webmvc-3.2.4.RELEASE.jar:3.2.4.RELEASE]
	at org.springframework.web.servlet.mvc.method.annotation.RequestMappingHandlerAdapter.handleInternal(RequestMappingHandlerAdapter.java:686) ~[spring-webmvc-3.2.4.RELEASE.jar:3.2.4.RELEASE]
	at org.springframework.web.servlet.mvc.method.AbstractHandlerMethodAdapter.handle(AbstractHandlerMethodAdapter.java:80) ~[spring-webmvc-3.2.4.RELEASE.jar:3.2.4.RELEASE]
	at org.springframework.web.servlet.DispatcherServlet.doDispatch(DispatcherServlet.java:925) ~[spring-webmvc-3.2.4.RELEASE.jar:3.2.4.RELEASE]
	at org.springframework.web.servlet.DispatcherServlet.doService(DispatcherServlet.java:856) ~[spring-webmvc-3.2.4.RELEASE.jar:3.2.4.RELEASE]
	at org.springframework.web.servlet.FrameworkServlet.processRequest(FrameworkServlet.java:936) [spring-webmvc-3.2.4.RELEASE.jar:3.2.4.RELEASE]
	at org.springframework.web.servlet.FrameworkServlet.doGet(FrameworkServlet.java:827) [spring-webmvc-3.2.4.RELEASE.jar:3.2.4.RELEASE]
	at javax.servlet.http.HttpServlet.service(HttpServlet.java:707) [servlet-api-2.5-20081211.jar:na]
	at org.springframework.web.servlet.FrameworkServlet.service(FrameworkServlet.java:812) [spring-webmvc-3.2.4.RELEASE.jar:3.2.4.RELEASE]
	at javax.servlet.http.HttpServlet.service(HttpServlet.java:820) [servlet-api-2.5-20081211.jar:na]
	at org.mortbay.jetty.servlet.ServletHolder.handle(ServletHolder.java:511) [jetty-6.1.26.jar:6.1.26]
	at org.mortbay.jetty.servlet.ServletHandler$CachedChain.doFilter(ServletHandler.java:1221) [jetty-6.1.26.jar:6.1.26]
	at org.springframework.web.filter.CharacterEncodingFilter.doFilterInternal(CharacterEncodingFilter.java:88) [spring-web-3.2.4.RELEASE.jar:3.2.4.RELEASE]
	at org.springframework.web.filter.OncePerRequestFilter.doFilter(OncePerRequestFilter.java:107) [spring-web-3.2.4.RELEASE.jar:3.2.4.RELEASE]
	at org.mortbay.jetty.servlet.ServletHandler$CachedChain.doFilter(ServletHandler.java:1212) [jetty-6.1.26.jar:6.1.26]
	at org.mortbay.jetty.servlet.ServletHandler.handle(ServletHandler.java:399) [jetty-6.1.26.jar:6.1.26]
	at org.mortbay.jetty.security.SecurityHandler.handle(SecurityHandler.java:216) [jetty-6.1.26.jar:6.1.26]
	at org.mortbay.jetty.servlet.SessionHandler.handle(SessionHandler.java:182) [jetty-6.1.26.jar:6.1.26]
	at org.mortbay.jetty.handler.ContextHandler.handle(ContextHandler.java:766) [jetty-6.1.26.jar:6.1.26]
	at org.mortbay.jetty.webapp.WebAppContext.handle(WebAppContext.java:450) [jetty-6.1.26.jar:6.1.26]
	at org.mortbay.jetty.handler.HandlerWrapper.handle(HandlerWrapper.java:152) [jetty-6.1.26.jar:6.1.26]
	at org.mortbay.jetty.Server.handle(Server.java:326) [jetty-6.1.26.jar:6.1.26]
	at org.mortbay.jetty.HttpConnection.handleRequest(HttpConnection.java:542) [jetty-6.1.26.jar:6.1.26]
	at org.mortbay.jetty.HttpConnection$RequestHandler.headerComplete(HttpConnection.java:928) [jetty-6.1.26.jar:6.1.26]
	at org.mortbay.jetty.HttpParser.parseNext(HttpParser.java:549) [jetty-6.1.26.jar:6.1.26]
	at org.mortbay.jetty.HttpParser.parseAvailable(HttpParser.java:212) [jetty-6.1.26.jar:6.1.26]
	at org.mortbay.jetty.HttpConnection.handle(HttpConnection.java:404) [jetty-6.1.26.jar:6.1.26]
	at org.mortbay.io.nio.SelectChannelEndPoint.run(SelectChannelEndPoint.java:410) [jetty-6.1.26.jar:6.1.26]
	at org.mortbay.thread.QueuedThreadPool$PoolThread.run(QueuedThreadPool.java:582) [jetty-util-6.1.26.jar:6.1.26]
22:09:36.760 [main] INFO  o.s.web.context.ContextLoader - Root WebApplicationContext: initialization started
22:09:36.887 [main] INFO  o.s.w.c.s.XmlWebApplicationContext - Refreshing Root WebApplicationContext: startup date [Mon Jul 25 22:09:36 CST 2016]; root of context hierarchy
22:09:36.950 [main] INFO  o.s.b.f.xml.XmlBeanDefinitionReader - Loading XML bean definitions from file [D:\projects\kkmy\lab\lab-alibaba\target\classes\config\spring-mybatis.xml]
22:09:37.106 [main] INFO  o.s.b.f.xml.XmlBeanDefinitionReader - Loading XML bean definitions from file [D:\projects\kkmy\lab\lab-alibaba\target\classes\config\spring-service.xml]
22:09:37.637 [main] INFO  o.s.b.f.c.PropertyPlaceholderConfigurer - Loading properties file from class path resource [config/config_test.properties]
22:09:37.653 [main] INFO  o.s.b.f.s.DefaultListableBeanFactory - Pre-instantiating singletons in org.springframework.beans.factory.support.DefaultListableBeanFactory@53465ca2: defining beans [org.springframework.beans.factory.config.PropertyPlaceholderConfigurer#0,mvcContentNegotiationManager,org.springframework.web.servlet.mvc.method.annotation.RequestMappingHandlerMapping#0,org.springframework.format.support.FormattingConversionServiceFactoryBean#0,org.springframework.web.servlet.mvc.method.annotation.RequestMappingHandlerAdapter#0,org.springframework.web.servlet.handler.MappedInterceptor#0,org.springframework.web.servlet.mvc.method.annotation.ExceptionHandlerExceptionResolver#0,org.springframework.web.servlet.mvc.annotation.ResponseStatusExceptionResolver#0,org.springframework.web.servlet.mvc.support.DefaultHandlerExceptionResolver#0,org.springframework.web.servlet.handler.BeanNameUrlHandlerMapping,org.springframework.web.servlet.mvc.HttpRequestHandlerAdapter,org.springframework.web.servlet.mvc.SimpleControllerHandlerAdapter,aliBaichuanService,imageService,org.springframework.context.annotation.internalConfigurationAnnotationProcessor,org.springframework.context.annotation.internalAutowiredAnnotationProcessor,org.springframework.context.annotation.internalRequiredAnnotationProcessor,org.springframework.context.annotation.internalCommonAnnotationProcessor,redisCacheManager,jedisPoolConfig,jedisConnectionFactory,redisTemplate,org.springframework.context.annotation.ConfigurationClassPostProcessor.importAwareProcessor]; root of factory hierarchy
22:09:38.105 [main] INFO  o.s.web.context.ContextLoader - Root WebApplicationContext: initialization completed in 1329 ms
22:09:38.184 [main] INFO  o.s.web.servlet.DispatcherServlet - FrameworkServlet 'lab-alibaba': initialization started
22:09:38.184 [main] INFO  o.s.w.c.s.XmlWebApplicationContext - Refreshing WebApplicationContext for namespace 'lab-alibaba-servlet': startup date [Mon Jul 25 22:09:38 CST 2016]; parent: Root WebApplicationContext
22:09:38.184 [main] INFO  o.s.b.f.xml.XmlBeanDefinitionReader - Loading XML bean definitions from class path resource [config/springmvc.xml]
22:09:38.279 [main] INFO  o.s.b.f.s.DefaultListableBeanFactory - Pre-instantiating singletons in org.springframework.beans.factory.support.DefaultListableBeanFactory@635c80a4: defining beans [mvcContentNegotiationManager,org.springframework.web.servlet.mvc.method.annotation.RequestMappingHandlerMapping#0,org.springframework.format.support.FormattingConversionServiceFactoryBean#0,org.springframework.web.servlet.mvc.method.annotation.RequestMappingHandlerAdapter#0,org.springframework.web.servlet.handler.MappedInterceptor#0,org.springframework.web.servlet.mvc.method.annotation.ExceptionHandlerExceptionResolver#0,org.springframework.web.servlet.mvc.annotation.ResponseStatusExceptionResolver#0,org.springframework.web.servlet.mvc.support.DefaultHandlerExceptionResolver#0,org.springframework.web.servlet.handler.BeanNameUrlHandlerMapping,org.springframework.web.servlet.mvc.HttpRequestHandlerAdapter,org.springframework.web.servlet.mvc.SimpleControllerHandlerAdapter,aliBaichuanController,exceptionController,org.springframework.context.annotation.internalConfigurationAnnotationProcessor,org.springframework.context.annotation.internalAutowiredAnnotationProcessor,org.springframework.context.annotation.internalRequiredAnnotationProcessor,org.springframework.context.annotation.internalCommonAnnotationProcessor,viewResolver,org.springframework.context.annotation.ConfigurationClassPostProcessor.importAwareProcessor]; parent: org.springframework.beans.factory.support.DefaultListableBeanFactory@53465ca2
22:09:38.325 [main] INFO  o.s.w.s.m.m.a.RequestMappingHandlerMapping - Mapped "{[/baichuan/taobaoTaeItemsList],methods=[],params=[],headers=[],consumes=[],produces=[],custom=[]}" onto public void com.group.alibaba.controller.AliBaichuanController.taobaoTaeItemsList(javax.servlet.http.HttpServletRequest,javax.servlet.http.HttpServletResponse) throws com.taobao.api.ApiException
22:09:38.325 [main] INFO  o.s.w.s.m.m.a.RequestMappingHandlerMapping - Mapped "{[/baichuan/taobaoTaeItemDetailGet],methods=[],params=[],headers=[],consumes=[],produces=[],custom=[]}" onto public void com.group.alibaba.controller.AliBaichuanController.taobaoTaeItemDetailGet(javax.servlet.http.HttpServletRequest,javax.servlet.http.HttpServletResponse) throws com.taobao.api.ApiException
22:09:38.684 [main] INFO  o.s.w.s.m.m.a.ExceptionHandlerExceptionResolver - Detected @ExceptionHandler methods in exceptionController
22:09:38.747 [main] INFO  o.s.web.servlet.DispatcherServlet - FrameworkServlet 'lab-alibaba': initialization completed in 563 ms
22:09:42.842 [2047033626@qtp-1566695349-1] INFO  c.g.core.controller.BaseController - «Î«ÛΩ”ø⁄£∫taobaoTaeItemsList
22:09:42.846 [2047033626@qtp-1566695349-1] INFO  c.g.core.controller.BaseController - °ætext-- the key:numIids ,value :533023724346,529249742065,531163700335,531246765690°ø
22:09:47.047 [1667514408@qtp-1566695349-2] INFO  c.g.core.controller.BaseController - «Î«ÛΩ”ø⁄£∫taobaoTaeItemsList
22:09:47.047 [1667514408@qtp-1566695349-2] INFO  c.g.core.controller.BaseController - °ætext-- the key:numIids ,value :533023724346,529249742065,531163700335,531246765690,°ø
22:09:47.999 [1667514408@qtp-1566695349-2] INFO  c.g.core.controller.BaseController - «Î«ÛΩ”ø⁄£∫taobaoTaeItemsList
22:09:47.999 [1667514408@qtp-1566695349-2] INFO  c.g.core.controller.BaseController - °ætext-- the key:numIids ,value :533023724346,529249742065,531163700335,531246765690,°ø
22:09:48.485 [1667514408@qtp-1566695349-2] INFO  c.g.core.controller.BaseController - «Î«ÛΩ”ø⁄£∫taobaoTaeItemsList
22:09:48.485 [1667514408@qtp-1566695349-2] INFO  c.g.core.controller.BaseController - °ætext-- the key:numIids ,value :533023724346,529249742065,531163700335,531246765690,°ø
22:09:48.759 [1667514408@qtp-1566695349-2] INFO  c.g.core.controller.BaseController - «Î«ÛΩ”ø⁄£∫taobaoTaeItemsList
22:09:48.760 [1667514408@qtp-1566695349-2] INFO  c.g.core.controller.BaseController - °ætext-- the key:numIids ,value :533023724346,529249742065,531163700335,531246765690,°ø
22:09:49.053 [1667514408@qtp-1566695349-2] INFO  c.g.core.controller.BaseController - «Î«ÛΩ”ø⁄£∫taobaoTaeItemsList
22:09:49.053 [1667514408@qtp-1566695349-2] INFO  c.g.core.controller.BaseController - °ætext-- the key:numIids ,value :533023724346,529249742065,531163700335,531246765690,°ø
22:09:49.347 [1667514408@qtp-1566695349-2] INFO  c.g.core.controller.BaseController - «Î«ÛΩ”ø⁄£∫taobaoTaeItemsList
22:09:49.347 [1667514408@qtp-1566695349-2] INFO  c.g.core.controller.BaseController - °ætext-- the key:numIids ,value :533023724346,529249742065,531163700335,531246765690,°ø
22:09:49.854 [1667514408@qtp-1566695349-2] INFO  c.g.core.controller.BaseController - «Î«ÛΩ”ø⁄£∫taobaoTaeItemsList
22:09:49.854 [1667514408@qtp-1566695349-2] INFO  c.g.core.controller.BaseController - °ætext-- the key:numIids ,value :533023724346,529249742065,531163700335,531246765690,°ø
22:09:58.306 [1667514408@qtp-1566695349-2] INFO  c.g.core.controller.BaseController - «Î«ÛΩ”ø⁄£∫taobaoTaeItemsList
22:09:58.306 [1667514408@qtp-1566695349-2] INFO  c.g.core.controller.BaseController - °ætext-- the key:numIids ,value :533023724346,529249742065,531163700335,531246765690,°ø
22:09:59.177 [1667514408@qtp-1566695349-2] INFO  c.g.core.controller.BaseController - «Î«ÛΩ”ø⁄£∫taobaoTaeItemsList
22:09:59.177 [1667514408@qtp-1566695349-2] INFO  c.g.core.controller.BaseController - °ætext-- the key:numIids ,value :533023724346,529249742065,531163700335,531246765690,°ø
22:10:00.125 [1667514408@qtp-1566695349-2] INFO  c.g.core.controller.BaseController - «Î«ÛΩ”ø⁄£∫taobaoTaeItemsList
22:10:00.125 [1667514408@qtp-1566695349-2] INFO  c.g.core.controller.BaseController - °ætext-- the key:numIids ,value :533023724346,529249742065,531163700335,531246765690,°ø
22:53:45.050 [main] INFO  o.s.web.context.ContextLoader - Root WebApplicationContext: initialization started
22:53:45.219 [main] INFO  o.s.w.c.s.XmlWebApplicationContext - Refreshing Root WebApplicationContext: startup date [Mon Jul 25 22:53:45 CST 2016]; root of context hierarchy
22:53:45.375 [main] INFO  o.s.b.f.xml.XmlBeanDefinitionReader - Loading XML bean definitions from file [D:\projects\kkmy\lab\lab-web\target\classes\config\spring-mybatis.xml]
22:53:45.765 [main] INFO  o.s.b.f.xml.XmlBeanDefinitionReader - Loading XML bean definitions from file [D:\projects\kkmy\lab\lab-web\target\classes\config\spring-service.xml]
22:53:46.317 [main] WARN  o.m.s.mapper.ClassPathMapperScanner - No MyBatis mapper was found in '[com.group.*.dao]' package. Please check your configuration.
22:53:46.349 [main] INFO  o.s.b.f.c.PropertyPlaceholderConfigurer - Loading properties file from class path resource [config/config_test.properties]
22:53:46.417 [main] INFO  o.s.b.f.s.DefaultListableBeanFactory - Pre-instantiating singletons in org.springframework.beans.factory.support.DefaultListableBeanFactory@711b50a1: defining beans [org.springframework.beans.factory.config.PropertyPlaceholderConfigurer#0,dataSource,sqlSessionFactory,org.mybatis.spring.mapper.MapperScannerConfigurer#0,mvcContentNegotiationManager,org.springframework.web.servlet.mvc.method.annotation.RequestMappingHandlerMapping#0,org.springframework.format.support.FormattingConversionServiceFactoryBean#0,org.springframework.web.servlet.mvc.method.annotation.RequestMappingHandlerAdapter#0,org.springframework.web.servlet.handler.MappedInterceptor#0,org.springframework.web.servlet.mvc.method.annotation.ExceptionHandlerExceptionResolver#0,org.springframework.web.servlet.mvc.annotation.ResponseStatusExceptionResolver#0,org.springframework.web.servlet.mvc.support.DefaultHandlerExceptionResolver#0,org.springframework.web.servlet.handler.BeanNameUrlHandlerMapping,org.springframework.web.servlet.mvc.HttpRequestHandlerAdapter,org.springframework.web.servlet.mvc.SimpleControllerHandlerAdapter,imageService,org.springframework.context.annotation.internalConfigurationAnnotationProcessor,org.springframework.context.annotation.internalAutowiredAnnotationProcessor,org.springframework.context.annotation.internalRequiredAnnotationProcessor,org.springframework.context.annotation.internalCommonAnnotationProcessor,redisCacheManager,transactionManager,org.springframework.aop.config.internalAutoProxyCreator,org.springframework.transaction.annotation.AnnotationTransactionAttributeSource#0,org.springframework.transaction.interceptor.TransactionInterceptor#0,org.springframework.transaction.config.internalTransactionAdvisor,jedisPoolConfig,jedisConnectionFactory,redisTemplate,org.springframework.context.annotation.ConfigurationClassPostProcessor.importAwareProcessor]; root of factory hierarchy
22:53:47.444 [main] INFO  o.s.b.f.s.DefaultListableBeanFactory - Destroying singletons in org.springframework.beans.factory.support.DefaultListableBeanFactory@711b50a1: defining beans [org.springframework.beans.factory.config.PropertyPlaceholderConfigurer#0,dataSource,sqlSessionFactory,org.mybatis.spring.mapper.MapperScannerConfigurer#0,mvcContentNegotiationManager,org.springframework.web.servlet.mvc.method.annotation.RequestMappingHandlerMapping#0,org.springframework.format.support.FormattingConversionServiceFactoryBean#0,org.springframework.web.servlet.mvc.method.annotation.RequestMappingHandlerAdapter#0,org.springframework.web.servlet.handler.MappedInterceptor#0,org.springframework.web.servlet.mvc.method.annotation.ExceptionHandlerExceptionResolver#0,org.springframework.web.servlet.mvc.annotation.ResponseStatusExceptionResolver#0,org.springframework.web.servlet.mvc.support.DefaultHandlerExceptionResolver#0,org.springframework.web.servlet.handler.BeanNameUrlHandlerMapping,org.springframework.web.servlet.mvc.HttpRequestHandlerAdapter,org.springframework.web.servlet.mvc.SimpleControllerHandlerAdapter,imageService,org.springframework.context.annotation.internalConfigurationAnnotationProcessor,org.springframework.context.annotation.internalAutowiredAnnotationProcessor,org.springframework.context.annotation.internalRequiredAnnotationProcessor,org.springframework.context.annotation.internalCommonAnnotationProcessor,redisCacheManager,transactionManager,org.springframework.aop.config.internalAutoProxyCreator,org.springframework.transaction.annotation.AnnotationTransactionAttributeSource#0,org.springframework.transaction.interceptor.TransactionInterceptor#0,org.springframework.transaction.config.internalTransactionAdvisor,jedisPoolConfig,jedisConnectionFactory,redisTemplate,org.springframework.context.annotation.ConfigurationClassPostProcessor.importAwareProcessor]; root of factory hierarchy
22:53:47.491 [main] ERROR o.s.web.context.ContextLoader - Context initialization failed
org.springframework.beans.factory.BeanCreationException: Error creating bean with name 'sqlSessionFactory' defined in file [D:\projects\kkmy\lab\lab-web\target\classes\config\spring-mybatis.xml]: Invocation of init method failed; nested exception is org.springframework.core.NestedIOException: Failed to parse mapping resource: 'file [D:\projects\kkmy\lab\lab-web\target\classes\mappers\ActivityDetailMapper.xml]'; nested exception is org.apache.ibatis.builder.BuilderException: Error parsing Mapper XML. Cause: org.apache.ibatis.builder.BuilderException: Error resolving class. Cause: org.apache.ibatis.type.TypeException: Could not resolve type alias 'com.group.lab.model.ActivityDetail'.  Cause: java.lang.ClassNotFoundException: Cannot find class: com.group.lab.model.ActivityDetail
	at org.springframework.beans.factory.support.AbstractAutowireCapableBeanFactory.initializeBean(AbstractAutowireCapableBeanFactory.java:1482) ~[spring-beans-3.2.4.RELEASE.jar:3.2.4.RELEASE]
	at org.springframework.beans.factory.support.AbstractAutowireCapableBeanFactory.doCreateBean(AbstractAutowireCapableBeanFactory.java:521) ~[spring-beans-3.2.4.RELEASE.jar:3.2.4.RELEASE]
	at org.springframework.beans.factory.support.AbstractAutowireCapableBeanFactory.createBean(AbstractAutowireCapableBeanFactory.java:458) ~[spring-beans-3.2.4.RELEASE.jar:3.2.4.RELEASE]
	at org.springframework.beans.factory.support.AbstractBeanFactory$1.getObject(AbstractBeanFactory.java:295) ~[spring-beans-3.2.4.RELEASE.jar:3.2.4.RELEASE]
	at org.springframework.beans.factory.support.DefaultSingletonBeanRegistry.getSingleton(DefaultSingletonBeanRegistry.java:223) ~[spring-beans-3.2.4.RELEASE.jar:3.2.4.RELEASE]
	at org.springframework.beans.factory.support.AbstractBeanFactory.doGetBean(AbstractBeanFactory.java:292) ~[spring-beans-3.2.4.RELEASE.jar:3.2.4.RELEASE]
	at org.springframework.beans.factory.support.AbstractBeanFactory.getBean(AbstractBeanFactory.java:194) ~[spring-beans-3.2.4.RELEASE.jar:3.2.4.RELEASE]
	at org.springframework.beans.factory.support.DefaultListableBeanFactory.preInstantiateSingletons(DefaultListableBeanFactory.java:610) ~[spring-beans-3.2.4.RELEASE.jar:3.2.4.RELEASE]
	at org.springframework.context.support.AbstractApplicationContext.finishBeanFactoryInitialization(AbstractApplicationContext.java:932) ~[spring-context-3.2.4.RELEASE.jar:3.2.4.RELEASE]
	at org.springframework.context.support.AbstractApplicationContext.refresh(AbstractApplicationContext.java:479) ~[spring-context-3.2.4.RELEASE.jar:3.2.4.RELEASE]
	at org.springframework.web.context.ContextLoader.configureAndRefreshWebApplicationContext(ContextLoader.java:389) ~[spring-web-3.2.4.RELEASE.jar:3.2.4.RELEASE]
	at org.springframework.web.context.ContextLoader.initWebApplicationContext(ContextLoader.java:294) ~[spring-web-3.2.4.RELEASE.jar:3.2.4.RELEASE]
	at org.springframework.web.context.ContextLoaderListener.contextInitialized(ContextLoaderListener.java:112) [spring-web-3.2.4.RELEASE.jar:3.2.4.RELEASE]
	at org.mortbay.jetty.handler.ContextHandler.startContext(ContextHandler.java:549) [jetty-6.1.26.jar:6.1.26]
	at org.mortbay.jetty.servlet.Context.startContext(Context.java:136) [jetty-6.1.26.jar:6.1.26]
	at org.mortbay.jetty.webapp.WebAppContext.startContext(WebAppContext.java:1282) [jetty-6.1.26.jar:6.1.26]
	at org.mortbay.jetty.handler.ContextHandler.doStart(ContextHandler.java:518) [jetty-6.1.26.jar:6.1.26]
	at org.mortbay.jetty.webapp.WebAppContext.doStart(WebAppContext.java:499) [jetty-6.1.26.jar:6.1.26]
	at org.mortbay.component.AbstractLifeCycle.start(AbstractLifeCycle.java:50) [jetty-util-6.1.26.jar:6.1.26]
	at org.mortbay.jetty.handler.HandlerWrapper.doStart(HandlerWrapper.java:130) [jetty-6.1.26.jar:6.1.26]
	at org.mortbay.jetty.Server.doStart(Server.java:224) [jetty-6.1.26.jar:6.1.26]
	at org.mortbay.component.AbstractLifeCycle.start(AbstractLifeCycle.java:50) [jetty-util-6.1.26.jar:6.1.26]
	at runjettyrun.Bootstrap.main(Bootstrap.java:97) [run-jetty-run-bootstrap.jar:na]
Caused by: org.springframework.core.NestedIOException: Failed to parse mapping resource: 'file [D:\projects\kkmy\lab\lab-web\target\classes\mappers\ActivityDetailMapper.xml]'; nested exception is org.apache.ibatis.builder.BuilderException: Error parsing Mapper XML. Cause: org.apache.ibatis.builder.BuilderException: Error resolving class. Cause: org.apache.ibatis.type.TypeException: Could not resolve type alias 'com.group.lab.model.ActivityDetail'.  Cause: java.lang.ClassNotFoundException: Cannot find class: com.group.lab.model.ActivityDetail
	at org.mybatis.spring.SqlSessionFactoryBean.buildSqlSessionFactory(SqlSessionFactoryBean.java:466) ~[mybatis-spring-1.2.2.jar:1.2.2]
	at org.mybatis.spring.SqlSessionFactoryBean.afterPropertiesSet(SqlSessionFactoryBean.java:340) ~[mybatis-spring-1.2.2.jar:1.2.2]
	at org.springframework.beans.factory.support.AbstractAutowireCapableBeanFactory.invokeInitMethods(AbstractAutowireCapableBeanFactory.java:1541) ~[spring-beans-3.2.4.RELEASE.jar:3.2.4.RELEASE]
	at org.springframework.beans.factory.support.AbstractAutowireCapableBeanFactory.initializeBean(AbstractAutowireCapableBeanFactory.java:1479) ~[spring-beans-3.2.4.RELEASE.jar:3.2.4.RELEASE]
	... 22 common frames omitted
Caused by: org.apache.ibatis.builder.BuilderException: Error parsing Mapper XML. Cause: org.apache.ibatis.builder.BuilderException: Error resolving class. Cause: org.apache.ibatis.type.TypeException: Could not resolve type alias 'com.group.lab.model.ActivityDetail'.  Cause: java.lang.ClassNotFoundException: Cannot find class: com.group.lab.model.ActivityDetail
	at org.apache.ibatis.builder.xml.XMLMapperBuilder.configurationElement(XMLMapperBuilder.java:117) ~[mybatis-3.2.4.jar:3.2.4]
	at org.apache.ibatis.builder.xml.XMLMapperBuilder.parse(XMLMapperBuilder.java:89) ~[mybatis-3.2.4.jar:3.2.4]
	at org.mybatis.spring.SqlSessionFactoryBean.buildSqlSessionFactory(SqlSessionFactoryBean.java:464) ~[mybatis-spring-1.2.2.jar:1.2.2]
	... 25 common frames omitted
Caused by: org.apache.ibatis.builder.BuilderException: Error resolving class. Cause: org.apache.ibatis.type.TypeException: Could not resolve type alias 'com.group.lab.model.ActivityDetail'.  Cause: java.lang.ClassNotFoundException: Cannot find class: com.group.lab.model.ActivityDetail
	at org.apache.ibatis.builder.BaseBuilder.resolveClass(BaseBuilder.java:100) ~[mybatis-3.2.4.jar:3.2.4]
	at org.apache.ibatis.builder.xml.XMLMapperBuilder.resultMapElement(XMLMapperBuilder.java:261) ~[mybatis-3.2.4.jar:3.2.4]
	at org.apache.ibatis.builder.xml.XMLMapperBuilder.resultMapElement(XMLMapperBuilder.java:248) ~[mybatis-3.2.4.jar:3.2.4]
	at org.apache.ibatis.builder.xml.XMLMapperBuilder.resultMapElements(XMLMapperBuilder.java:240) ~[mybatis-3.2.4.jar:3.2.4]
	at org.apache.ibatis.builder.xml.XMLMapperBuilder.configurationElement(XMLMapperBuilder.java:113) ~[mybatis-3.2.4.jar:3.2.4]
	... 27 common frames omitted
Caused by: org.apache.ibatis.type.TypeException: Could not resolve type alias 'com.group.lab.model.ActivityDetail'.  Cause: java.lang.ClassNotFoundException: Cannot find class: com.group.lab.model.ActivityDetail
	at org.apache.ibatis.type.TypeAliasRegistry.resolveAlias(TypeAliasRegistry.java:114) ~[mybatis-3.2.4.jar:3.2.4]
	at org.apache.ibatis.builder.BaseBuilder.resolveAlias(BaseBuilder.java:127) ~[mybatis-3.2.4.jar:3.2.4]
	at org.apache.ibatis.builder.BaseBuilder.resolveClass(BaseBuilder.java:98) ~[mybatis-3.2.4.jar:3.2.4]
	... 31 common frames omitted
Caused by: java.lang.ClassNotFoundException: Cannot find class: com.group.lab.model.ActivityDetail
	at org.apache.ibatis.io.ClassLoaderWrapper.classForName(ClassLoaderWrapper.java:188) ~[mybatis-3.2.4.jar:3.2.4]
	at org.apache.ibatis.io.ClassLoaderWrapper.classForName(ClassLoaderWrapper.java:87) ~[mybatis-3.2.4.jar:3.2.4]
	at org.apache.ibatis.io.Resources.classForName(Resources.java:254) ~[mybatis-3.2.4.jar:3.2.4]
	at org.apache.ibatis.type.TypeAliasRegistry.resolveAlias(TypeAliasRegistry.java:110) ~[mybatis-3.2.4.jar:3.2.4]
	... 33 common frames omitted
22:54:41.528 [main] INFO  o.s.web.context.ContextLoader - Root WebApplicationContext: initialization started
22:54:41.640 [main] INFO  o.s.w.c.s.XmlWebApplicationContext - Refreshing Root WebApplicationContext: startup date [Mon Jul 25 22:54:41 CST 2016]; root of context hierarchy
22:54:41.715 [main] INFO  o.s.b.f.xml.XmlBeanDefinitionReader - Loading XML bean definitions from file [D:\projects\kkmy\lab\lab-web\target\classes\config\spring-mybatis.xml]
22:54:41.904 [main] INFO  o.s.b.f.xml.XmlBeanDefinitionReader - Loading XML bean definitions from file [D:\projects\kkmy\lab\lab-web\target\classes\config\spring-service.xml]
22:54:42.357 [main] WARN  o.m.s.mapper.ClassPathMapperScanner - No MyBatis mapper was found in '[com.group.*.dao]' package. Please check your configuration.
22:54:42.384 [main] INFO  o.s.b.f.c.PropertyPlaceholderConfigurer - Loading properties file from class path resource [config/config_test.properties]
22:54:42.467 [main] INFO  o.s.b.f.s.DefaultListableBeanFactory - Pre-instantiating singletons in org.springframework.beans.factory.support.DefaultListableBeanFactory@30721965: defining beans [org.springframework.beans.factory.config.PropertyPlaceholderConfigurer#0,dataSource,sqlSessionFactory,org.mybatis.spring.mapper.MapperScannerConfigurer#0,mvcContentNegotiationManager,org.springframework.web.servlet.mvc.method.annotation.RequestMappingHandlerMapping#0,org.springframework.format.support.FormattingConversionServiceFactoryBean#0,org.springframework.web.servlet.mvc.method.annotation.RequestMappingHandlerAdapter#0,org.springframework.web.servlet.handler.MappedInterceptor#0,org.springframework.web.servlet.mvc.method.annotation.ExceptionHandlerExceptionResolver#0,org.springframework.web.servlet.mvc.annotation.ResponseStatusExceptionResolver#0,org.springframework.web.servlet.mvc.support.DefaultHandlerExceptionResolver#0,org.springframework.web.servlet.handler.BeanNameUrlHandlerMapping,org.springframework.web.servlet.mvc.HttpRequestHandlerAdapter,org.springframework.web.servlet.mvc.SimpleControllerHandlerAdapter,imageService,org.springframework.context.annotation.internalConfigurationAnnotationProcessor,org.springframework.context.annotation.internalAutowiredAnnotationProcessor,org.springframework.context.annotation.internalRequiredAnnotationProcessor,org.springframework.context.annotation.internalCommonAnnotationProcessor,redisCacheManager,transactionManager,org.springframework.aop.config.internalAutoProxyCreator,org.springframework.transaction.annotation.AnnotationTransactionAttributeSource#0,org.springframework.transaction.interceptor.TransactionInterceptor#0,org.springframework.transaction.config.internalTransactionAdvisor,jedisPoolConfig,jedisConnectionFactory,redisTemplate,org.springframework.context.annotation.ConfigurationClassPostProcessor.importAwareProcessor]; root of factory hierarchy
22:54:43.104 [main] INFO  o.s.b.f.s.DefaultListableBeanFactory - Destroying singletons in org.springframework.beans.factory.support.DefaultListableBeanFactory@30721965: defining beans [org.springframework.beans.factory.config.PropertyPlaceholderConfigurer#0,dataSource,sqlSessionFactory,org.mybatis.spring.mapper.MapperScannerConfigurer#0,mvcContentNegotiationManager,org.springframework.web.servlet.mvc.method.annotation.RequestMappingHandlerMapping#0,org.springframework.format.support.FormattingConversionServiceFactoryBean#0,org.springframework.web.servlet.mvc.method.annotation.RequestMappingHandlerAdapter#0,org.springframework.web.servlet.handler.MappedInterceptor#0,org.springframework.web.servlet.mvc.method.annotation.ExceptionHandlerExceptionResolver#0,org.springframework.web.servlet.mvc.annotation.ResponseStatusExceptionResolver#0,org.springframework.web.servlet.mvc.support.DefaultHandlerExceptionResolver#0,org.springframework.web.servlet.handler.BeanNameUrlHandlerMapping,org.springframework.web.servlet.mvc.HttpRequestHandlerAdapter,org.springframework.web.servlet.mvc.SimpleControllerHandlerAdapter,imageService,org.springframework.context.annotation.internalConfigurationAnnotationProcessor,org.springframework.context.annotation.internalAutowiredAnnotationProcessor,org.springframework.context.annotation.internalRequiredAnnotationProcessor,org.springframework.context.annotation.internalCommonAnnotationProcessor,redisCacheManager,transactionManager,org.springframework.aop.config.internalAutoProxyCreator,org.springframework.transaction.annotation.AnnotationTransactionAttributeSource#0,org.springframework.transaction.interceptor.TransactionInterceptor#0,org.springframework.transaction.config.internalTransactionAdvisor,jedisPoolConfig,jedisConnectionFactory,redisTemplate,org.springframework.context.annotation.ConfigurationClassPostProcessor.importAwareProcessor]; root of factory hierarchy
22:54:43.145 [main] ERROR o.s.web.context.ContextLoader - Context initialization failed
org.springframework.beans.factory.BeanCreationException: Error creating bean with name 'sqlSessionFactory' defined in file [D:\projects\kkmy\lab\lab-web\target\classes\config\spring-mybatis.xml]: Invocation of init method failed; nested exception is org.springframework.core.NestedIOException: Failed to parse mapping resource: 'file [D:\projects\kkmy\lab\lab-web\target\classes\mappers\ActivityDetailMapper.xml]'; nested exception is org.apache.ibatis.builder.BuilderException: Error parsing Mapper XML. Cause: org.apache.ibatis.builder.BuilderException: Error resolving class. Cause: org.apache.ibatis.type.TypeException: Could not resolve type alias 'com.group.lab.model.ActivityDetail'.  Cause: java.lang.ClassNotFoundException: Cannot find class: com.group.lab.model.ActivityDetail
	at org.springframework.beans.factory.support.AbstractAutowireCapableBeanFactory.initializeBean(AbstractAutowireCapableBeanFactory.java:1482) ~[spring-beans-3.2.4.RELEASE.jar:3.2.4.RELEASE]
	at org.springframework.beans.factory.support.AbstractAutowireCapableBeanFactory.doCreateBean(AbstractAutowireCapableBeanFactory.java:521) ~[spring-beans-3.2.4.RELEASE.jar:3.2.4.RELEASE]
	at org.springframework.beans.factory.support.AbstractAutowireCapableBeanFactory.createBean(AbstractAutowireCapableBeanFactory.java:458) ~[spring-beans-3.2.4.RELEASE.jar:3.2.4.RELEASE]
	at org.springframework.beans.factory.support.AbstractBeanFactory$1.getObject(AbstractBeanFactory.java:295) ~[spring-beans-3.2.4.RELEASE.jar:3.2.4.RELEASE]
	at org.springframework.beans.factory.support.DefaultSingletonBeanRegistry.getSingleton(DefaultSingletonBeanRegistry.java:223) ~[spring-beans-3.2.4.RELEASE.jar:3.2.4.RELEASE]
	at org.springframework.beans.factory.support.AbstractBeanFactory.doGetBean(AbstractBeanFactory.java:292) ~[spring-beans-3.2.4.RELEASE.jar:3.2.4.RELEASE]
	at org.springframework.beans.factory.support.AbstractBeanFactory.getBean(AbstractBeanFactory.java:194) ~[spring-beans-3.2.4.RELEASE.jar:3.2.4.RELEASE]
	at org.springframework.beans.factory.support.DefaultListableBeanFactory.preInstantiateSingletons(DefaultListableBeanFactory.java:610) ~[spring-beans-3.2.4.RELEASE.jar:3.2.4.RELEASE]
	at org.springframework.context.support.AbstractApplicationContext.finishBeanFactoryInitialization(AbstractApplicationContext.java:932) ~[spring-context-3.2.4.RELEASE.jar:3.2.4.RELEASE]
	at org.springframework.context.support.AbstractApplicationContext.refresh(AbstractApplicationContext.java:479) ~[spring-context-3.2.4.RELEASE.jar:3.2.4.RELEASE]
	at org.springframework.web.context.ContextLoader.configureAndRefreshWebApplicationContext(ContextLoader.java:389) ~[spring-web-3.2.4.RELEASE.jar:3.2.4.RELEASE]
	at org.springframework.web.context.ContextLoader.initWebApplicationContext(ContextLoader.java:294) ~[spring-web-3.2.4.RELEASE.jar:3.2.4.RELEASE]
	at org.springframework.web.context.ContextLoaderListener.contextInitialized(ContextLoaderListener.java:112) [spring-web-3.2.4.RELEASE.jar:3.2.4.RELEASE]
	at org.mortbay.jetty.handler.ContextHandler.startContext(ContextHandler.java:549) [jetty-6.1.26.jar:6.1.26]
	at org.mortbay.jetty.servlet.Context.startContext(Context.java:136) [jetty-6.1.26.jar:6.1.26]
	at org.mortbay.jetty.webapp.WebAppContext.startContext(WebAppContext.java:1282) [jetty-6.1.26.jar:6.1.26]
	at org.mortbay.jetty.handler.ContextHandler.doStart(ContextHandler.java:518) [jetty-6.1.26.jar:6.1.26]
	at org.mortbay.jetty.webapp.WebAppContext.doStart(WebAppContext.java:499) [jetty-6.1.26.jar:6.1.26]
	at org.mortbay.component.AbstractLifeCycle.start(AbstractLifeCycle.java:50) [jetty-util-6.1.26.jar:6.1.26]
	at org.mortbay.jetty.handler.HandlerWrapper.doStart(HandlerWrapper.java:130) [jetty-6.1.26.jar:6.1.26]
	at org.mortbay.jetty.Server.doStart(Server.java:224) [jetty-6.1.26.jar:6.1.26]
	at org.mortbay.component.AbstractLifeCycle.start(AbstractLifeCycle.java:50) [jetty-util-6.1.26.jar:6.1.26]
	at runjettyrun.Bootstrap.main(Bootstrap.java:97) [run-jetty-run-bootstrap.jar:na]
Caused by: org.springframework.core.NestedIOException: Failed to parse mapping resource: 'file [D:\projects\kkmy\lab\lab-web\target\classes\mappers\ActivityDetailMapper.xml]'; nested exception is org.apache.ibatis.builder.BuilderException: Error parsing Mapper XML. Cause: org.apache.ibatis.builder.BuilderException: Error resolving class. Cause: org.apache.ibatis.type.TypeException: Could not resolve type alias 'com.group.lab.model.ActivityDetail'.  Cause: java.lang.ClassNotFoundException: Cannot find class: com.group.lab.model.ActivityDetail
	at org.mybatis.spring.SqlSessionFactoryBean.buildSqlSessionFactory(SqlSessionFactoryBean.java:466) ~[mybatis-spring-1.2.2.jar:1.2.2]
	at org.mybatis.spring.SqlSessionFactoryBean.afterPropertiesSet(SqlSessionFactoryBean.java:340) ~[mybatis-spring-1.2.2.jar:1.2.2]
	at org.springframework.beans.factory.support.AbstractAutowireCapableBeanFactory.invokeInitMethods(AbstractAutowireCapableBeanFactory.java:1541) ~[spring-beans-3.2.4.RELEASE.jar:3.2.4.RELEASE]
	at org.springframework.beans.factory.support.AbstractAutowireCapableBeanFactory.initializeBean(AbstractAutowireCapableBeanFactory.java:1479) ~[spring-beans-3.2.4.RELEASE.jar:3.2.4.RELEASE]
	... 22 common frames omitted
Caused by: org.apache.ibatis.builder.BuilderException: Error parsing Mapper XML. Cause: org.apache.ibatis.builder.BuilderException: Error resolving class. Cause: org.apache.ibatis.type.TypeException: Could not resolve type alias 'com.group.lab.model.ActivityDetail'.  Cause: java.lang.ClassNotFoundException: Cannot find class: com.group.lab.model.ActivityDetail
	at org.apache.ibatis.builder.xml.XMLMapperBuilder.configurationElement(XMLMapperBuilder.java:117) ~[mybatis-3.2.4.jar:3.2.4]
	at org.apache.ibatis.builder.xml.XMLMapperBuilder.parse(XMLMapperBuilder.java:89) ~[mybatis-3.2.4.jar:3.2.4]
	at org.mybatis.spring.SqlSessionFactoryBean.buildSqlSessionFactory(SqlSessionFactoryBean.java:464) ~[mybatis-spring-1.2.2.jar:1.2.2]
	... 25 common frames omitted
Caused by: org.apache.ibatis.builder.BuilderException: Error resolving class. Cause: org.apache.ibatis.type.TypeException: Could not resolve type alias 'com.group.lab.model.ActivityDetail'.  Cause: java.lang.ClassNotFoundException: Cannot find class: com.group.lab.model.ActivityDetail
	at org.apache.ibatis.builder.BaseBuilder.resolveClass(BaseBuilder.java:100) ~[mybatis-3.2.4.jar:3.2.4]
	at org.apache.ibatis.builder.xml.XMLMapperBuilder.resultMapElement(XMLMapperBuilder.java:261) ~[mybatis-3.2.4.jar:3.2.4]
	at org.apache.ibatis.builder.xml.XMLMapperBuilder.resultMapElement(XMLMapperBuilder.java:248) ~[mybatis-3.2.4.jar:3.2.4]
	at org.apache.ibatis.builder.xml.XMLMapperBuilder.resultMapElements(XMLMapperBuilder.java:240) ~[mybatis-3.2.4.jar:3.2.4]
	at org.apache.ibatis.builder.xml.XMLMapperBuilder.configurationElement(XMLMapperBuilder.java:113) ~[mybatis-3.2.4.jar:3.2.4]
	... 27 common frames omitted
Caused by: org.apache.ibatis.type.TypeException: Could not resolve type alias 'com.group.lab.model.ActivityDetail'.  Cause: java.lang.ClassNotFoundException: Cannot find class: com.group.lab.model.ActivityDetail
	at org.apache.ibatis.type.TypeAliasRegistry.resolveAlias(TypeAliasRegistry.java:114) ~[mybatis-3.2.4.jar:3.2.4]
	at org.apache.ibatis.builder.BaseBuilder.resolveAlias(BaseBuilder.java:127) ~[mybatis-3.2.4.jar:3.2.4]
	at org.apache.ibatis.builder.BaseBuilder.resolveClass(BaseBuilder.java:98) ~[mybatis-3.2.4.jar:3.2.4]
	... 31 common frames omitted
Caused by: java.lang.ClassNotFoundException: Cannot find class: com.group.lab.model.ActivityDetail
	at org.apache.ibatis.io.ClassLoaderWrapper.classForName(ClassLoaderWrapper.java:188) ~[mybatis-3.2.4.jar:3.2.4]
	at org.apache.ibatis.io.ClassLoaderWrapper.classForName(ClassLoaderWrapper.java:87) ~[mybatis-3.2.4.jar:3.2.4]
	at org.apache.ibatis.io.Resources.classForName(Resources.java:254) ~[mybatis-3.2.4.jar:3.2.4]
	at org.apache.ibatis.type.TypeAliasRegistry.resolveAlias(TypeAliasRegistry.java:110) ~[mybatis-3.2.4.jar:3.2.4]
	... 33 common frames omitted
22:55:13.552 [main] INFO  o.s.web.context.ContextLoader - Root WebApplicationContext: initialization started
22:55:13.667 [main] INFO  o.s.w.c.s.XmlWebApplicationContext - Refreshing Root WebApplicationContext: startup date [Mon Jul 25 22:55:13 CST 2016]; root of context hierarchy
22:55:13.759 [main] INFO  o.s.b.f.xml.XmlBeanDefinitionReader - Loading XML bean definitions from file [D:\projects\kkmy\lab\lab-web\target\classes\config\spring-mybatis.xml]
22:55:13.941 [main] INFO  o.s.b.f.xml.XmlBeanDefinitionReader - Loading XML bean definitions from file [D:\projects\kkmy\lab\lab-web\target\classes\config\spring-service.xml]
22:55:14.452 [main] INFO  o.s.b.f.c.PropertyPlaceholderConfigurer - Loading properties file from class path resource [config/config_test.properties]
22:55:14.521 [main] INFO  o.s.b.f.s.DefaultListableBeanFactory - Pre-instantiating singletons in org.springframework.beans.factory.support.DefaultListableBeanFactory@12e14ebc: defining beans [org.springframework.beans.factory.config.PropertyPlaceholderConfigurer#0,dataSource,sqlSessionFactory,org.mybatis.spring.mapper.MapperScannerConfigurer#0,mvcContentNegotiationManager,org.springframework.web.servlet.mvc.method.annotation.RequestMappingHandlerMapping#0,org.springframework.format.support.FormattingConversionServiceFactoryBean#0,org.springframework.web.servlet.mvc.method.annotation.RequestMappingHandlerAdapter#0,org.springframework.web.servlet.handler.MappedInterceptor#0,org.springframework.web.servlet.mvc.method.annotation.ExceptionHandlerExceptionResolver#0,org.springframework.web.servlet.mvc.annotation.ResponseStatusExceptionResolver#0,org.springframework.web.servlet.mvc.support.DefaultHandlerExceptionResolver#0,org.springframework.web.servlet.handler.BeanNameUrlHandlerMapping,org.springframework.web.servlet.mvc.HttpRequestHandlerAdapter,org.springframework.web.servlet.mvc.SimpleControllerHandlerAdapter,alibaichuanService,buyNewService,imageService,org.springframework.context.annotation.internalConfigurationAnnotationProcessor,org.springframework.context.annotation.internalAutowiredAnnotationProcessor,org.springframework.context.annotation.internalRequiredAnnotationProcessor,org.springframework.context.annotation.internalCommonAnnotationProcessor,redisCacheManager,transactionManager,org.springframework.aop.config.internalAutoProxyCreator,org.springframework.transaction.annotation.AnnotationTransactionAttributeSource#0,org.springframework.transaction.interceptor.TransactionInterceptor#0,org.springframework.transaction.config.internalTransactionAdvisor,jedisPoolConfig,jedisConnectionFactory,redisTemplate,org.springframework.context.annotation.ConfigurationClassPostProcessor.importAwareProcessor,activityDetailMapper,brandFashionMapper,brandMapper,buynewActivityMapper,fashionClassifyMapper,fashionMapper,hotLableMapper,searchMapper,venueMapper]; root of factory hierarchy
22:55:17.030 [main] INFO  o.s.web.context.ContextLoader - Root WebApplicationContext: initialization completed in 3474 ms
22:55:17.087 [main] INFO  o.s.web.servlet.DispatcherServlet - FrameworkServlet 'lab-web': initialization started
22:55:17.090 [main] INFO  o.s.w.c.s.XmlWebApplicationContext - Refreshing WebApplicationContext for namespace 'lab-web-servlet': startup date [Mon Jul 25 22:55:17 CST 2016]; parent: Root WebApplicationContext
22:55:17.091 [main] INFO  o.s.b.f.xml.XmlBeanDefinitionReader - Loading XML bean definitions from class path resource [config/springmvc.xml]
22:55:17.260 [main] INFO  o.s.b.f.s.DefaultListableBeanFactory - Pre-instantiating singletons in org.springframework.beans.factory.support.DefaultListableBeanFactory@1cf7cbd1: defining beans [mvcContentNegotiationManager,org.springframework.web.servlet.mvc.method.annotation.RequestMappingHandlerMapping#0,org.springframework.format.support.FormattingConversionServiceFactoryBean#0,org.springframework.web.servlet.mvc.method.annotation.RequestMappingHandlerAdapter#0,org.springframework.web.servlet.handler.MappedInterceptor#0,org.springframework.web.servlet.mvc.method.annotation.ExceptionHandlerExceptionResolver#0,org.springframework.web.servlet.mvc.annotation.ResponseStatusExceptionResolver#0,org.springframework.web.servlet.mvc.support.DefaultHandlerExceptionResolver#0,org.springframework.web.servlet.handler.BeanNameUrlHandlerMapping,org.springframework.web.servlet.mvc.HttpRequestHandlerAdapter,org.springframework.web.servlet.mvc.SimpleControllerHandlerAdapter,buyNewController,exceptionController,org.springframework.context.annotation.internalConfigurationAnnotationProcessor,org.springframework.context.annotation.internalAutowiredAnnotationProcessor,org.springframework.context.annotation.internalRequiredAnnotationProcessor,org.springframework.context.annotation.internalCommonAnnotationProcessor,viewResolver,org.springframework.context.annotation.ConfigurationClassPostProcessor.importAwareProcessor]; parent: org.springframework.beans.factory.support.DefaultListableBeanFactory@12e14ebc
22:55:17.301 [main] INFO  o.s.w.s.m.m.a.RequestMappingHandlerMapping - Mapped "{[/buynew/V1/search],methods=[],params=[],headers=[],consumes=[],produces=[],custom=[]}" onto public void com.group.lab.controller.BuyNewController.search(javax.servlet.http.HttpServletRequest,javax.servlet.http.HttpServletResponse)
22:55:17.302 [main] INFO  o.s.w.s.m.m.a.RequestMappingHandlerMapping - Mapped "{[/buynew/V1/getActivitys],methods=[],params=[],headers=[],consumes=[],produces=[],custom=[]}" onto public void com.group.lab.controller.BuyNewController.getActivitys(javax.servlet.http.HttpServletRequest,javax.servlet.http.HttpServletResponse)
22:55:17.320 [main] INFO  o.s.w.s.m.m.a.RequestMappingHandlerMapping - Mapped "{[/buynew/V1/getSaleFashions],methods=[],params=[],headers=[],consumes=[],produces=[],custom=[]}" onto public void com.group.lab.controller.BuyNewController.getSaleFashions(javax.servlet.http.HttpServletRequest,javax.servlet.http.HttpServletResponse)
22:55:17.320 [main] INFO  o.s.w.s.m.m.a.RequestMappingHandlerMapping - Mapped "{[/buynew/V1/getMainBrandData],methods=[],params=[],headers=[],consumes=[],produces=[],custom=[]}" onto public void com.group.lab.controller.BuyNewController.getMainBrandData(javax.servlet.http.HttpServletRequest,javax.servlet.http.HttpServletResponse)
22:55:17.321 [main] INFO  o.s.w.s.m.m.a.RequestMappingHandlerMapping - Mapped "{[/buynew/V1/getBrandData],methods=[],params=[],headers=[],consumes=[],produces=[],custom=[]}" onto public void com.group.lab.controller.BuyNewController.getBrandData(javax.servlet.http.HttpServletRequest,javax.servlet.http.HttpServletResponse)
22:55:17.328 [main] INFO  o.s.w.s.m.m.a.RequestMappingHandlerMapping - Mapped "{[/buynew/V1/getVenueData],methods=[],params=[],headers=[],consumes=[],produces=[],custom=[]}" onto public void com.group.lab.controller.BuyNewController.getVenueData(javax.servlet.http.HttpServletRequest,javax.servlet.http.HttpServletResponse)
22:55:17.329 [main] INFO  o.s.w.s.m.m.a.RequestMappingHandlerMapping - Mapped "{[/buynew/V1/getVenues],methods=[],params=[],headers=[],consumes=[],produces=[],custom=[]}" onto public void com.group.lab.controller.BuyNewController.getVenues(javax.servlet.http.HttpServletRequest,javax.servlet.http.HttpServletResponse)
22:55:17.329 [main] INFO  o.s.w.s.m.m.a.RequestMappingHandlerMapping - Mapped "{[/buynew/V1/getVenueBrands],methods=[],params=[],headers=[],consumes=[],produces=[],custom=[]}" onto public void com.group.lab.controller.BuyNewController.getVenueBrands(javax.servlet.http.HttpServletRequest,javax.servlet.http.HttpServletResponse)
22:55:17.330 [main] INFO  o.s.w.s.m.m.a.RequestMappingHandlerMapping - Mapped "{[/buynew/V1/getVenueFashions],methods=[],params=[],headers=[],consumes=[],produces=[],custom=[]}" onto public void com.group.lab.controller.BuyNewController.getVenueFashions(javax.servlet.http.HttpServletRequest,javax.servlet.http.HttpServletResponse)
22:55:17.330 [main] INFO  o.s.w.s.m.m.a.RequestMappingHandlerMapping - Mapped "{[/buynew/V1/getBrands],methods=[],params=[],headers=[],consumes=[],produces=[],custom=[]}" onto public void com.group.lab.controller.BuyNewController.getBrands(javax.servlet.http.HttpServletRequest,javax.servlet.http.HttpServletResponse)
22:55:17.331 [main] INFO  o.s.w.s.m.m.a.RequestMappingHandlerMapping - Mapped "{[/buynew/V1/getBrandFashions],methods=[],params=[],headers=[],consumes=[],produces=[],custom=[]}" onto public void com.group.lab.controller.BuyNewController.getBrandFashions(javax.servlet.http.HttpServletRequest,javax.servlet.http.HttpServletResponse)
22:55:17.331 [main] INFO  o.s.w.s.m.m.a.RequestMappingHandlerMapping - Mapped "{[/buynew/V1/getFashionClassify],methods=[],params=[],headers=[],consumes=[],produces=[],custom=[]}" onto public void com.group.lab.controller.BuyNewController.getFashionClassify(javax.servlet.http.HttpServletRequest,javax.servlet.http.HttpServletResponse)
22:55:17.332 [main] INFO  o.s.w.s.m.m.a.RequestMappingHandlerMapping - Mapped "{[/buynew/V1/getLeafClassify],methods=[],params=[],headers=[],consumes=[],produces=[],custom=[]}" onto public void com.group.lab.controller.BuyNewController.getLeafClassify(javax.servlet.http.HttpServletRequest,javax.servlet.http.HttpServletResponse)
22:55:17.332 [main] INFO  o.s.w.s.m.m.a.RequestMappingHandlerMapping - Mapped "{[/buynew/V1/getHotLabels],methods=[],params=[],headers=[],consumes=[],produces=[],custom=[]}" onto public void com.group.lab.controller.BuyNewController.getHotLabels(javax.servlet.http.HttpServletRequest,javax.servlet.http.HttpServletResponse)
22:55:17.333 [main] INFO  o.s.w.s.m.m.a.RequestMappingHandlerMapping - Mapped "{[/buynew/V1/getHotSearch],methods=[],params=[],headers=[],consumes=[],produces=[],custom=[]}" onto public void com.group.lab.controller.BuyNewController.getHotSearch(javax.servlet.http.HttpServletRequest,javax.servlet.http.HttpServletResponse)
22:55:17.333 [main] INFO  o.s.w.s.m.m.a.RequestMappingHandlerMapping - Mapped "{[/buynew/V1/getActivityDetail],methods=[],params=[],headers=[],consumes=[],produces=[],custom=[]}" onto public void com.group.lab.controller.BuyNewController.getActivityDetail(javax.servlet.http.HttpServletRequest,javax.servlet.http.HttpServletResponse)
22:55:17.482 [main] INFO  o.s.w.s.m.m.a.ExceptionHandlerExceptionResolver - Detected @ExceptionHandler methods in exceptionController
22:55:17.538 [main] INFO  o.s.web.servlet.DispatcherServlet - FrameworkServlet 'lab-web': initialization completed in 451 ms
22:55:59.617 [1111960904@qtp-2067178556-1] INFO  c.g.core.controller.BaseController - ËØ∑Ê±ÇÊé•Âè£ÔºögetSaleFashions
22:55:59.620 [1111960904@qtp-2067178556-1] INFO  c.g.core.controller.BaseController - „Äêtext-- the key:type ,value :hot„Äë
22:55:59.620 [1111960904@qtp-2067178556-1] INFO  c.g.core.controller.BaseController - „Äêtext-- the key:pageNo ,value :1„Äë
23:05:25.153 [1111960904@qtp-2067178556-1] INFO  c.g.core.controller.BaseController - ËØ∑Ê±ÇÊé•Âè£ÔºögetSaleFashions
23:05:25.154 [1111960904@qtp-2067178556-1] INFO  c.g.core.controller.BaseController - „Äêtext-- the key:type ,value :hot„Äë
23:05:25.155 [1111960904@qtp-2067178556-1] INFO  c.g.core.controller.BaseController - „Äêtext-- the key:pageNo ,value :1„Äë
23:05:27.880 [1111960904@qtp-2067178556-1] INFO  c.g.core.controller.BaseController - ËØ∑Ê±ÇÊé•Âè£ÔºögetSaleFashions
23:05:27.880 [1111960904@qtp-2067178556-1] INFO  c.g.core.controller.BaseController - „Äêtext-- the key:type ,value :hot„Äë
23:05:27.880 [1111960904@qtp-2067178556-1] INFO  c.g.core.controller.BaseController - „Äêtext-- the key:pageNo ,value :1„Äë
23:05:55.088 [1300699753@qtp-2067178556-5] INFO  c.g.core.controller.BaseController - ËØ∑Ê±ÇÊé•Âè£ÔºögetSaleFashions
23:05:55.088 [1300699753@qtp-2067178556-5] INFO  c.g.core.controller.BaseController - „Äêtext-- the key:type ,value :hot„Äë
23:05:55.088 [1300699753@qtp-2067178556-5] INFO  c.g.core.controller.BaseController - „Äêtext-- the key:pageNo ,value :1„Äë
23:06:04.120 [1300699753@qtp-2067178556-5] INFO  c.g.core.controller.BaseController - ËØ∑Ê±ÇÊé•Âè£ÔºögetSaleFashions
23:06:04.120 [1300699753@qtp-2067178556-5] INFO  c.g.core.controller.BaseController - „Äêtext-- the key:type ,value :hot„Äë
23:06:04.120 [1300699753@qtp-2067178556-5] INFO  c.g.core.controller.BaseController - „Äêtext-- the key:pageNo ,value :1„Äë
